Command:	mcsta/modest mcsta firewire-pta.jani --props deadline -E delay=30,T=5000 -O out.txt Minimal --epsilon 0
Wallclock time:	600.5635631084442
Return code:	0
Output:




firewire-pta.jani:model: info: firewire-pta is a PTA model.
firewire-pta.jani:variables[3]: info: Expanding variable "w12" into 10 locations in automaton "wire12".
firewire-pta.jani:variables[6]: info: Expanding variable "s1" into 9 locations in automaton "node1".
firewire-pta.jani:variables[8]: info: Expanding variable "w21" into 10 locations in automaton "wire21".
firewire-pta.jani:variables[11]: info: Expanding variable "s2" into 9 locations in automaton "node2".
firewire-pta.jani: info: Need 24 bytes per state.
firewire-pta.jani: info: Explored 4432272 states for delay=30, T=5000.
firewire-pta.jani: warning: Value iteration for property "deadline" was aborted before convergence.

Peak memory usage: 638 MB
Analysis results for firewire-pta.jani
Experiment delay=30, T=5000

+ State space exploration
  State size:  24 bytes
  States:      4432272
  Transitions: 5529800
  Branches:    5533832
  Rate:        232397 states/s
  Time:        20.9 s

+ Property deadline
  Probability: NaN
  CDF:         { (0, 0), ..., (1695, 0) }
  Time:        579.0 s

  + Value iteration
    Status:      Cancelled
    Final error: 1
    Iterations:  3564
    Time:        578.6 s

Exported results to file "/out.txt".

##############################Output to stderr##############################
The Modest Toolset (www.modestchecker.net), version v3.1.37-g70ec9956e.


############################## Notes ##############################
Correctness of result is not checked because no reference result is available.
