Command:	mcsta/modest mcsta haddad-monmege.jani -E N=100,p=0.7 --props target -O out.txt Minimal --unsafe --es -S Memory --epsilon 0 --p0 --p1
Wallclock time:	600.0175030231476
Return code:	0
Output:




haddad-monmege.jani:model: info: haddad-monmege is a DTMC model.
haddad-monmege.jani: info: Need 2 bytes per state.
haddad-monmege.jani: info: Explored 201 states for N=100, p=0.7.
haddad-monmege.jani: warning: Value iteration for property "target" was aborted before convergence.

Peak memory usage: 51 MB
Analysis results for haddad-monmege.jani
Experiment N=100, p=0.7

+ State space exploration
  State size:  2 bytes
  States:      201
  Transitions: 201
  Branches:    400
  Rate:        5289 states/s
  Time:        0.0 s

+ Property target
  Probability: 7.127651565702865E-23
  Bounds:      [7.127651565702865E-23, 1]
  Time:        599.5 s

  + Precomputations
    Min. prob. 0 states:          1
    Time for min. prob. 0 states: 0.0 s
    Min. prob. 1 states:          1
    Time for min. prob. 1 states: 0.0 s

  + Essential states
    Iterations:       1
    Essential states: 201
    Transitions:      201
    Branches:         400
    Time:             0.0 s

  + Value iteration
    Status:      Cancelled
    Final error: 1.5494658911807113E-08
    Iterations:  64538370
    Time:        599.5 s

Exported results to file "/out.txt".

##############################Output to stderr##############################
The Modest Toolset (www.modestchecker.net), version v3.1.42-gb5e9d523c.

