Command:	mcsta/modest mcsta firewire-pta.jani -E delay=30,T=5000 --props deadline -O out.txt Minimal --unsafe --es -S Memory --no-partial-results --reward-bounded-alg StateElimination
Wallclock time:	468.30952548980713
Return code:	0
Output:




firewire-pta.jani:model: info: firewire-pta is a PTA model.
firewire-pta.jani:variables[3]: info: Expanding variable "w12" into 10 locations in automaton "wire12".
firewire-pta.jani:variables[6]: info: Expanding variable "s1" into 9 locations in automaton "node1".
firewire-pta.jani:variables[8]: info: Expanding variable "w21" into 10 locations in automaton "wire21".
firewire-pta.jani:variables[11]: info: Expanding variable "s2" into 9 locations in automaton "node2".
firewire-pta.jani: info: Need 24 bytes per state.
firewire-pta.jani: info: Explored 4432272 states for delay=30, T=5000.

Peak memory usage: 10536 MB
Analysis results for firewire-pta.jani
Experiment delay=30, T=5000

+ State space exploration
  State size:  24 bytes
  States:      4432272
  Transitions: 5529800
  Branches:    5533832
  Rate:        345731 states/s
  Time:        13.3 s

+ Property deadline
  Probability: 0
  Bounds:      [0, 0]
  CDF:         { (0, 0), ..., (5000, 0) }
  Time:        454.4 s

  + Essential states
    Iterations:       3
    Essential states: 4410041
    Transitions:      5507557
    Branches:         5511589
    Time:             1.2 s

  + State elimination
    States:      4213742
    Transitions: 15792578
    Branches:    43185494
    Time:        92.7 s

  + Value iteration
    Time: 360.4 s

Exported results to file "/out.txt".

##############################Output to stderr##############################
The Modest Toolset (www.modestchecker.net), version v3.1.42-gb5e9d523c.


############################## Notes ##############################
Correctness of result is not checked because no reference result is available.
