Command:	mcsta/modest mcsta readers-writers.40.jani --props exp_time_many_requests -O out.txt Minimal --unsafe --es -S Memory --no-partial-results
Wallclock time:	19.199933528900146
Return code:	0
Output:




readers-writers.40.jani:model: info: ReadersWriters is an MA model.
readers-writers.40.jani: info: Need 16 bytes per state.
readers-writers.40.jani: info: Explored 1884366 states.
readers-writers.40.jani:properties[1]: warning: Computing minimum expected reward in property "exp_time_many_requests" without checking for zero-reward end components.

Peak memory usage: 694 MB
Analysis results for readers-writers.40.jani

+ State space exploration
  State size:  16 bytes
  States:      1884366
  Transitions: 1884366
  Branches:    3815040
  Rate:        511778 states/s
  Time:        3.9 s

+ Property exp_time_many_requests
  Value:  3.729223012753398
  Bounds: [3.729223012753398, infinity)
  Time:   14.8 s

  + Precomputations
    Max. prob. 1 states:          1884366
    Time for max. prob. 1 states: 3.5 s

  + Essential states
    Iterations:       3
    Essential states: 1347484
    Transitions:      1347484
    Branches:         3278158
    Time:             0.6 s

  + Value iteration
    Final error: 9.622158814323478E-07
    Iterations:  170
    Time:        10.6 s

Exported results to file "/out.txt".

##############################Output to stderr##############################
The Modest Toolset (www.modestchecker.net), version v3.1.42-gb5e9d523c.

