Command:	mcsta/modest mcsta egl.jani -E N=10,L=2 --props messagesB -O out.txt Minimal --unsafe --es -S Memory --no-partial-results --epsilon 0 --absolute-epsilon
Wallclock time:	291.33624744415283
Return code:	0
Output:




egl.jani:model: info: egl is a DTMC model.
egl.jani: info: Need 88 bytes per state.
egl.jani: info: Explored 66060286 states for N=10, L=2.

Peak memory usage: 11650 MB
Analysis results for egl.jani
Experiment N=10, L=2

+ State space exploration
  State size:  88 bytes
  States:      66060286
  Transitions: 66060286
  Branches:    67108861
  Rate:        258735 states/s
  Time:        269.2 s

+ Property messagesB
  Value:  4.010732650756836
  Bounds: [4.010732650756836, 4.010732650756836]
  Time:   19.7 s

  + Precomputations
    Min. prob. 0 states:          0
    Time for min. prob. 0 states: 3.1 s
    Min. prob. 1 states:          66060286
    Time for min. prob. 1 states: 2.8 s

  + Essential states
    Iterations:       2
    Essential states: 3
    Transitions:      3
    Branches:         4
    Time:             13.6 s

  + Value iteration
    Final error: 0
    Iterations:  2
    Time:        0.0 s

Exported results to file "/out.txt".

##############################Output to stderr##############################
The Modest Toolset (www.modestchecker.net), version v3.1.42-gb5e9d523c.

