Command:	mcsta/modest mcsta egl.jani -E N=10,L=2 --props messagesB -O out.txt Minimal --unsafe --es -S Hybrid --store-compress None --epsilon 0
Wallclock time:	286.30018615722656
Return code:	0
Output:




egl.jani:model: info: egl is a DTMC model.
egl.jani: info: Need 88 bytes per state.
egl.jani: info: Explored 66060286 states for N=10, L=2.

Peak memory usage: 10566 MB
Analysis results for egl.jani
Experiment N=10, L=2

+ State space exploration
  State size:  88 bytes
  States:      66060286
  Transitions: 66060286
  Branches:    67108861
  Rate:        263144 states/s
  Time:        268.6 s

+ Property messagesB
  Value:  4.010732650756836
  Bounds: [4.010732650756836, 4.010732650756836]
  Time:   16.1 s

  + Precomputations
    Min. prob. 0 states:          0
    Time for min. prob. 0 states: 3.2 s
    Min. prob. 1 states:          66060286
    Time for min. prob. 1 states: 3.0 s

  + Essential states
    Iterations:       2
    Essential states: 3
    Transitions:      3
    Branches:         4
    Time:             10.0 s

  + Value iteration
    Final error: 0
    Iterations:  2
    Time:        0.0 s

Exported results to file "/out.txt".

##############################Output to stderr##############################
The Modest Toolset (www.modestchecker.net), version v3.1.42-gb5e9d523c.

