Command:	mcsta/modest mcsta egl.jani -E N=10,L=8 --props unfairA -O out.txt Minimal --unsafe --es -S Hybrid --store-compress None --no-partial-results --p0 --p1 --epsilon 0 --absolute-epsilon
Wallclock time:	1409.2800030708313
Return code:	0
Output:




egl.jani:model: info: egl is a DTMC model.
egl.jani: info: Need 88 bytes per state.
egl.jani: info: Explored 234281097 states for N=10, L=8.

Peak memory usage: 11645 MB
Analysis results for egl.jani
Experiment N=10, L=8

+ State space exploration
  State size:  88 bytes
  States:      234281097
  Transitions: 234281097
  Branches:    235329672
  Rate:        235421 states/s
  Time:        1099.3 s

+ Property unfairA
  Probability: 0.50048828125
  Bounds:      [0.50048828125, 0.50048828125]
  Time:        307.4 s

  + Precomputations
    Min. prob. 0 states:          159227392
    Time for min. prob. 0 states: 162.8 s
    Min. prob. 1 states:          75052170
    Time for min. prob. 1 states: 71.9 s

  + Essential states
    Iterations:       1
    Essential states: 1537
    Transitions:      1537
    Branches:         3072
    Time:             72.3 s

  + Value iteration
    Final error: 0
    Iterations:  2
    Time:        0.0 s

Exported results to file "/out.txt".

##############################Output to stderr##############################
The Modest Toolset (www.modestchecker.net), version v3.1.42-gb5e9d523c.

