Command:	mcsta/modest mcsta wlan-large.jani --props P_max -E K=2 -O out.txt Minimal --unsafe --no-partial-results --epsilon 0 --absolute-epsilon --p0 --p1 -S Memory
Wallclock time:	230.5843846797943
Return code:	0
Output:




wlan-large.jani:model: info: wlan-large is an STA model.
wlan-large.jani: info: Need 16 bytes per state.
wlan-large.jani: info: Explored 761958 states for K=2.

Peak memory usage: 265 MB
Analysis results for wlan-large.jani
Experiment K=2

+ State space exploration
  State size:  16 bytes
  States:      761958
  Transitions: 1505953
  Branches:    1507007
  Rate:        229852 states/s
  Time:        3.4 s

+ Property P_max
  Probability: 0.0625
  Bounds:      [0.0625, 0.0625]
  Time:        226.2 s

  + Precomputations
    Max. prob. 0 states:          597791
    Time for max. prob. 0 states: 1.2 s
    Max. prob. 1 states:          79420
    Time for max. prob. 1 states: 224.8 s

  + Value iteration
    Final error: 0
    Iterations:  3
    Time:        0.1 s

Exported results to file "/out.txt".

##############################Output to stderr##############################
The Modest Toolset (www.modestchecker.net), version v3.1.37-g70ec9956e.

