Command:	mcsta/modest mcsta tireworld.45.jani --props goal -O out.txt Minimal --unsafe --no-partial-results --width 5e-2 --relative-width --alg OptimisticValueIteration --epsilon 5e-2 -S Disk --store-compress None
Wallclock time:	386.99603962898254
Return code:	0
Output:




tireworld.45.jani:model: info: jani_from_ppddl is an MDP model.
tireworld.45.jani: info: Need 24 bytes per state.
tireworld.45.jani: info: Explored 46137256 states.

Peak memory usage: 6942 MB
Analysis results for tireworld.45.jani

+ State space exploration
  State size:  24 bytes
  States:      46137256
  Transitions: 105905930
  Branches:    192413242
  Rate:        225191 states/s
  Time:        245.9 s

+ Property goal
  Probability: 0.9362624566555023
  Bounds:      [0.9359999542236328, 0.9365249590873719]
  Time:        139.6 s

  + Optimistic value iteration
    Total iterations:  27
    Verif. attempts:   2
    Verif. iterations: 11
    Final epsilon:     0.007634541262166772
    Time:              137.3 s

Exported results to file "/out.txt".

##############################Output to stderr##############################
The Modest Toolset (www.modestchecker.net), version v3.1.37-g70ec9956e.

