Command:	mcsta/modest mcsta wlan.6.jani --props cost_min -E COL=0 -O out.txt Minimal --unsafe --epsilon 0 -S Memory
Wallclock time:	600.4789068698883
Return code:	0
Output:




wlan.6.jani:model: info: wlan.6 is an MDP model.
wlan.6.jani:variables[7]: info: Expanding variable "s1" into 12 locations in automaton "station1".
wlan.6.jani:variables[12]: info: Expanding variable "s2" into 12 locations in automaton "station2".
wlan.6.jani: info: Need 16 bytes per state.
wlan.6.jani: info: Explored 5007548 states for COL=0.

Peak memory usage: 1593 MB
Analysis results for wlan.6.jani
Experiment COL=0

+ State space exploration
  State size:  16 bytes
  States:      5007548
  Transitions: 6350470
  Branches:    11475748
  Rate:        421759 states/s
  Time:        12.5 s

Exported results to file "/out.txt".

##############################Output to stderr##############################
The Modest Toolset (www.modestchecker.net), version v3.1.37-g70ec9956e.


############################## Notes ##############################
Unable to obtain tool result.
