Command:	mcsta/modest mcsta zenotravel.4-2-2.jani --props goal -O out.txt Minimal --unsafe --epsilon 0 -S Memory
Wallclock time:	63.34379267692566
Return code:	0
Output:




zenotravel.4-2-2.jani:model: info: jani_from_ppddl is an MDP model.
zenotravel.4-2-2.jani: info: Need 16 bytes per state.
zenotravel.4-2-2.jani: info: Explored 459900 states.

Peak memory usage: 362 MB
Analysis results for zenotravel.4-2-2.jani

+ State space exploration
  State size:  16 bytes
  States:      459900
  Transitions: 2976444
  Branches:    3818556
  Rate:        52759 states/s
  Time:        8.9 s

+ Property goal
  Probability: 0.9999999999999992
  Bounds:      [0.9999999999999992, 0.9999999999999992]
  Time:        53.8 s

  + Value iteration
    Final error: 0
    Iterations:  990
    Time:        53.7 s

Exported results to file "/out.txt".

##############################Output to stderr##############################
The Modest Toolset (www.modestchecker.net), version v3.1.37-g70ec9956e.

