Command:	mcsta/modest mcsta csma.3-4.jani --props all_before_max -O out.txt Minimal --unsafe --no-partial-results --width 1e-6 --relative-width --alg OptimisticValueIteration --epsilon 1e-6 -S Memory
Wallclock time:	9.406142473220825
Return code:	0
Output:




csma.3-4.jani:model: info: csma.3-4 is an MDP model.
csma.3-4.jani: info: Need 24 bytes per state.
csma.3-4.jani: info: Explored 1459469 states.

Peak memory usage: 430 MB
Analysis results for csma.3-4.jani

+ State space exploration
  State size:  24 bytes
  States:      1459469
  Transitions: 1469580
  Branches:    2395050
  Rate:        324759 states/s
  Time:        4.6 s

+ Property all_before_max
  Probability: 0.9324469288496879
  Bounds:      [0.9324469288458123, 0.9324469288535635]
  Time:        4.2 s

  + Optimistic value iteration
    Total iterations:  73
    Verif. attempts:   1
    Verif. iterations: 18
    Final epsilon:     1E-06
    Time:              4.2 s

Exported results to file "/out.txt".

##############################Output to stderr##############################
The Modest Toolset (www.modestchecker.net), version v3.1.37-g70ec9956e.

