Command:	mcsta/modest mcsta crowds.jani --props positive -E TotalRuns=5,CrowdSize=20 -O out.txt Minimal --no-partial-results --width 1e-6 --relative-width --alg OptimisticValueIteration --epsilon 1e-6
Wallclock time:	18.294049739837646
Return code:	0
Output:




crowds.jani:model: info: crowds is a DTMC model.
crowds.jani: info: Need 40 bytes per state.
crowds.jani: warning: The probabilities for a transition do not sum up to 1. Results will likely be affected by floating-point errors.
crowds.jani: info: Explored 2018094 states for TotalRuns=5, CrowdSize=20.

Peak memory usage: 362 MB
Analysis results for crowds.jani
Experiment TotalRuns=5, CrowdSize=20

+ State space exploration
  State size:  40 bytes
  States:      2018094
  Transitions: 2018094
  Branches:    7224834
  Rate:        217256 states/s
  Time:        10.8 s

+ Property positive
  Probability: 0.08606910446098197
  Bounds:      [0.08606904815340224, 0.08606916076856169]
  Time:        6.4 s

  + Optimistic value iteration
    Total iterations:  70
    Verif. attempts:   2
    Verif. iterations: 8
    Final epsilon:     1.2125355883762495E-07
    Time:              6.2 s

Exported results to file "/out.txt".

##############################Output to stderr##############################
The Modest Toolset (www.modestchecker.net), version v3.1.37-g70ec9956e.

