Command:	mcsta/modest mcsta csma.4-2.jani --props time_max -O out.txt Minimal --unsafe --es -S Memory --no-partial-results --alg OptimisticValueIteration --epsilon 5e-2 --width 5e-2 --relative-width
Wallclock time:	4.1895482540130615
Return code:	0
Output:




csma.4-2.jani:model: info: csma.4-2 is an MDP model.
csma.4-2.jani: info: Need 24 bytes per state.
csma.4-2.jani: info: Explored 761962 states.

Peak memory usage: 280 MB
Analysis results for csma.4-2.jani

+ State space exploration
  State size:  24 bytes
  States:      761962
  Transitions: 825504
  Branches:    1327068
  Rate:        271257 states/s
  Time:        2.9 s

+ Property time_max
  Value:  143.54690125733208
  Bounds: [141.87009626562303, 145.22370624904113]
  Time:   0.7 s

  + Precomputations
    Min. prob. 0 states:          0
    Time for min. prob. 0 states: 0.2 s
    Min. prob. 1 states:          761962
    Time for min. prob. 1 states: 0.0 s

  + Essential states
    Iterations:       8
    Essential states: 159781
    Transitions:      220934
    Branches:         688718
    Time:             0.3 s

  + Optimistic value iteration
    Total iterations:  12
    Verif. attempts:   1
    Verif. iterations: 5
    Final epsilon:     0.05
    Time:              0.1 s

Exported results to file "/out.txt".

##############################Output to stderr##############################
The Modest Toolset (www.modestchecker.net), version v3.1.42-gb5e9d523c.

