Command:	mcsta/modest mcsta pacman.jani --props crash -E MAXSTEPS=100 -O out.txt Minimal --unsafe --no-partial-results --width 5e-2 --relative-width --alg OptimisticValueIteration --epsilon 5e-2 --store-compress None
Wallclock time:	308.90585470199585
Return code:	0
Output:




pacman.jani:model: info: pacman is an MDP model.
pacman.jani:variables[1]: info: Expanding variable "pMove" into 3 locations in automaton "arbiter".
pacman.jani: info: Need 16 bytes per state.
pacman.jani: info: Explored 16115358 states for MAXSTEPS=100.

Peak memory usage: 1598 MB
Analysis results for pacman.jani
Experiment MAXSTEPS=100

+ State space exploration
  State size:  16 bytes
  States:      16115358
  Transitions: 20214527
  Branches:    22140403
  Rate:        54370 states/s
  Time:        301.2 s

+ Property crash
  Probability: 0.5511176224662503
  Bounds:      [0.5511176224662503, 0.5511176224662503]
  Time:        3.7 s

  + Optimistic value iteration
    Total iterations:  3
    Verif. attempts:   1
    Verif. iterations: 1
    Final epsilon:     0.05
    Time:              2.7 s

Exported results to file "/out.txt".

##############################Output to stderr##############################
The Modest Toolset (www.modestchecker.net), version v3.1.37-g70ec9956e.

