Command:	mcsta/modest mcsta echoring.jani -E ITERATIONS=100 --props MaxOffline1 -O out.txt Minimal --unsafe --es -S Memory --no-partial-results --p0 --p1 --epsilon 0 --absolute-epsilon
Wallclock time:	19.47104835510254
Return code:	0
Output:




echoring.jani:model: info: echoring is an MDP model.
echoring.jani: info: Need 48 bytes per state.
echoring.jani: info: Explored 836418 states for ITERATIONS=100.

Peak memory usage: 307 MB
Analysis results for echoring.jani
Experiment ITERATIONS=100

+ State space exploration
  State size:  48 bytes
  States:      836418
  Transitions: 1339820
  Branches:    1489542
  Rate:        225207 states/s
  Time:        3.8 s

+ Property MaxOffline1
  Probability: 1.0500830197776424E-06
  Bounds:      [1.0500830197776424E-06, 1.0500830197776424E-06]
  Time:        14.3 s

  + Precomputations
    Max. prob. 0 states:          392406
    Time for max. prob. 0 states: 0.2 s
    Max. prob. 1 states:          7931
    Time for max. prob. 1 states: 13.9 s

  + Essential states
    Iterations:       4
    Essential states: 76010
    Transitions:      128425
    Branches:         183767
    Time:             0.2 s

  + Value iteration
    Final error: 0
    Iterations:  13
    Time:        0.1 s

Exported results to file "/out.txt".

##############################Output to stderr##############################
The Modest Toolset (www.modestchecker.net), version v3.1.42-gb5e9d523c.

