Command:	mcsta/modest mcsta beb.4-8.jani --props LineSeized -E N=7 -O out.txt Minimal --unsafe --epsilon 0 -S Memory
Wallclock time:	73.08464527130127
Return code:	0
Output:




beb.4-8.jani:model: info: beb-4-8 is an MDP model.
beb.4-8.jani: info: Need 24 bytes per state.
beb.4-8.jani: info: Explored 19401892 states for N=7.

Peak memory usage: 4994 MB
Analysis results for beb.4-8.jani
Experiment N=7

+ State space exploration
  State size:  24 bytes
  States:      19401892
  Transitions: 20164086
  Branches:    34723782
  Rate:        473540 states/s
  Time:        42.7 s

+ Property LineSeized
  Probability: 0.999885498452205
  Bounds:      [0.999885498452205, 0.999885498452205]
  Time:        29.5 s

  + Value iteration
    Final error: 0
    Iterations:  38
    Time:        29.5 s

Exported results to file "/out.txt".

##############################Output to stderr##############################
The Modest Toolset (www.modestchecker.net), version v3.1.37-g70ec9956e.

