Command:	mcsta/modest mcsta rectangle-tireworld.11.jani --props goal -O out.txt Minimal --unsafe --epsilon 0 -S Memory
Wallclock time:	7.487970352172852
Return code:	0
Output:




rectangle-tireworld.11.jani:model: info: jani_from_ppddl is an MDP model.
rectangle-tireworld.11.jani:variables[2]: info: Expanding variable "var2" into 11 locations in automaton "aut".
rectangle-tireworld.11.jani: info: Need 4 bytes per state.
rectangle-tireworld.11.jani: info: Explored 242 states.

Peak memory usage: 359 MB
Analysis results for rectangle-tireworld.11.jani

+ State space exploration
  State size:  4 bytes
  States:      242
  Transitions: 15367
  Branches:    16084
  Rate:        896 states/s
  Time:        0.3 s

+ Property goal
  Probability: 1
  Bounds:      [1, 1]
  Time:        0.0 s

  + Value iteration
    Final error: 0
    Iterations:  41
    Time:        0.0 s

Exported results to file "/out.txt".

##############################Output to stderr##############################
The Modest Toolset (www.modestchecker.net), version v3.1.37-g70ec9956e.

