Command:	mcsta/modest mcsta zeroconf.jani --props correct_min -E N=1000,K=8,reset=false -O out.txt Minimal --unsafe --no-partial-results --width 5e-2 --relative-width --alg OptimisticValueIteration --epsilon 5e-2 -S Memory
Wallclock time:	13.931807041168213
Return code:	0
Output:




zeroconf.jani:model: info: zeroconf is an MDP model.
zeroconf.jani:variables[21]: info: Expanding variable "l" into 5 locations in automaton "host0".
zeroconf.jani: info: Need 24 bytes per state.
zeroconf.jani: info: Explored 1868787 states for N=1000, K=8, reset=False.

Peak memory usage: 622 MB
Analysis results for zeroconf.jani
Experiment N=1000, K=8, reset=False

+ State space exploration
  State size:  24 bytes
  States:      1868787
  Transitions: 3430379
  Branches:    4224736
  Rate:        392767 states/s
  Time:        5.0 s

+ Property correct_min
  Probability: 5.040120599819111E-09
  Bounds:      [5.040105212929842E-09, 5.04013598670838E-09]
  Time:        8.4 s

  + Optimistic value iteration
    Total iterations:  57
    Verif. attempts:   1
    Verif. iterations: 10
    Final epsilon:     0.05
    Time:              8.3 s

Exported results to file "/out.txt".

##############################Output to stderr##############################
The Modest Toolset (www.modestchecker.net), version v3.1.37-g70ec9956e.

