Command:	mcsta/modest mcsta philosophers.20.jani -E TIME_BOUND=1 --props MaxPrReachDeadlock -O out.txt Minimal --unsafe --es -S Hybrid --store-compress None --no-partial-results --p0 --p1
Wallclock time:	1311.3094158172607
Return code:	0
Output:




philosophers.20.jani:model: info: Philosophers20 is a CTMC model.
philosophers.20.jani: info: Need 88 bytes per state.
philosophers.20.jani: info: Explored 45239074 states for TIME_BOUND=1.0.

Peak memory usage: 11560 MB
Analysis results for philosophers.20.jani
Experiment TIME_BOUND=1.0

+ State space exploration
  State size:  88 bytes
  States:      45239074
  Transitions: 45239074
  Branches:    584892921
  Rate:        66417 states/s
  Time:        841.4 s

+ Property MaxPrReachDeadlock
  Probability: 1
  Time:        467.7 s

  + Precomputations
    Min. prob. 0 states:          0
    Time for min. prob. 0 states: 399.6 s
    Min. prob. 1 states:          45239074
    Time for min. prob. 1 states: 67.9 s

Exported results to file "/out.txt".

##############################Output to stderr##############################
The Modest Toolset (www.modestchecker.net), version v3.1.42-gb5e9d523c.

