Command:	mcsta/modest mcsta wlan-large.jani -E K=2 --props P_max -O out.txt Minimal --unsafe --es -S Memory --no-partial-results --alg OptimisticValueIteration --epsilon 5e-2 --width 5e-2 --relative-width
Wallclock time:	4.868288040161133
Return code:	0
Output:




wlan-large.jani:model: info: wlan-large is an STA model.
wlan-large.jani: info: Need 16 bytes per state.
wlan-large.jani: info: Explored 761958 states for K=2.

Peak memory usage: 270 MB
Analysis results for wlan-large.jani
Experiment K=2

+ State space exploration
  State size:  16 bytes
  States:      761958
  Transitions: 1505953
  Branches:    1507007
  Rate:        222599 states/s
  Time:        3.5 s

+ Property P_max
  Probability: 0.06562499999999999
  Bounds:      [0.0625, 0.06874999999999999]
  Time:        0.3 s

  + Essential states
    Iterations:       8
    Essential states: 93024
    Transitions:      216996
    Branches:         217960
    Time:             0.3 s

  + Optimistic value iteration
    Total iterations:  4
    Verif. attempts:   1
    Verif. iterations: 1
    Final epsilon:     0.05
    Time:              0.0 s

Exported results to file "/out.txt".

##############################Output to stderr##############################
The Modest Toolset (www.modestchecker.net), version v3.1.42-gb5e9d523c.

