Command:	mcsta/modest mcsta egl.jani --props unfairA -E N=10,L=8 -O out.txt Minimal --no-partial-results --width 5e-2 --relative-width --alg OptimisticValueIteration --epsilon 5e-2
Wallclock time:	1800.8963556289673
Return code:	None
Output:




egl.jani:model: info: egl is a DTMC model.
egl.jani: info: Need 88 bytes per state.
egl.jani: info: Explored 234281097 states for N=10, L=8.

Peak memory usage: 11632 MB
Analysis results for egl.jani
Experiment N=10, L=8

+ State space exploration
  State size:  88 bytes
  States:      234281097
  Transitions: 234281097
  Branches:    235329672
  Rate:        186335 states/s
  Time:        1367.1 s

+ Property unfairA
  Probability: 0.50048828125
  Bounds:      [0.50048828125, 0.50048828125]
  Time:        431.6 s

  + Optimistic value iteration
    Total iterations:  3
    Verif. attempts:   1
    Verif. iterations: 1
    Final epsilon:     0.05
    Time:              431.2 s

Exported results to file "/out.txt".

##############################Output to stderr##############################
The Modest Toolset (www.modestchecker.net), version v3.1.37-g70ec9956e.


----------
Computation aborted after 1800.8963556289673 seconds since the total time limit of 1800 seconds was exceeded.
