Command:	mcsta/modest mcsta dpm.jani --props PminQueue1Full -E N=6,C=6,TIME_BOUND=5 -O out.txt Minimal --unsafe --no-partial-results --width 1e-6 --relative-width --alg OptimisticValueIteration --epsilon 1e-6 -S Memory
Wallclock time:	28.88340663909912
Return code:	0
Output:




dpm.jani:model: info: dpm is an MA model.
dpm.jani: info: Need 16 bytes per state.
dpm.jani: info: Explored 9191028 states for N=6, C=6, TIME_BOUND=5.0.

Peak memory usage: 2472 MB
Analysis results for dpm.jani
Experiment N=6, C=6, TIME_BOUND=5.0

+ State space exploration
  State size:  16 bytes
  States:      9191028
  Transitions: 10604874
  Branches:    17865498
  Rate:        489562 states/s
  Time:        19.7 s

+ Property PminQueue1Full
  Probability: 0.02696611365275823
  Bounds:      [0.026966107579904818, 0.02696611972561164]
  Time:        8.6 s

  + Optimistic value iteration
    Total iterations:  23
    Verif. attempts:   1
    Verif. iterations: 2
    Final epsilon:     1E-06
    Time:              8.6 s

Exported results to file "/out.txt".

##############################Output to stderr##############################
The Modest Toolset (www.modestchecker.net), version v3.1.37-g70ec9956e.

