Command:	mcsta/modest mcsta firewire-pta.jani --props deadline -E delay=30,T=5000 -O out.txt Minimal --unsafe --no-partial-results --epsilon 0 --absolute-epsilon --p0 -S Memory
Wallclock time:	1768.261378288269
Return code:	0
Output:




firewire-pta.jani:model: info: firewire-pta is a PTA model.
firewire-pta.jani:variables[3]: info: Expanding variable "w12" into 10 locations in automaton "wire12".
firewire-pta.jani:variables[6]: info: Expanding variable "s1" into 9 locations in automaton "node1".
firewire-pta.jani:variables[8]: info: Expanding variable "w21" into 10 locations in automaton "wire21".
firewire-pta.jani:variables[11]: info: Expanding variable "s2" into 9 locations in automaton "node2".
firewire-pta.jani: info: Need 24 bytes per state.
firewire-pta.jani: info: Explored 4432272 states for delay=30, T=5000.

Peak memory usage: 1211 MB
Analysis results for firewire-pta.jani
Experiment delay=30, T=5000

+ State space exploration
  State size:  24 bytes
  States:      4432272
  Transitions: 5529800
  Branches:    5533832
  Rate:        350904 states/s
  Time:        13.1 s

+ Property deadline
  Probability: 0.8515625
  Bounds:      [0.8515625, 0.8515625]
  CDF:         { (0, 0), ..., (1699, 0), (1700, 0.5), ..., (2579, 0.5), (2580, 0.625), ..., (3399, 0.625), (3400, 0.75), ..., (3459, 0.75), (3460, 0.78125), ..., (4279, 0.78125), (4280, 0.84375), ..., (4339, 0.84375), (4340, 0.8515625), ..., (5000, 0.8515625) }
  Time:        1754.5 s

  + Precomputations
    Min. prob. 0 states:          0
    Time for min. prob. 0 states: 4.6 s

  + Value iteration
    Final error: 0
    Iterations:  10793
    Time:        1749.9 s

Exported results to file "/out.txt".

##############################Output to stderr##############################
The Modest Toolset (www.modestchecker.net), version v3.1.37-g70ec9956e.


############################## Notes ##############################
Correctness of result is not checked because no reference result is available.
