Command:	mcsta/modest mcsta wlan.4.jani --props cost_min -E COL=0 -O out.txt Minimal --epsilon 0
Wallclock time:	20.753516674041748
Return code:	0
Output:




wlan.4.jani:model: info: wlan.4 is an MDP model.
wlan.4.jani:variables[7]: info: Expanding variable "s1" into 12 locations in automaton "station1".
wlan.4.jani:variables[12]: info: Expanding variable "s2" into 12 locations in automaton "station2".
wlan.4.jani: info: Need 16 bytes per state.
wlan.4.jani: info: Explored 345000 states for COL=0.
wlan.4.jani:properties[2]: warning: Computing minimum expected reward in property "cost_min" without checking for zero-reward end components.

Peak memory usage: 107 MB
Analysis results for wlan.4.jani
Experiment COL=0

+ State space exploration
  State size:  16 bytes
  States:      345000
  Transitions: 440206
  Branches:    762252
  Rate:        194585 states/s
  Time:        2.0 s

+ Property cost_min
  Value:  7625
  Bounds: [7625, infinity)
  Time:   17.9 s

  + Precomputations
    Max. prob. 1 states:          345000
    Time for max. prob. 1 states: 13.9 s

  + Value iteration
    Final error: 0
    Iterations:  268
    Time:        4.0 s

Exported results to file "/out.txt".

##############################Output to stderr##############################
The Modest Toolset (www.modestchecker.net), version v3.1.37-g70ec9956e.

