Command:	mcsta/modest mcsta pacman.jani --props crash -E MAXSTEPS=100 -O out.txt Minimal --no-partial-results --epsilon 0 --absolute-epsilon --p0 --p1
Wallclock time:	338.4787423610687
Return code:	0
Output:




pacman.jani:model: info: pacman is an MDP model.
pacman.jani:variables[1]: info: Expanding variable "pMove" into 3 locations in automaton "arbiter".
pacman.jani: info: Need 16 bytes per state.
pacman.jani: info: Explored 16115358 states for MAXSTEPS=100.

Peak memory usage: 1476 MB
Analysis results for pacman.jani
Experiment MAXSTEPS=100

+ State space exploration
  State size:  16 bytes
  States:      16115358
  Transitions: 20214527
  Branches:    22140403
  Rate:        49670 states/s
  Time:        330.5 s

+ Property crash
  Probability: 0.5511176224662503
  Bounds:      [0.5511176224662503, 0.5511176224662503]
  Time:        3.8 s

  + Precomputations
    Min. prob. 0 states:          5064796
    Time for min. prob. 0 states: 1.1 s
    Min. prob. 1 states:          2107421
    Time for min. prob. 1 states: 0.8 s

  + Value iteration
    Final error: 0
    Iterations:  2
    Time:        1.4 s

Exported results to file "/out.txt".

##############################Output to stderr##############################
The Modest Toolset (www.modestchecker.net), version v3.1.37-g70ec9956e.

