Command:	mcsta/modest mcsta echoring.jani --props MaxOffline1 -E ITERATIONS=100 -O out.txt Minimal --epsilon 0
Wallclock time:	21.606597900390625
Return code:	0
Output:




echoring.jani:model: info: echoring is an MDP model.
echoring.jani: info: Need 48 bytes per state.
echoring.jani: info: Explored 836418 states for ITERATIONS=100.

Peak memory usage: 181 MB
Analysis results for echoring.jani
Experiment ITERATIONS=100

+ State space exploration
  State size:  48 bytes
  States:      836418
  Transitions: 1339820
  Branches:    1489542
  Rate:        126980 states/s
  Time:        7.0 s

+ Property MaxOffline1
  Probability: 1.0500830197776424E-06
  Bounds:      [1.0500830197776424E-06, 1.0500830197776424E-06]
  Time:        13.0 s

  + Value iteration
    Final error: 0
    Iterations:  309
    Time:        12.9 s

Exported results to file "/out.txt".

##############################Output to stderr##############################
The Modest Toolset (www.modestchecker.net), version v3.1.37-g70ec9956e.

