Command:	mcsta/modest mcsta zeroconf.jani -E N=1000,K=8,reset=false --props correct_min -O out.txt Minimal --unsafe --es -S Memory --no-partial-results --p0 --p1 --epsilon 0 --absolute-epsilon
Wallclock time:	18.091585874557495
Return code:	0
Output:




zeroconf.jani:model: info: zeroconf is an MDP model.
zeroconf.jani:variables[21]: info: Expanding variable "l" into 5 locations in automaton "host0".
zeroconf.jani: info: Need 24 bytes per state.
zeroconf.jani: info: Explored 1868787 states for N=1000, K=8, reset=False.

Peak memory usage: 674 MB
Analysis results for zeroconf.jani
Experiment N=1000, K=8, reset=False

+ State space exploration
  State size:  24 bytes
  States:      1868787
  Transitions: 3430379
  Branches:    4224736
  Rate:        388602 states/s
  Time:        5.1 s

+ Property correct_min
  Probability: 5.040105212929842E-09
  Bounds:      [5.040105212929842E-09, 5.040105212929842E-09]
  Time:        12.5 s

  + Precomputations
    Min. prob. 0 states:          611330
    Time for min. prob. 0 states: 2.0 s
    Min. prob. 1 states:          16392
    Time for min. prob. 1 states: 0.4 s

  + Essential states
    Iterations:       37
    Essential states: 886904
    Transitions:      1919005
    Branches:         2463875
    Time:             4.1 s

  + Value iteration
    Final error: 0
    Iterations:  94
    Time:        6.0 s

Exported results to file "/out.txt".

##############################Output to stderr##############################
The Modest Toolset (www.modestchecker.net), version v3.1.42-gb5e9d523c.

