Command:	mcsta/modest mcsta csma.4-2.jani --props all_before_max -O out.txt Minimal --unsafe --epsilon 0 -S Memory
Wallclock time:	4.057356595993042
Return code:	0
Output:




csma.4-2.jani:model: info: csma.4-2 is an MDP model.
csma.4-2.jani: info: Need 24 bytes per state.
csma.4-2.jani: info: Explored 561286 states.

Peak memory usage: 210 MB
Analysis results for csma.4-2.jani

+ State space exploration
  State size:  24 bytes
  States:      561286
  Transitions: 609147
  Branches:    982107
  Rate:        264259 states/s
  Time:        2.2 s

+ Property all_before_max
  Probability: 0.7764601493129574
  Bounds:      [0.7764601493129574, 0.7764601493129574]
  Time:        1.3 s

  + Value iteration
    Final error: 0
    Iterations:  52
    Time:        1.3 s

Exported results to file "/out.txt".

##############################Output to stderr##############################
The Modest Toolset (www.modestchecker.net), version v3.1.37-g70ec9956e.

