Command:	mcsta/modest mcsta wlan.5.jani --props cost_min -E COL=0 -O out.txt Minimal --unsafe --no-partial-results --width 1e-3 --relative-width -S Memory
Wallclock time:	140.44484734535217
Return code:	0
Output:




wlan.5.jani:model: info: wlan.5 is an MDP model.
wlan.5.jani:variables[7]: info: Expanding variable "s1" into 12 locations in automaton "station1".
wlan.5.jani:variables[12]: info: Expanding variable "s2" into 12 locations in automaton "station2".
wlan.5.jani: info: Need 16 bytes per state.
wlan.5.jani: info: Explored 1295218 states for COL=0.
wlan.5.jani:properties[2]: warning: Computing minimum expected reward in property "cost_min" without checking for zero-reward end components.

Peak memory usage: 473 MB
Analysis results for wlan.5.jani
Experiment COL=0

+ State space exploration
  State size:  16 bytes
  States:      1295218
  Transitions: 1646074
  Branches:    2929960
  Rate:        403746 states/s
  Time:        3.4 s

+ Property cost_min
  Value:  7625
  Bounds: [7625, infinity)
  Time:   136.3 s

  + Precomputations
    Max. prob. 1 states:          1295218
    Time for max. prob. 1 states: 104.3 s

  + Value iteration
    Final error: 0
    Iterations:  524
    Time:        31.9 s

Exported results to file "/out.txt".

##############################Output to stderr##############################
The Modest Toolset (www.modestchecker.net), version v3.1.37-g70ec9956e.

