Command:	mcsta/modest mcsta ftwc.jani --props TimeMax -E N=8,TIME_BOUND=5 -O out.txt Minimal --unsafe --epsilon 0 -S Memory
Wallclock time:	600.0194129943848
Return code:	0
Output:




ftwc.jani:model: info: ftwc is an MA model.
ftwc.jani: info: Need at least 40 bytes per state.
ftwc.jani: info: Explored 10299 states for N=8, TIME_BOUND=5.
ftwc.jani: warning: Value iteration for property "TimeMax" was aborted before convergence.

Peak memory usage: 58 MB
Analysis results for ftwc.jani
Experiment N=8, TIME_BOUND=5

+ State space exploration
  Min. state size: 40 bytes
  States:          10299
  Transitions:     12635
  Branches:        26983
  Rate:            73043 states/s
  Time:            0.1 s

+ Property TimeMax
  Value:  1995676.480977093
  Bounds: [1995676.480977093, infinity)
  Time:   599.3 s

  + Precomputations
    Min. prob. 0 states:          0
    Time for min. prob. 0 states: 0.0 s
    Min. prob. 1 states:          10299
    Time for min. prob. 1 states: 0.0 s

  + Value iteration
    Status:      Cancelled
    Final error: 2.052431527977403E-13
    Iterations:  1181983
    Time:        599.3 s

Exported results to file "/out.txt".

##############################Output to stderr##############################
The Modest Toolset (www.modestchecker.net), version v3.1.37-g70ec9956e.

