Command:	mcsta/modest mcsta elevators.b-11-9.jani --props goal -O out.txt Minimal --unsafe --epsilon 0 -S Memory
Wallclock time:	27.24584937095642
Return code:	0
Output:




elevators.b-11-9.jani:model: info: jani_from_ppddl is an MDP model.
elevators.b-11-9.jani: info: Need 64 bytes per state.
elevators.b-11-9.jani: info: Explored 538326 states.

Peak memory usage: 380 MB
Analysis results for elevators.b-11-9.jani

+ State space exploration
  State size:  64 bytes
  States:      538326
  Transitions: 3208167
  Branches:    3456513
  Rate:        141926 states/s
  Time:        4.0 s

+ Property goal
  Probability: 1
  Bounds:      [1, 1]
  Time:        22.7 s

  + Value iteration
    Final error: 0
    Iterations:  389
    Time:        22.7 s

Exported results to file "/out.txt".

##############################Output to stderr##############################
The Modest Toolset (www.modestchecker.net), version v3.1.37-g70ec9956e.

