Command:	mcsta/modest mcsta eajs.5.jani --props ExpUtil -E energy_capacity=250,B=11 -O out.txt Minimal --no-partial-results --width 1e-3 --relative-width
Wallclock time:	27.617260932922363
Return code:	0
Output:




eajs.5.jani:model: info: eajs.5 is an MDP model.
eajs.5.jani:variables[11]: info: Expanding variable "loc_1" into 3 locations in automaton "Process_1".
eajs.5.jani:variables[15]: info: Expanding variable "loc_2" into 3 locations in automaton "Process_2".
eajs.5.jani:variables[17]: info: Expanding variable "user_1" into 6 locations in automaton "Resources".
eajs.5.jani:variables[19]: info: Expanding variable "loc_3" into 3 locations in automaton "Process_3".
eajs.5.jani:variables[20]: info: Expanding variable "loc_5" into 3 locations in automaton "Process_5".
eajs.5.jani:variables[23]: info: Expanding variable "loc_4" into 3 locations in automaton "Process_4".
eajs.5.jani: info: Need 24 bytes per state.
eajs.5.jani: warning: The probabilities for a transition do not sum up to 1. Results will likely be affected by floating-point errors.
eajs.5.jani: info: Explored 3049471 states for energy_capacity=250, B=11.

Peak memory usage: 464 MB
Analysis results for eajs.5.jani
Experiment energy_capacity=250, B=11

+ State space exploration
  State size:  24 bytes
  States:      3049471
  Transitions: 4250853
  Branches:    6960278
  Rate:        170552 states/s
  Time:        19.8 s

+ Property ExpUtil
  Value:  10.032940688434891
  Bounds: [10.032940688434891, infinity)
  Time:   6.2 s

  + Precomputations
    Min. prob. 0 states:          0
    Time for min. prob. 0 states: 1.9 s
    Min. prob. 1 states:          3049471
    Time for min. prob. 1 states: 0.2 s

  + Value iteration
    Final error: 4.466131883374015E-08
    Iterations:  22
    Time:        4.0 s

Exported results to file "/out.txt".

##############################Output to stderr##############################
The Modest Toolset (www.modestchecker.net), version v3.1.37-g70ec9956e.

