Command:	mcsta/modest mcsta consensus.6.jani --props steps_min -E K=2 -O out.txt Minimal --unsafe --no-partial-results --width 5e-2 --relative-width --alg OptimisticValueIteration --epsilon 5e-2 -S Memory
Wallclock time:	46.29456853866577
Return code:	0
Output:




consensus.6.jani:model: info: consensus.6 is an MDP model.
consensus.6.jani:variables[6]: info: Expanding variable "pc1" into 4 locations in automaton "process1".
consensus.6.jani:variables[8]: info: Expanding variable "pc2" into 4 locations in automaton "process2".
consensus.6.jani:variables[10]: info: Expanding variable "pc3" into 4 locations in automaton "process3".
consensus.6.jani:variables[12]: info: Expanding variable "pc4" into 4 locations in automaton "process4".
consensus.6.jani:variables[14]: info: Expanding variable "pc5" into 4 locations in automaton "process5".
consensus.6.jani:variables[16]: info: Expanding variable "pc6" into 4 locations in automaton "process6".
consensus.6.jani: info: Need 24 bytes per state.
consensus.6.jani: info: Explored 1258240 states for K=2.
consensus.6.jani:properties[4]: warning: Computing minimum expected reward in property "steps_min" without checking for zero-reward end components.

Peak memory usage: 689 MB
Analysis results for consensus.6.jani
Experiment K=2

+ State space exploration
  State size:  24 bytes
  States:      1258240
  Transitions: 5008128
  Branches:    6236736
  Rate:        86110 states/s
  Time:        15.0 s

+ Property steps_min
  Value:  444.3831628455697
  Bounds: [425.1407673742305, 463.62555831690895]
  Time:   30.7 s

  + Precomputations
    Max. prob. 1 states:          1258240
    Time for max. prob. 1 states: 5.7 s

  + Optimistic value iteration
    Total iterations:  246
    Verif. attempts:   5
    Verif. iterations: 98
    Final epsilon:     0.00033116514079366386
    Time:              25.0 s

Exported results to file "/out.txt".

##############################Output to stderr##############################
The Modest Toolset (www.modestchecker.net), version v3.1.37-g70ec9956e.

