Command:	mcsta/modest mcsta nand.jani --props reliable -E N=40,K=4 -O out.txt Minimal --unsafe --no-partial-results --width 5e-2 --relative-width --alg OptimisticValueIteration --epsilon 5e-2 --p0 --p1 -S Memory
Wallclock time:	6.4411537647247314
Return code:	0
Output:




nand.jani:model: info: nand is a DTMC model.
nand.jani: info: Need 16 bytes per state.
nand.jani: info: Explored 3999522 states for N=40, K=4.

Peak memory usage: 931 MB
Analysis results for nand.jani
Experiment N=40, K=4

+ State space exploration
  State size:  16 bytes
  States:      3999522
  Transitions: 3999522
  Branches:    6288542
  Rate:        862152 states/s
  Time:        5.0 s

+ Property reliable
  Probability: 0.6186822208151973
  Bounds:      [0.6186822208151973, 0.6186822208151973]
  Time:        0.9 s

  + Precomputations
    Min. prob. 0 states:          375263
    Time for min. prob. 0 states: 0.2 s
    Min. prob. 1 states:          141
    Time for min. prob. 1 states: 0.2 s

  + Optimistic value iteration
    Total iterations:  3
    Verif. attempts:   1
    Verif. iterations: 1
    Final epsilon:     0.05
    Time:              0.5 s

Exported results to file "/out.txt".

##############################Output to stderr##############################
The Modest Toolset (www.modestchecker.net), version v3.1.37-g70ec9956e.

