Command:	mcsta/modest mcsta csma.3-4.jani --props all_before_max -O out.txt Minimal --unsafe --es -S Memory --epsilon 0
Wallclock time:	5.9574456214904785
Return code:	0
Output:




csma.3-4.jani:model: info: csma.3-4 is an MDP model.
csma.3-4.jani: info: Need 24 bytes per state.
csma.3-4.jani: info: Explored 1459469 states.

Peak memory usage: 432 MB
Analysis results for csma.3-4.jani

+ State space exploration
  State size:  24 bytes
  States:      1459469
  Transitions: 1469580
  Branches:    2395050
  Rate:        330271 states/s
  Time:        4.6 s

+ Property all_before_max
  Probability: 0.9324469288458123
  Bounds:      [0.9324469288458123, 0.9324469288458123]
  Time:        0.8 s

  + Essential states
    Iterations:       19
    Essential states: 60755
    Transitions:      69314
    Branches:         819767
    Time:             0.7 s

  + Value iteration
    Final error: 0
    Iterations:  12
    Time:        0.1 s

Exported results to file "/out.txt".

##############################Output to stderr##############################
The Modest Toolset (www.modestchecker.net), version v3.1.42-gb5e9d523c.

