Command:	mcsta/modest mcsta rectangle-tireworld.11.jani --props goal -O out.txt Minimal --unsafe --es -S Memory --no-partial-results --p0 --p1 --epsilon 0 --absolute-epsilon
Wallclock time:	7.563396215438843
Return code:	0
Output:




rectangle-tireworld.11.jani:model: info: jani_from_ppddl is an MDP model.
rectangle-tireworld.11.jani:variables[2]: info: Expanding variable "var2" into 11 locations in automaton "aut".
rectangle-tireworld.11.jani: info: Need 4 bytes per state.
rectangle-tireworld.11.jani: info: Explored 242 states.

Peak memory usage: 363 MB
Analysis results for rectangle-tireworld.11.jani

+ State space exploration
  State size:  4 bytes
  States:      242
  Transitions: 15367
  Branches:    16084
  Rate:        896 states/s
  Time:        0.3 s

+ Property goal
  Probability: 1
  Time:        0.0 s

  + Precomputations
    Max. prob. 0 states:          156
    Time for max. prob. 0 states: 0.0 s
    Max. prob. 1 states:          84
    Time for max. prob. 1 states: 0.0 s

Exported results to file "/out.txt".

##############################Output to stderr##############################
The Modest Toolset (www.modestchecker.net), version v3.1.42-gb5e9d523c.

