Command:	mcsta/modest mcsta echoring.jani --props MaxOffline1 -E ITERATIONS=100 -O out.txt Minimal --unsafe --no-partial-results --width 1e-3 --relative-width -S Memory
Wallclock time:	17.929536819458008
Return code:	0
Output:




echoring.jani:model: info: echoring is an MDP model.
echoring.jani: info: Need 48 bytes per state.
echoring.jani: info: Explored 836418 states for ITERATIONS=100.

Peak memory usage: 302 MB
Analysis results for echoring.jani
Experiment ITERATIONS=100

+ State space exploration
  State size:  48 bytes
  States:      836418
  Transitions: 1339820
  Branches:    1489542
  Rate:        224542 states/s
  Time:        3.8 s

+ Property MaxOffline1
  Probability: 1.050082649785224E-06
  Bounds:      [1.050082649785224E-06, 1]
  Time:        12.7 s

  + Value iteration
    Final error: 6.098072517439799E-07
    Iterations:  292
    Time:        12.7 s

Exported results to file "/out.txt".

##############################Output to stderr##############################
The Modest Toolset (www.modestchecker.net), version v3.1.37-g70ec9956e.

