Command:	mcsta/modest mcsta ftwc.jani -E N=8,TIME_BOUND=5 --props TimeMin -O out.txt Minimal --unsafe --es -S Memory --epsilon 0
Wallclock time:	462.28833389282227
Return code:	0
Output:




ftwc.jani:model: info: ftwc is an MA model.
ftwc.jani: info: Need at least 40 bytes per state.
ftwc.jani: info: Explored 10299 states for N=8, TIME_BOUND=5.
ftwc.jani:properties[3]: warning: Computing minimum expected reward in property "TimeMin" without checking for zero-reward end components.

Peak memory usage: 59 MB
Analysis results for ftwc.jani
Experiment N=8, TIME_BOUND=5

+ State space exploration
  Min. state size: 40 bytes
  States:          10299
  Transitions:     12635
  Branches:        26983
  Rate:            74094 states/s
  Time:            0.1 s

+ Property TimeMin
  Value:  1995339.7593317884
  Bounds: [1995339.7593317884, infinity)
  Time:   461.6 s

  + Precomputations
    Max. prob. 1 states:          10299
    Time for max. prob. 1 states: 0.0 s

  + Essential states
    Iterations:       3
    Essential states: 5205
    Transitions:      7541
    Branches:         21889
    Time:             0.0 s

  + Value iteration
    Final error: 0
    Iterations:  1625839
    Time:        461.6 s

Exported results to file "/out.txt".

##############################Output to stderr##############################
The Modest Toolset (www.modestchecker.net), version v3.1.42-gb5e9d523c.

