Command:	mcsta/modest mcsta pnueli-zuck.10.jani --props live -O out.txt Minimal --no-partial-results --width 1e-6 --relative-width --alg OptimisticValueIteration --epsilon 1e-6
Wallclock time:	1800.209941625595
Return code:	None
Output:




pnueli-zuck.10.jani:model: info: pnueli-zuck.10 is an MDP model.
pnueli-zuck.10.jani:variables[0]: info: Expanding variable "p0" into 16 locations in automaton "process0".
pnueli-zuck.10.jani:variables[1]: info: Expanding variable "p1" into 16 locations in automaton "process1".
pnueli-zuck.10.jani:variables[2]: info: Expanding variable "p2" into 16 locations in automaton "process2".
pnueli-zuck.10.jani:variables[3]: info: Expanding variable "p3" into 16 locations in automaton "process3".
pnueli-zuck.10.jani:variables[4]: info: Expanding variable "p4" into 16 locations in automaton "process4".
pnueli-zuck.10.jani:variables[5]: info: Expanding variable "p5" into 16 locations in automaton "process5".
pnueli-zuck.10.jani:variables[6]: info: Expanding variable "p6" into 16 locations in automaton "process6".
pnueli-zuck.10.jani:variables[7]: info: Expanding variable "p7" into 16 locations in automaton "process7".
pnueli-zuck.10.jani:variables[8]: info: Expanding variable "p8" into 16 locations in automaton "process8".
pnueli-zuck.10.jani:variables[9]: info: Expanding variable "p9" into 16 locations in automaton "process9".
pnueli-zuck.10.jani: info: Need 24 bytes per state.

##############################Output to stderr##############################
The Modest Toolset (www.modestchecker.net), version v3.1.37-g70ec9956e.


----------
Computation aborted after 1800.209941625595 seconds since the total time limit of 1800 seconds was exceeded.
