Command:	mcsta/modest mcsta haddad-monmege.jani --props target -E N=100,p=0.7 -O out.txt Minimal --unsafe --epsilon 0 --p0 --p1 -S Memory
Wallclock time:	600.0180449485779
Return code:	0
Output:




haddad-monmege.jani:model: info: haddad-monmege is a DTMC model.
haddad-monmege.jani: info: Need 2 bytes per state.
haddad-monmege.jani: info: Explored 201 states for N=100, p=0.7.
haddad-monmege.jani: warning: Value iteration for property "target" was aborted before convergence.

Peak memory usage: 50 MB
Analysis results for haddad-monmege.jani
Experiment N=100, p=0.7

+ State space exploration
  State size:  2 bytes
  States:      201
  Transitions: 201
  Branches:    400
  Rate:        5289 states/s
  Time:        0.0 s

+ Property target
  Probability: 8.176746454643484E-23
  Bounds:      [8.176746454643484E-23, 1]
  Time:        599.5 s

  + Precomputations
    Min. prob. 0 states:          1
    Time for min. prob. 0 states: 0.0 s
    Min. prob. 1 states:          1
    Time for min. prob. 1 states: 0.0 s

  + Value iteration
    Status:      Cancelled
    Final error: 1.3506659433043755E-08
    Iterations:  74037554
    Time:        599.5 s

Exported results to file "/out.txt".

##############################Output to stderr##############################
The Modest Toolset (www.modestchecker.net), version v3.1.37-g70ec9956e.

