Command:	mcsta/modest mcsta consensus.4.jani --props disagree -E K=4 -O out.txt Minimal --unsafe --epsilon 0 -S Memory
Wallclock time:	10.893633604049683
Return code:	0
Output:




consensus.4.jani:model: info: consensus.4 is an MDP model.
consensus.4.jani:variables[6]: info: Expanding variable "pc1" into 4 locations in automaton "process1".
consensus.4.jani:variables[8]: info: Expanding variable "pc2" into 4 locations in automaton "process2".
consensus.4.jani:variables[10]: info: Expanding variable "pc3" into 4 locations in automaton "process3".
consensus.4.jani:variables[12]: info: Expanding variable "pc4" into 4 locations in automaton "process4".
consensus.4.jani: info: Need 16 bytes per state.
consensus.4.jani: info: Explored 43136 states for K=4.

Peak memory usage: 69 MB
Analysis results for consensus.4.jani
Experiment K=4

+ State space exploration
  State size:  16 bytes
  States:      43136
  Transitions: 115840
  Branches:    144352
  Rate:        173237 states/s
  Time:        0.3 s

+ Property disagree
  Probability: 0.15607306398805987
  Bounds:      [0.15607306398805987, 0.15607306398805987]
  Time:        10.1 s

  + Value iteration
    Final error: 0
    Iterations:  3695
    Time:        10.1 s

Exported results to file "/out.txt".

##############################Output to stderr##############################
The Modest Toolset (www.modestchecker.net), version v3.1.37-g70ec9956e.

