Command:	mcsta/modest mcsta philosophers.16.jani --props MaxPrReachDeadlock -E TIME_BOUND=1 -O out.txt Minimal --no-partial-results --width 5e-2 --relative-width --alg OptimisticValueIteration --epsilon 5e-2
Wallclock time:	46.65964913368225
Return code:	0
Output:




philosophers.16.jani:model: info: Philosophers16 is a CTMC model.
philosophers.16.jani: info: Need 72 bytes per state.
philosophers.16.jani: info: Explored 1331714 states for TIME_BOUND=1.0.
philosophers.16.jani: warning: Encountered a value greater than 1 during optimistic value iteration. The final result for property "MaxPrReachDeadlock" is likely affected by floating-point errors.

Peak memory usage: 447 MB
Analysis results for philosophers.16.jani
Experiment TIME_BOUND=1.0

+ State space exploration
  State size:  72 bytes
  States:      1331714
  Transitions: 1331714
  Branches:    13774113
  Rate:        33910 states/s
  Time:        41.8 s

+ Property MaxPrReachDeadlock
  Probability: 0.9969293369679705
  Bounds:      [0.9938586739359411, 0.9999999999999999]
  Time:        3.3 s

  + Optimistic value iteration
    Total iterations:  33
    Verif. attempts:   2
    Verif. iterations: 4
    Final epsilon:     0.013615958209903481
    Time:              3.1 s

Exported results to file "/out.txt".

##############################Output to stderr##############################
The Modest Toolset (www.modestchecker.net), version v3.1.37-g70ec9956e.

