Command:	mcsta/modest mcsta haddad-monmege.jani --props exp_steps -E N=100,p=0.7 -O out.txt Minimal --unsafe --epsilon 0 -S Memory
Wallclock time:	600.0174922943115
Return code:	0
Output:




haddad-monmege.jani:model: info: haddad-monmege is a DTMC model.
haddad-monmege.jani: info: Need 2 bytes per state.
haddad-monmege.jani: info: Explored 201 states for N=100, p=0.7.
haddad-monmege.jani: warning: Value iteration for property "exp_steps" was aborted before convergence.

Peak memory usage: 50 MB
Analysis results for haddad-monmege.jani
Experiment N=100, p=0.7

+ State space exploration
  State size:  2 bytes
  States:      201
  Transitions: 201
  Branches:    400
  Rate:        5154 states/s
  Time:        0.0 s

+ Property exp_steps
  Value:  232936538.16456014
  Bounds: [232936538.16456014, infinity)
  Time:   599.5 s

  + Precomputations
    Min. prob. 0 states:          0
    Time for min. prob. 0 states: 0.0 s
    Min. prob. 1 states:          201
    Time for min. prob. 1 states: 0.0 s

  + Value iteration
    Status:      Cancelled
    Final error: 1.2879044404564826E-08
    Iterations:  77645513
    Time:        599.5 s

Exported results to file "/out.txt".

##############################Output to stderr##############################
The Modest Toolset (www.modestchecker.net), version v3.1.37-g70ec9956e.

