Command:	mcsta/modest mcsta zenotravel.4-2-2.jani --props goal -O out.txt Minimal --unsafe --no-partial-results --width 5e-2 --relative-width --alg OptimisticValueIteration --epsilon 5e-2 -S Memory
Wallclock time:	18.86490225791931
Return code:	0
Output:




zenotravel.4-2-2.jani:model: info: jani_from_ppddl is an MDP model.
zenotravel.4-2-2.jani: info: Need 16 bytes per state.
zenotravel.4-2-2.jani: info: Explored 459900 states.

Peak memory usage: 367 MB
Analysis results for zenotravel.4-2-2.jani

+ State space exploration
  State size:  16 bytes
  States:      459900
  Transitions: 2976444
  Branches:    3818556
  Rate:        52996 states/s
  Time:        8.8 s

+ Property goal
  Probability: 0.9999518241896521
  Bounds:      [0.9999036483793041, 1]
  Time:        9.3 s

  + Optimistic value iteration
    Total iterations:  178
    Verif. attempts:   4
    Verif. iterations: 20
    Final epsilon:     0.0033739276313134257
    Time:              9.3 s

Exported results to file "/out.txt".

##############################Output to stderr##############################
The Modest Toolset (www.modestchecker.net), version v3.1.37-g70ec9956e.

