Command:	mcsta/modest mcsta elevators.b-11-9.jani --props goal -O out.txt Minimal --unsafe --no-partial-results --epsilon 0 --absolute-epsilon --p0 --p1 -S Memory
Wallclock time:	8.557281970977783
Return code:	0
Output:




elevators.b-11-9.jani:model: info: jani_from_ppddl is an MDP model.
elevators.b-11-9.jani: info: Need 64 bytes per state.
elevators.b-11-9.jani: info: Explored 538326 states.

Peak memory usage: 376 MB
Analysis results for elevators.b-11-9.jani

+ State space exploration
  State size:  64 bytes
  States:      538326
  Transitions: 3208167
  Branches:    3456513
  Rate:        145572 states/s
  Time:        3.9 s

+ Property goal
  Probability: 1
  Time:        4.1 s

  + Precomputations
    Max. prob. 0 states:          0
    Time for max. prob. 0 states: 0.6 s
    Max. prob. 1 states:          538326
    Time for max. prob. 1 states: 3.5 s

Exported results to file "/out.txt".

##############################Output to stderr##############################
The Modest Toolset (www.modestchecker.net), version v3.1.37-g70ec9956e.

