Command:	mcsta/modest mcsta wlan.4.jani --props sent -E COL=0 -O out.txt Minimal --unsafe --epsilon 0 -S Memory
Wallclock time:	4.392634391784668
Return code:	0
Output:




wlan.4.jani:model: info: wlan.4 is an MDP model.
wlan.4.jani:variables[7]: info: Expanding variable "s1" into 12 locations in automaton "station1".
wlan.4.jani:variables[12]: info: Expanding variable "s2" into 12 locations in automaton "station2".
wlan.4.jani: info: Need 16 bytes per state.
wlan.4.jani: info: Explored 345000 states for COL=0.

Peak memory usage: 157 MB
Analysis results for wlan.4.jani
Experiment COL=0

+ State space exploration
  State size:  16 bytes
  States:      345000
  Transitions: 440206
  Branches:    762252
  Rate:        405405 states/s
  Time:        0.9 s

+ Property sent
  Result:      True
  Time:        2.8 s
  Probability: 1

  + Precomputations
    Min. prob. 0 states:          0
    Time for min. prob. 0 states: 2.7 s
    Min. prob. 1 states:          345000
    Time for min. prob. 1 states: 0.0 s

Exported results to file "/out.txt".

##############################Output to stderr##############################
The Modest Toolset (www.modestchecker.net), version v3.1.37-g70ec9956e.

