Command:	mcsta/modest mcsta zeroconf.jani --props correct_min -E N=1000,K=8,reset=false -O out.txt Minimal --no-partial-results --width 1e-3 --relative-width
Wallclock time:	19.866017818450928
Return code:	0
Output:




zeroconf.jani:model: info: zeroconf is an MDP model.
zeroconf.jani:variables[21]: info: Expanding variable "l" into 5 locations in automaton "host0".
zeroconf.jani: info: Need 24 bytes per state.
zeroconf.jani: info: Explored 1868787 states for N=1000, K=8, reset=False.

Peak memory usage: 271 MB
Analysis results for zeroconf.jani
Experiment N=1000, K=8, reset=False

+ State space exploration
  State size:  24 bytes
  States:      1868787
  Transitions: 3430379
  Branches:    4224736
  Rate:        188595 states/s
  Time:        11.0 s

+ Property correct_min
  Probability: 5.040105212929842E-09
  Bounds:      [5.040105212929842E-09, 1]
  Time:        8.2 s

  + Value iteration
    Final error: 7.164012325782853E-07
    Iterations:  65
    Time:        8.0 s

Exported results to file "/out.txt".

##############################Output to stderr##############################
The Modest Toolset (www.modestchecker.net), version v3.1.37-g70ec9956e.

