Command:	mcsta/modest mcsta wlan-large.jani --props P_max -E K=2 -O out.txt Minimal --epsilon 0
Wallclock time:	18.740185260772705
Return code:	0
Output:




wlan-large.jani:model: info: wlan-large is an STA model.
wlan-large.jani: info: Need 16 bytes per state.
wlan-large.jani: info: Explored 761958 states for K=2.

Peak memory usage: 150 MB
Analysis results for wlan-large.jani
Experiment K=2

+ State space exploration
  State size:  16 bytes
  States:      761958
  Transitions: 1505953
  Branches:    1507007
  Rate:        49276 states/s
  Time:        15.9 s

+ Property P_max
  Probability: 0.0625
  Bounds:      [0.0625, 0.0625]
  Time:        1.1 s

  + Value iteration
    Final error: 0
    Iterations:  28
    Time:        1.0 s

Exported results to file "/out.txt".

##############################Output to stderr##############################
The Modest Toolset (www.modestchecker.net), version v3.1.37-g70ec9956e.

