Command:	mcsta/modest mcsta mapk_cascade.jani --props activated_time -E N=4,T=30 -O out.txt Minimal --unsafe --no-partial-results --width 5e-2 --relative-width --alg OptimisticValueIteration --epsilon 5e-2 --p0 --p1 -S Memory
Wallclock time:	4.300293922424316
Return code:	0
Output:




mapk_cascade.jani:model: info: mapk_cascade is a CTMC model.
mapk_cascade.jani: info: Need 32 bytes per state.
mapk_cascade.jani: info: Explored 99535 states for N=4, T=30.0.

Peak memory usage: 153 MB
Analysis results for mapk_cascade.jani
Experiment N=4, T=30.0

+ State space exploration
  State size:  32 bytes
  States:      99535
  Transitions: 99535
  Branches:    901842
  Rate:        78374 states/s
  Time:        1.3 s

+ Property activated_time
  Value:  41.536128039727416
  Bounds: [39.889222746213335, 43.1830333332415]
  Time:   2.4 s

  + Precomputations
    Min. prob. 0 states:          0
    Time for min. prob. 0 states: 0.0 s
    Min. prob. 1 states:          99535
    Time for min. prob. 1 states: 0.0 s

  + Optimistic value iteration
    Total iterations:  300
    Verif. attempts:   5
    Verif. iterations: 113
    Final epsilon:     0.00035742029364988664
    Time:              2.4 s

Exported results to file "/out.txt".

##############################Output to stderr##############################
The Modest Toolset (www.modestchecker.net), version v3.1.37-g70ec9956e.

