Command:	mcsta/modest mcsta echoring.jani -E ITERATIONS=100 --props MaxOffline1 -O out.txt Minimal --unsafe --es -S Memory --no-partial-results --alg OptimisticValueIteration --epsilon 1e-6 --width 1e-6 --relative-width
Wallclock time:	5.612792491912842
Return code:	0
Output:




echoring.jani:model: info: echoring is an MDP model.
echoring.jani: info: Need 48 bytes per state.
echoring.jani: info: Explored 836418 states for ITERATIONS=100.

Peak memory usage: 322 MB
Analysis results for echoring.jani
Experiment ITERATIONS=100

+ State space exploration
  State size:  48 bytes
  States:      836418
  Transitions: 1339820
  Branches:    1489542
  Rate:        227349 states/s
  Time:        3.8 s

+ Property MaxOffline1
  Probability: 1.0500830270707957E-06
  Bounds:      [1.0500830197772468E-06, 1.0500830343643446E-06]
  Time:        0.4 s

  + Essential states
    Iterations:       4
    Essential states: 297856
    Transitions:      635931
    Branches:         755896
    Time:             0.3 s

  + Optimistic value iteration
    Total iterations:  9
    Verif. attempts:   1
    Verif. iterations: 2
    Final epsilon:     1E-06
    Time:              0.2 s

Exported results to file "/out.txt".

##############################Output to stderr##############################
The Modest Toolset (www.modestchecker.net), version v3.1.42-gb5e9d523c.

