Command:	mcsta/modest mcsta csma.3-4.jani --props all_before_max -O out.txt Minimal --unsafe --es -S Memory --no-partial-results --alg OptimisticValueIteration --epsilon 1e-6 --width 1e-6 --relative-width
Wallclock time:	5.944459915161133
Return code:	0
Output:




csma.3-4.jani:model: info: csma.3-4 is an MDP model.
csma.3-4.jani: info: Need 24 bytes per state.
csma.3-4.jani: info: Explored 1459469 states.

Peak memory usage: 432 MB
Analysis results for csma.3-4.jani

+ State space exploration
  State size:  24 bytes
  States:      1459469
  Transitions: 1469580
  Branches:    2395050
  Rate:        330795 states/s
  Time:        4.6 s

+ Property all_before_max
  Probability: 0.932446930322752
  Bounds:      [0.9324469288458123, 0.9324469317996918]
  Time:        0.8 s

  + Essential states
    Iterations:       19
    Essential states: 60755
    Transitions:      69314
    Branches:         819767
    Time:             0.7 s

  + Optimistic value iteration
    Total iterations:  11
    Verif. attempts:   1
    Verif. iterations: 3
    Final epsilon:     1E-06
    Time:              0.1 s

Exported results to file "/out.txt".

##############################Output to stderr##############################
The Modest Toolset (www.modestchecker.net), version v3.1.42-gb5e9d523c.

