Command:	mcsta/modest mcsta csma.3-4.jani --props time_max -O out.txt Minimal --unsafe --no-partial-results --width 1e-6 --relative-width --alg OptimisticValueIteration --epsilon 1e-6 -S Memory
Wallclock time:	12.252447605133057
Return code:	0
Output:




csma.3-4.jani:model: info: csma.3-4 is an MDP model.
csma.3-4.jani: info: Need 24 bytes per state.
csma.3-4.jani: info: Explored 1460287 states.

Peak memory usage: 460 MB
Analysis results for csma.3-4.jani

+ State space exploration
  State size:  24 bytes
  States:      1460287
  Transitions: 1471059
  Branches:    2396727
  Rate:        325957 states/s
  Time:        4.6 s

+ Property time_max
  Value:  116.81826313906404
  Bounds: [116.81825582295033, 116.81827045517775]
  Time:   7.0 s

  + Precomputations
    Min. prob. 0 states:          0
    Time for min. prob. 0 states: 0.5 s
    Min. prob. 1 states:          1460287
    Time for min. prob. 1 states: 0.1 s

  + Optimistic value iteration
    Total iterations:  112
    Verif. attempts:   2
    Verif. iterations: 25
    Final epsilon:     1.7999263251628596E-07
    Time:              6.4 s

Exported results to file "/out.txt".

##############################Output to stderr##############################
The Modest Toolset (www.modestchecker.net), version v3.1.37-g70ec9956e.

