Command:	mcsta/modest mcsta philosophers.20.jani -E TIME_BOUND=1 --props MaxPrReachDeadlock -O out.txt Minimal --unsafe --es -S Memory --no-partial-results --alg OptimisticValueIteration --epsilon 1e-6 --width 1e-6 --relative-width --p0 --p1
Wallclock time:	1797.438803911209
Return code:	0
Output:




philosophers.20.jani:model: info: Philosophers20 is a CTMC model.
philosophers.20.jani: info: Need 88 bytes per state.
philosophers.20.jani: info: Explored 45239074 states for TIME_BOUND=1.0.

Peak memory usage: 11657 MB
Analysis results for philosophers.20.jani
Experiment TIME_BOUND=1.0

+ State space exploration
  State size:  88 bytes
  States:      45239074
  Transitions: 45239074
  Branches:    584892921
  Rate:        42134 states/s
  Time:        1435.9 s

+ Property MaxPrReachDeadlock
  Probability: 1
  Time:        359.0 s

  + Precomputations
    Min. prob. 0 states:          0
    Time for min. prob. 0 states: 351.3 s
    Min. prob. 1 states:          45239074
    Time for min. prob. 1 states: 7.6 s

Exported results to file "/out.txt".

##############################Output to stderr##############################
The Modest Toolset (www.modestchecker.net), version v3.1.42-gb5e9d523c.

