Command:	mcsta/modest mcsta wlan.5.jani --props sent -E COL=0 -O out.txt Minimal --unsafe --no-partial-results --width 1e-3 --relative-width -S Memory
Wallclock time:	24.84837245941162
Return code:	0
Output:




wlan.5.jani:model: info: wlan.5 is an MDP model.
wlan.5.jani:variables[7]: info: Expanding variable "s1" into 12 locations in automaton "station1".
wlan.5.jani:variables[12]: info: Expanding variable "s2" into 12 locations in automaton "station2".
wlan.5.jani: info: Need 16 bytes per state.
wlan.5.jani: info: Explored 1295218 states for COL=0.

Peak memory usage: 400 MB
Analysis results for wlan.5.jani
Experiment COL=0

+ State space exploration
  State size:  16 bytes
  States:      1295218
  Transitions: 1646074
  Branches:    2929960
  Rate:        413808 states/s
  Time:        3.3 s

+ Property sent
  Result:      True
  Time:        20.8 s
  Probability: 1

  + Precomputations
    Min. prob. 0 states:          0
    Time for min. prob. 0 states: 20.7 s
    Min. prob. 1 states:          1295218
    Time for min. prob. 1 states: 0.1 s

Exported results to file "/out.txt".

##############################Output to stderr##############################
The Modest Toolset (www.modestchecker.net), version v3.1.37-g70ec9956e.

