Command:	mcsta/modest mcsta stream.jani -E N=1000 --props pr_underrun -O out.txt Minimal --unsafe --es -S Memory --no-partial-results --alg OptimisticValueIteration --epsilon 5e-2 --width 5e-2 --relative-width
Wallclock time:	1.4879138469696045
Return code:	0
Output:




stream.jani:model: info: stream is an MA model.
stream.jani:variables[5]: info: Expanding variable "s" into 4 locations in automaton "streamingclient".
stream.jani: info: Need 8 bytes per state.
stream.jani: info: Explored 503501 states for N=1000.

Peak memory usage: 205 MB
Analysis results for stream.jani
Experiment N=1000

+ State space exploration
  State size:  8 bytes
  States:      503501
  Transitions: 504500
  Branches:    1004999
  Rate:        698337 states/s
  Time:        0.8 s

+ Property pr_underrun
  Probability: 0.27123157288019745
  Bounds:      [0.27123157288019745, 0.27123157288019745]
  Time:        0.2 s

  + Essential states
    Iterations:       2
    Essential states: 502501
    Transitions:      503500
    Branches:         1003999
    Time:             0.1 s

  + Optimistic value iteration
    Total iterations:  5
    Verif. attempts:   1
    Verif. iterations: 2
    Final epsilon:     0.05
    Time:              0.1 s

Exported results to file "/out.txt".

##############################Output to stderr##############################
The Modest Toolset (www.modestchecker.net), version v3.1.42-gb5e9d523c.

