Command:	mcsta/modest mcsta pnueli-zuck.5.jani --props live -O out.txt Minimal --unsafe --es -S Memory --epsilon 0
Wallclock time:	5.87620210647583
Return code:	0
Output:




pnueli-zuck.5.jani:model: info: pnueli-zuck.5 is an MDP model.
pnueli-zuck.5.jani:variables[0]: info: Expanding variable "p0" into 16 locations in automaton "process0".
pnueli-zuck.5.jani:variables[1]: info: Expanding variable "p1" into 16 locations in automaton "process1".
pnueli-zuck.5.jani:variables[2]: info: Expanding variable "p2" into 16 locations in automaton "process2".
pnueli-zuck.5.jani:variables[3]: info: Expanding variable "p3" into 16 locations in automaton "process3".
pnueli-zuck.5.jani:variables[4]: info: Expanding variable "p4" into 16 locations in automaton "process4".
pnueli-zuck.5.jani: info: Need 16 bytes per state.
pnueli-zuck.5.jani: info: Explored 307523 states.

Peak memory usage: 289 MB
Analysis results for pnueli-zuck.5.jani

+ State space exploration
  State size:  16 bytes
  States:      307523
  Transitions: 1753715
  Branches:    1886851
  Rate:        191723 states/s
  Time:        1.7 s

+ Property live
  Probability: 1
  Bounds:      [1, 1]
  Time:        3.4 s

  + Essential states
    Iterations:       1
    Essential states: 303428
    Transitions:      1749620
    Branches:         1882756
    Time:             0.2 s

  + Value iteration
    Final error: 0
    Iterations:  74
    Time:        3.2 s

Exported results to file "/out.txt".

##############################Output to stderr##############################
The Modest Toolset (www.modestchecker.net), version v3.1.42-gb5e9d523c.

