Command:	mcsta/modest mcsta ftwc.jani --props TimeMin -E N=8,TIME_BOUND=5 -O out.txt Minimal --unsafe --no-partial-results --width 1e-6 --relative-width --alg OptimisticValueIteration --epsilon 1e-6 -S Memory
Wallclock time:	373.09779119491577
Return code:	0
Output:




ftwc.jani:model: info: ftwc is an MA model.
ftwc.jani: info: Need at least 40 bytes per state.
ftwc.jani: info: Explored 10299 states for N=8, TIME_BOUND=5.
ftwc.jani:properties[3]: warning: Computing minimum expected reward in property "TimeMin" without checking for zero-reward end components.

Peak memory usage: 58 MB
Analysis results for ftwc.jani
Experiment N=8, TIME_BOUND=5

+ State space exploration
  Min. state size: 40 bytes
  States:          10299
  Transitions:     12635
  Branches:        26983
  Rate:            74094 states/s
  Time:            0.1 s

+ Property TimeMin
  Value:  1995337.8455534235
  Bounds: [1995335.8854562673, 1995339.8056505797]
  Time:   372.4 s

  + Precomputations
    Max. prob. 1 states:          10299
    Time for max. prob. 1 states: 0.0 s

  + Optimistic value iteration
    Total iterations:  857221
    Verif. attempts:   15
    Verif. iterations: 46722
    Final epsilon:     3.033069489836149E-11
    Time:              372.4 s

Exported results to file "/out.txt".

##############################Output to stderr##############################
The Modest Toolset (www.modestchecker.net), version v3.1.37-g70ec9956e.

