Command:	mcsta/modest mcsta echoring.jani -E ITERATIONS=100 --props MaxOffline1 -O out.txt Minimal --unsafe --es -S Memory --no-partial-results
Wallclock time:	5.541377305984497
Return code:	0
Output:




echoring.jani:model: info: echoring is an MDP model.
echoring.jani: info: Need 48 bytes per state.
echoring.jani: info: Explored 836418 states for ITERATIONS=100.

Peak memory usage: 323 MB
Analysis results for echoring.jani
Experiment ITERATIONS=100

+ State space exploration
  State size:  48 bytes
  States:      836418
  Transitions: 1339820
  Branches:    1489542
  Rate:        229281 states/s
  Time:        3.7 s

+ Property MaxOffline1
  Probability: 1.0500830191448638E-06
  Bounds:      [1.0500830191448638E-06, 1]
  Time:        0.4 s

  + Essential states
    Iterations:       4
    Essential states: 297856
    Transitions:      635931
    Branches:         755896
    Time:             0.3 s

  + Value iteration
    Final error: 7.340342146057174E-07
    Iterations:  7
    Time:        0.1 s

Exported results to file "/out.txt".

##############################Output to stderr##############################
The Modest Toolset (www.modestchecker.net), version v3.1.42-gb5e9d523c.

