Command:	mcsta/modest mcsta pacman.jani -E MAXSTEPS=60 --props crash -O out.txt Minimal --unsafe --es -S Memory --no-partial-results --alg OptimisticValueIteration --epsilon 1e-6 --width 1e-6 --relative-width
Wallclock time:	133.58866024017334
Return code:	0
Output:




pacman.jani:model: info: pacman is an MDP model.
pacman.jani:variables[1]: info: Expanding variable "pMove" into 3 locations in automaton "arbiter".
pacman.jani: info: Need 16 bytes per state.
pacman.jani: info: Explored 7253118 states for MAXSTEPS=60.

Peak memory usage: 1730 MB
Analysis results for pacman.jani
Experiment MAXSTEPS=60

+ State space exploration
  State size:  16 bytes
  States:      7253118
  Transitions: 9097907
  Branches:    9952883
  Rate:        55865 states/s
  Time:        130.5 s

+ Property crash
  Probability: 0.5511074970678997
  Bounds:      [0.5511074970678997, 0.5511074970678997]
  Time:        1.9 s

  + Essential states
    Iterations:       2
    Essential states: 1420719
    Transitions:      3265508
    Branches:         4120400
    Time:             1.5 s

  + Optimistic value iteration
    Total iterations:  3
    Verif. attempts:   1
    Verif. iterations: 1
    Final epsilon:     1E-06
    Time:              0.3 s

Exported results to file "/out.txt".

##############################Output to stderr##############################
The Modest Toolset (www.modestchecker.net), version v3.1.42-gb5e9d523c.

