Command:	mcsta/modest mcsta wlan-large.jani --props E_or -E K=2 -O out.txt Minimal --no-partial-results --width 1e-3 --relative-width
Wallclock time:	122.8739504814148
Return code:	0
Output:




wlan-large.jani:model: info: wlan-large is an STA model.
wlan-large.jani: info: Need 16 bytes per state.
wlan-large.jani: info: Explored 3189783 states for K=2.

Peak memory usage: 443 MB
Analysis results for wlan-large.jani
Experiment K=2

+ State space exploration
  State size:  16 bytes
  States:      3189783
  Transitions: 6045235
  Branches:    6065855
  Rate:        49742 states/s
  Time:        65.9 s

+ Property E_or
  Value:  33692.4572531185
  Bounds: [33692.4572531185, infinity)
  Time:   55.3 s

  + Precomputations
    Min. prob. 0 states:          0
    Time for min. prob. 0 states: 3.1 s
    Min. prob. 1 states:          3189783
    Time for min. prob. 1 states: 0.2 s

  + Value iteration
    Final error: 9.500718702325807E-07
    Iterations:  346
    Time:        51.8 s

Exported results to file "/out.txt".

##############################Output to stderr##############################
The Modest Toolset (www.modestchecker.net), version v3.1.37-g70ec9956e.

