Command:	mcsta/modest mcsta stream.jani -E N=1000 --props pr_underrun -O out.txt Minimal --unsafe --es -S Memory --no-partial-results
Wallclock time:	1.3950080871582031
Return code:	0
Output:




stream.jani:model: info: stream is an MA model.
stream.jani:variables[5]: info: Expanding variable "s" into 4 locations in automaton "streamingclient".
stream.jani: info: Need 8 bytes per state.
stream.jani: info: Explored 503501 states for N=1000.

Peak memory usage: 202 MB
Analysis results for stream.jani
Experiment N=1000

+ State space exploration
  State size:  8 bytes
  States:      503501
  Transitions: 504500
  Branches:    1004999
  Rate:        752617 states/s
  Time:        0.7 s

+ Property pr_underrun
  Probability: 0.27123157288019745
  Bounds:      [0.27123157288019745, 0.27123157288019745]
  Time:        0.2 s

  + Essential states
    Iterations:       2
    Essential states: 502501
    Transitions:      503500
    Branches:         1003999
    Time:             0.1 s

  + Value iteration
    Final error: 0
    Iterations:  3
    Time:        0.1 s

Exported results to file "/out.txt".

##############################Output to stderr##############################
The Modest Toolset (www.modestchecker.net), version v3.1.42-gb5e9d523c.

