Command:	mcsta/modest mcsta readers-writers.40.jani --props exp_time_many_requests -O out.txt Minimal --unsafe --no-partial-results --epsilon 0 --absolute-epsilon -S Disk --store-compress None
Wallclock time:	61.47295570373535
Return code:	0
Output:




readers-writers.40.jani:model: info: ReadersWriters is an MA model.
readers-writers.40.jani: info: Need 16 bytes per state.
readers-writers.40.jani: info: Explored 1884366 states.
readers-writers.40.jani:properties[1]: warning: Computing minimum expected reward in property "exp_time_many_requests" without checking for zero-reward end components.

Peak memory usage: 271 MB
Analysis results for readers-writers.40.jani

+ State space exploration
  State size:  16 bytes
  States:      1884366
  Transitions: 1884366
  Branches:    3815040
  Rate:        402298 states/s
  Time:        5.7 s

+ Property exp_time_many_requests
  Value:  3.729267336973389
  Bounds: [3.729267336973389, infinity)
  Time:   55.3 s

  + Precomputations
    Max. prob. 1 states:          1884366
    Time for max. prob. 1 states: 3.8 s

  + Value iteration
    Final error: 0
    Iterations:  583
    Time:        49.5 s

Exported results to file "/out.txt".

##############################Output to stderr##############################
The Modest Toolset (www.modestchecker.net), version v3.1.37-g70ec9956e.

