Command:	mcsta/modest mcsta tireworld.45.jani --props goal -O out.txt Minimal --unsafe --es -S Memory --no-partial-results --p0 --p1 --epsilon 0 --absolute-epsilon
Wallclock time:	551.6223564147949
Return code:	0
Output:




tireworld.45.jani:model: info: jani_from_ppddl is an MDP model.
tireworld.45.jani: info: Need 24 bytes per state.
tireworld.45.jani: info: Explored 46137256 states.

Peak memory usage: 11633 MB
Analysis results for tireworld.45.jani

+ State space exploration
  State size:  24 bytes
  States:      46137256
  Transitions: 105905930
  Branches:    192413242
  Rate:        268343 states/s
  Time:        196.0 s

+ Property goal
  Probability: 0.9359999999999999
  Bounds:      [0.9359999999999999, 0.9359999999999999]
  Time:        354.2 s

  + Precomputations
    Max. prob. 0 states:          8912896
    Time for max. prob. 0 states: 8.8 s
    Max. prob. 1 states:          14364611
    Time for max. prob. 1 states: 193.9 s

  + Essential states
    Iterations:       2
    Essential states: 20860903
    Transitions:      42516442
    Branches:         82403256
    Time:             17.8 s

  + Value iteration
    Final error: 0
    Iterations:  75
    Time:        133.5 s

Exported results to file "/out.txt".

##############################Output to stderr##############################
The Modest Toolset (www.modestchecker.net), version v3.1.42-gb5e9d523c.

