Command:	mcsta/modest mcsta firewire-pta.jani -E delay=30,T=5000 --props eventually -O out.txt Minimal --unsafe --es -S Memory --no-partial-results --alg OptimisticValueIteration --epsilon 5e-2 --width 5e-2 --relative-width
Wallclock time:	16.953611850738525
Return code:	0
Output:




firewire-pta.jani:model: info: firewire-pta is a PTA model.
firewire-pta.jani:variables[3]: info: Expanding variable "w12" into 10 locations in automaton "wire12".
firewire-pta.jani:variables[6]: info: Expanding variable "s1" into 9 locations in automaton "node1".
firewire-pta.jani:variables[8]: info: Expanding variable "w21" into 10 locations in automaton "wire21".
firewire-pta.jani:variables[11]: info: Expanding variable "s2" into 9 locations in automaton "node2".
firewire-pta.jani: info: Need 24 bytes per state.
firewire-pta.jani: info: Explored 4432272 states for delay=30, T=5000.

Peak memory usage: 1131 MB
Analysis results for firewire-pta.jani
Experiment delay=30, T=5000

+ State space exploration
  State size:  24 bytes
  States:      4432272
  Transitions: 5529800
  Branches:    5533832
  Rate:        364946 states/s
  Time:        12.5 s

+ Property eventually
  Probability: 0.984375
  Bounds:      [0.96875, 1]
  Time:        3.8 s

  + Essential states
    Iterations:       32
    Essential states: 492859
    Transitions:      1005203
    Branches:         1009235
    Time:             3.3 s

  + Optimistic value iteration
    Total iterations:  21
    Verif. attempts:   1
    Verif. iterations: 1
    Final epsilon:     0.05
    Time:              0.5 s

Exported results to file "/out.txt".

##############################Output to stderr##############################
The Modest Toolset (www.modestchecker.net), version v3.1.42-gb5e9d523c.

