Command:	mcsta/modest mcsta consensus.6.jani -E K=2 --props steps_min -O out.txt Minimal --unsafe --es -S Memory --no-partial-results
Wallclock time:	96.99260330200195
Return code:	0
Output:




consensus.6.jani:model: info: consensus.6 is an MDP model.
consensus.6.jani:variables[6]: info: Expanding variable "pc1" into 4 locations in automaton "process1".
consensus.6.jani:variables[8]: info: Expanding variable "pc2" into 4 locations in automaton "process2".
consensus.6.jani:variables[10]: info: Expanding variable "pc3" into 4 locations in automaton "process3".
consensus.6.jani:variables[12]: info: Expanding variable "pc4" into 4 locations in automaton "process4".
consensus.6.jani:variables[14]: info: Expanding variable "pc5" into 4 locations in automaton "process5".
consensus.6.jani:variables[16]: info: Expanding variable "pc6" into 4 locations in automaton "process6".
consensus.6.jani: info: Need 24 bytes per state.
consensus.6.jani: info: Explored 1258240 states for K=2.
consensus.6.jani:properties[4]: warning: Computing minimum expected reward in property "steps_min" without checking for zero-reward end components.

Peak memory usage: 883 MB
Analysis results for consensus.6.jani
Experiment K=2

+ State space exploration
  State size:  24 bytes
  States:      1258240
  Transitions: 5008128
  Branches:    6236736
  Rate:        87786 states/s
  Time:        14.7 s

+ Property steps_min
  Value:  431.977936330692
  Bounds: [431.977936330692, infinity)
  Time:   81.7 s

  + Precomputations
    Max. prob. 1 states:          1258240
    Time for max. prob. 1 states: 5.5 s

  + Essential states
    Iterations:       4
    Essential states: 1197403
    Transitions:      4840489
    Branches:         6069097
    Time:             0.8 s

  + Value iteration
    Final error: 9.97569067408668E-07
    Iterations:  576
    Time:        75.2 s

Exported results to file "/out.txt".

##############################Output to stderr##############################
The Modest Toolset (www.modestchecker.net), version v3.1.42-gb5e9d523c.

