Command:	mcsta/modest mcsta philosophers.16.jani --props MaxPrReachDeadlock -E TIME_BOUND=1 -O out.txt Minimal --no-partial-results --epsilon 0 --absolute-epsilon --p0 --p1
Wallclock time:	44.552818775177
Return code:	0
Output:




philosophers.16.jani:model: info: Philosophers16 is a CTMC model.
philosophers.16.jani: info: Need 72 bytes per state.
philosophers.16.jani: info: Explored 1331714 states for TIME_BOUND=1.0.

Peak memory usage: 427 MB
Analysis results for philosophers.16.jani
Experiment TIME_BOUND=1.0

+ State space exploration
  State size:  72 bytes
  States:      1331714
  Transitions: 1331714
  Branches:    13774113
  Rate:        33620 states/s
  Time:        42.2 s

+ Property MaxPrReachDeadlock
  Probability: 1
  Time:        0.8 s

  + Precomputations
    Min. prob. 0 states:          0
    Time for min. prob. 0 states: 0.6 s
    Min. prob. 1 states:          1331714
    Time for min. prob. 1 states: 0.2 s

Exported results to file "/out.txt".

##############################Output to stderr##############################
The Modest Toolset (www.modestchecker.net), version v3.1.37-g70ec9956e.

