Command:	mcsta/modest mcsta csma.3-4.jani --props all_before_max -O out.txt Minimal --unsafe --no-partial-results --width 5e-2 --relative-width --alg OptimisticValueIteration --epsilon 5e-2 -S Memory
Wallclock time:	8.701423168182373
Return code:	0
Output:




csma.3-4.jani:model: info: csma.3-4 is an MDP model.
csma.3-4.jani: info: Need 24 bytes per state.
csma.3-4.jani: info: Explored 1459469 states.

Peak memory usage: 430 MB
Analysis results for csma.3-4.jani

+ State space exploration
  State size:  24 bytes
  States:      1459469
  Transitions: 1469580
  Branches:    2395050
  Rate:        326942 states/s
  Time:        4.6 s

+ Property all_before_max
  Probability: 0.9324492331624314
  Bounds:      [0.9324469288458123, 0.9324515374790505]
  Time:        3.5 s

  + Optimistic value iteration
    Total iterations:  60
    Verif. attempts:   2
    Verif. iterations: 21
    Final epsilon:     0.004643169677945647
    Time:              3.5 s

Exported results to file "/out.txt".

##############################Output to stderr##############################
The Modest Toolset (www.modestchecker.net), version v3.1.37-g70ec9956e.

