Command:	mcsta/modest mcsta consensus.4.jani -E K=4 --props steps_min -O out.txt Minimal --unsafe --es -S Memory --no-partial-results --alg OptimisticValueIteration --epsilon 5e-2 --width 5e-2 --relative-width
Wallclock time:	2.9051506519317627
Return code:	0
Output:




consensus.4.jani:model: info: consensus.4 is an MDP model.
consensus.4.jani:variables[6]: info: Expanding variable "pc1" into 4 locations in automaton "process1".
consensus.4.jani:variables[8]: info: Expanding variable "pc2" into 4 locations in automaton "process2".
consensus.4.jani:variables[10]: info: Expanding variable "pc3" into 4 locations in automaton "process3".
consensus.4.jani:variables[12]: info: Expanding variable "pc4" into 4 locations in automaton "process4".
consensus.4.jani: info: Need 16 bytes per state.
consensus.4.jani: info: Explored 43136 states for K=4.
consensus.4.jani:properties[4]: warning: Computing minimum expected reward in property "steps_min" without checking for zero-reward end components.

Peak memory usage: 80 MB
Analysis results for consensus.4.jani
Experiment K=4

+ State space exploration
  State size:  16 bytes
  States:      43136
  Transitions: 115840
  Branches:    144352
  Rate:        102218 states/s
  Time:        0.4 s

+ Property steps_min
  Value:  798.2434254758582
  Bounds: [761.2573854056668, 835.2294655460496]
  Time:   1.9 s

  + Precomputations
    Max. prob. 1 states:          43136
    Time for max. prob. 1 states: 0.2 s

  + Essential states
    Iterations:       3
    Essential states: 38695
    Transitions:      109745
    Branches:         138257
    Time:             0.0 s

  + Optimistic value iteration
    Total iterations:  497
    Verif. attempts:   6
    Verif. iterations: 236
    Final epsilon:     9.206070666025582E-05
    Time:              1.7 s

Exported results to file "/out.txt".

##############################Output to stderr##############################
The Modest Toolset (www.modestchecker.net), version v3.1.42-gb5e9d523c.

