Command:	mcsta/modest mcsta pacman.jani -E MAXSTEPS=100 --props crash -O out.txt Minimal --unsafe --es -S Memory --no-partial-results
Wallclock time:	299.79538893699646
Return code:	0
Output:




pacman.jani:model: info: pacman is an MDP model.
pacman.jani:variables[1]: info: Expanding variable "pMove" into 3 locations in automaton "arbiter".
pacman.jani: info: Need 16 bytes per state.
pacman.jani: info: Explored 16115358 states for MAXSTEPS=100.

Peak memory usage: 3655 MB
Analysis results for pacman.jani
Experiment MAXSTEPS=100

+ State space exploration
  State size:  16 bytes
  States:      16115358
  Transitions: 20214527
  Branches:    22140403
  Rate:        54904 states/s
  Time:        294.9 s

+ Property crash
  Probability: 0.5511176224662503
  Bounds:      [0.5511176224662503, 0.5511176224662503]
  Time:        3.6 s

  + Essential states
    Iterations:       2
    Essential states: 3176039
    Transitions:      7275208
    Branches:         9201000
    Time:             3.1 s

  + Value iteration
    Final error: 0
    Iterations:  2
    Time:        0.5 s

Exported results to file "/out.txt".

##############################Output to stderr##############################
The Modest Toolset (www.modestchecker.net), version v3.1.42-gb5e9d523c.

