Command:	mcsta/modest mcsta zeroconf-pta.jani --props incorrect -E T=200 -O out.txt Minimal --no-partial-results --width 5e-2 --relative-width --alg OptimisticValueIteration --epsilon 5e-2
Wallclock time:	0.6313817501068115
Return code:	0
Output:




zeroconf-pta.jani:model: info: zeroconf-pta is a PTA model.
zeroconf-pta.jani:variables[2]: info: Expanding variable "s" into 3 locations in automaton "sender".
zeroconf-pta.jani:variables[6]: info: Expanding variable "e" into 3 locations in automaton "environment".
zeroconf-pta.jani: info: Need 16 bytes per state.
zeroconf-pta.jani: info: Explored 498 states for T=200.

Peak memory usage: 51 MB
Analysis results for zeroconf-pta.jani
Experiment T=200

+ State space exploration
  State size:  16 bytes
  States:      498
  Transitions: 616
  Branches:    641
  Rate:        10596 states/s
  Time:        0.1 s

+ Property incorrect
  Probability: 0.0013093366112461818
  Bounds:      [0.001298260733217528, 0.0013204124892748357]
  Time:        0.0 s

  + Optimistic value iteration
    Total iterations:  12
    Verif. attempts:   1
    Verif. iterations: 4
    Final epsilon:     0.05
    Time:              0.0 s

Exported results to file "/out.txt".

##############################Output to stderr##############################
The Modest Toolset (www.modestchecker.net), version v3.1.37-g70ec9956e.

