Command:	mcsta/modest mcsta csma.4-2.jani --props time_max -O out.txt Minimal --unsafe --no-partial-results --width 5e-2 --relative-width --alg OptimisticValueIteration --epsilon 5e-2 -S Memory
Wallclock time:	5.805713176727295
Return code:	0
Output:




csma.4-2.jani:model: info: csma.4-2 is an MDP model.
csma.4-2.jani: info: Need 24 bytes per state.
csma.4-2.jani: info: Explored 761962 states.

Peak memory usage: 260 MB
Analysis results for csma.4-2.jani

+ State space exploration
  State size:  24 bytes
  States:      761962
  Transitions: 825504
  Branches:    1327068
  Rate:        272032 states/s
  Time:        2.9 s

+ Property time_max
  Value:  143.16544159769256
  Bounds: [142.19857500476223, 144.1323081906229]
  Time:   2.3 s

  + Precomputations
    Min. prob. 0 states:          0
    Time for min. prob. 0 states: 0.2 s
    Min. prob. 1 states:          761962
    Time for min. prob. 1 states: 0.0 s

  + Optimistic value iteration
    Total iterations:  60
    Verif. attempts:   2
    Verif. iterations: 31
    Final epsilon:     0.012636484003941425
    Time:              2.1 s

Exported results to file "/out.txt".

##############################Output to stderr##############################
The Modest Toolset (www.modestchecker.net), version v3.1.37-g70ec9956e.

