Command:	mcsta/modest mcsta embedded.jani --props actuators -E MAX_COUNT=8,T=12 -O out.txt Minimal --unsafe --epsilon 0 --p0 --p1 -S Memory
Wallclock time:	63.19422507286072
Return code:	0
Output:




embedded.jani:model: info: embedded is a CTMC model.
embedded.jani: info: Need 16 bytes per state.
embedded.jani: info: Explored 5820 states for MAX_COUNT=8, T=12.0.

Peak memory usage: 53 MB
Analysis results for embedded.jani
Experiment MAX_COUNT=8, T=12.0

+ State space exploration
  State size:  16 bytes
  States:      5820
  Transitions: 5820
  Branches:    16788
  Rate:        86866 states/s
  Time:        0.1 s

+ Property actuators
  Probability: 0.10530365579256802
  Bounds:      [0.10530365579256802, 0.10530365579256802]
  Time:        62.6 s

  + Precomputations
    Min. prob. 0 states:          4512
    Time for min. prob. 0 states: 0.0 s
    Min. prob. 1 states:          180
    Time for min. prob. 1 states: 0.0 s

  + Value iteration
    Final error: 0
    Iterations:  454963
    Time:        62.6 s

Exported results to file "/out.txt".

##############################Output to stderr##############################
The Modest Toolset (www.modestchecker.net), version v3.1.37-g70ec9956e.

