Command:	mcsta/modest mcsta echoring.jani --props MaxOffline1 -E ITERATIONS=100 -O out.txt Minimal --unsafe --no-partial-results --width 1e-6 --relative-width --alg OptimisticValueIteration --epsilon 1e-6 -S Memory
Wallclock time:	17.50764513015747
Return code:	0
Output:




echoring.jani:model: info: echoring is an MDP model.
echoring.jani: info: Need 48 bytes per state.
echoring.jani: info: Explored 836418 states for ITERATIONS=100.

Peak memory usage: 307 MB
Analysis results for echoring.jani
Experiment ITERATIONS=100

+ State space exploration
  State size:  48 bytes
  States:      836418
  Transitions: 1339820
  Branches:    1489542
  Rate:        228654 states/s
  Time:        3.8 s

+ Property MaxOffline1
  Probability: 1.050083658567525E-06
  Bounds:      [1.0500830197776424E-06, 1.0500842973574075E-06]
  Time:        12.4 s

  + Optimistic value iteration
    Total iterations:  318
    Verif. attempts:   1
    Verif. iterations: 26
    Final epsilon:     1E-06
    Time:              12.4 s

Exported results to file "/out.txt".

##############################Output to stderr##############################
The Modest Toolset (www.modestchecker.net), version v3.1.37-g70ec9956e.

