Command:	mcsta/modest mcsta coupon.9-4.jani -E B=5 --props exp_draws -O out.txt Minimal --unsafe --es -S Memory --no-partial-results
Wallclock time:	31.035571575164795
Return code:	0
Output:




coupon.9-4.jani:model: info: coupon.9-4 is a DTMC model.
coupon.9-4.jani: info: Need 16 bytes per state.
coupon.9-4.jani: warning: The probabilities for a transition do not sum up to 1. Results will likely be affected by floating-point errors.
coupon.9-4.jani: info: Explored 21077063 states for B=5.

Peak memory usage: 4922 MB
Analysis results for coupon.9-4.jani
Experiment B=5

+ State space exploration
  State size:  16 bytes
  States:      21077063
  Transitions: 21077063
  Branches:    24429223
  Rate:        1028250 states/s
  Time:        22.3 s

+ Property exp_draws
  Value:  6.74006827595236
  Bounds: [6.74006827595236, infinity)
  Time:   8.1 s

  + Precomputations
    Min. prob. 0 states:          0
    Time for min. prob. 0 states: 2.7 s
    Min. prob. 1 states:          21077063
    Time for min. prob. 1 states: 0.9 s

  + Essential states
    Iterations:       4
    Essential states: 414604
    Transitions:      414604
    Branches:         3731412
    Time:             3.5 s

  + Value iteration
    Final error: 7.125956179016519E-07
    Iterations:  31
    Time:        0.9 s

Exported results to file "/out.txt".

##############################Output to stderr##############################
The Modest Toolset (www.modestchecker.net), version v3.1.42-gb5e9d523c.

