Command:	mcsta/modest mcsta ftwc.jani -E N=8,TIME_BOUND=5 --props TimeMax -O out.txt Minimal --unsafe --es -S Memory --epsilon 0
Wallclock time:	488.67647075653076
Return code:	0
Output:




ftwc.jani:model: info: ftwc is an MA model.
ftwc.jani: info: Need at least 40 bytes per state.
ftwc.jani: info: Explored 10299 states for N=8, TIME_BOUND=5.

Peak memory usage: 59 MB
Analysis results for ftwc.jani
Experiment N=8, TIME_BOUND=5

+ State space exploration
  Min. state size: 40 bytes
  States:          10299
  Transitions:     12635
  Branches:        26983
  Rate:            75175 states/s
  Time:            0.1 s

+ Property TimeMax
  Value:  1995676.5075827935
  Bounds: [1995676.5075827935, 1995676.5075827935]
  Time:   488.0 s

  + Precomputations
    Min. prob. 0 states:          0
    Time for min. prob. 0 states: 0.0 s
    Min. prob. 1 states:          10299
    Time for min. prob. 1 states: 0.0 s

  + Essential states
    Iterations:       3
    Essential states: 5206
    Transitions:      7542
    Branches:         21890
    Time:             0.0 s

  + Value iteration
    Final error: 0
    Iterations:  1628057
    Time:        488.0 s

Exported results to file "/out.txt".

##############################Output to stderr##############################
The Modest Toolset (www.modestchecker.net), version v3.1.42-gb5e9d523c.

