Command:	mcsta/modest mcsta consensus.4.jani -E K=4 --props steps_min -O out.txt Minimal --unsafe --es -S Memory --no-partial-results
Wallclock time:	3.591623544692993
Return code:	0
Output:




consensus.4.jani:model: info: consensus.4 is an MDP model.
consensus.4.jani:variables[6]: info: Expanding variable "pc1" into 4 locations in automaton "process1".
consensus.4.jani:variables[8]: info: Expanding variable "pc2" into 4 locations in automaton "process2".
consensus.4.jani:variables[10]: info: Expanding variable "pc3" into 4 locations in automaton "process3".
consensus.4.jani:variables[12]: info: Expanding variable "pc4" into 4 locations in automaton "process4".
consensus.4.jani: info: Need 16 bytes per state.
consensus.4.jani: info: Explored 43136 states for K=4.
consensus.4.jani:properties[4]: warning: Computing minimum expected reward in property "steps_min" without checking for zero-reward end components.

Peak memory usage: 80 MB
Analysis results for consensus.4.jani
Experiment K=4

+ State space exploration
  State size:  16 bytes
  States:      43136
  Transitions: 115840
  Branches:    144352
  Rate:        101736 states/s
  Time:        0.4 s

+ Property steps_min
  Value:  767.9257175578568
  Bounds: [767.9257175578568, infinity)
  Time:   2.6 s

  + Precomputations
    Max. prob. 1 states:          43136
    Time for max. prob. 1 states: 0.2 s

  + Essential states
    Iterations:       3
    Essential states: 38695
    Transitions:      109745
    Branches:         138257
    Time:             0.0 s

  + Value iteration
    Final error: 9.93513688993852E-07
    Iterations:  959
    Time:        2.3 s

Exported results to file "/out.txt".

##############################Output to stderr##############################
The Modest Toolset (www.modestchecker.net), version v3.1.42-gb5e9d523c.

