Command:	mcsta/modest mcsta wlan-large.jani -E K=2 --props E_or -O out.txt Minimal --unsafe --es -S Memory --no-partial-results --alg OptimisticValueIteration --epsilon 1e-6 --width 1e-6 --relative-width
Wallclock time:	20.523709535598755
Return code:	0
Output:




wlan-large.jani:model: info: wlan-large is an STA model.
wlan-large.jani: info: Need 16 bytes per state.
wlan-large.jani: info: Explored 3189783 states for K=2.

Peak memory usage: 1039 MB
Analysis results for wlan-large.jani
Experiment K=2

+ State space exploration
  State size:  16 bytes
  States:      3189783
  Transitions: 6045235
  Branches:    6065855
  Rate:        223593 states/s
  Time:        14.7 s

+ Property E_or
  Value:  33692.45840887166
  Bounds: [33692.45733978932, 33692.459477954]
  Time:   4.8 s

  + Precomputations
    Min. prob. 0 states:          0
    Time for min. prob. 0 states: 3.3 s
    Min. prob. 1 states:          3189783
    Time for min. prob. 1 states: 0.2 s

  + Essential states
    Iterations:       11
    Essential states: 139882
    Transitions:      326004
    Branches:         346624
    Time:             1.2 s

  + Optimistic value iteration
    Total iterations:  10
    Verif. attempts:   1
    Verif. iterations: 2
    Final epsilon:     1E-06
    Time:              0.1 s

Exported results to file "/out.txt".

##############################Output to stderr##############################
The Modest Toolset (www.modestchecker.net), version v3.1.42-gb5e9d523c.

