Command:	mcsta/modest mcsta firewire-pta.jani --props eventually -E delay=30,T=5000 -O out.txt Minimal --unsafe --no-partial-results --width 1e-6 --relative-width --alg OptimisticValueIteration --epsilon 1e-6 -S Memory
Wallclock time:	110.83863162994385
Return code:	0
Output:




firewire-pta.jani:model: info: firewire-pta is a PTA model.
firewire-pta.jani:variables[3]: info: Expanding variable "w12" into 10 locations in automaton "wire12".
firewire-pta.jani:variables[6]: info: Expanding variable "s1" into 9 locations in automaton "node1".
firewire-pta.jani:variables[8]: info: Expanding variable "w21" into 10 locations in automaton "wire21".
firewire-pta.jani:variables[11]: info: Expanding variable "s2" into 9 locations in automaton "node2".
firewire-pta.jani: info: Need 24 bytes per state.
firewire-pta.jani: info: Explored 4432272 states for delay=30, T=5000.

Peak memory usage: 1146 MB
Analysis results for firewire-pta.jani
Experiment delay=30, T=5000

+ State space exploration
  State size:  24 bytes
  States:      4432272
  Transitions: 5529800
  Branches:    5533832
  Rate:        359704 states/s
  Time:        12.7 s

+ Property eventually
  Probability: 0.9999997615814209
  Bounds:      [0.9999995231628418, 1]
  Time:        97.5 s

  + Optimistic value iteration
    Total iterations:  642
    Verif. attempts:   1
    Verif. iterations: 1
    Final epsilon:     1E-06
    Time:              97.5 s

Exported results to file "/out.txt".

##############################Output to stderr##############################
The Modest Toolset (www.modestchecker.net), version v3.1.37-g70ec9956e.

