Command:	mcsta/modest mcsta resource-gathering.jani -E B=1300,GOLD_TO_COLLECT=100,GEM_TO_COLLECT=100 --props expsteps -O out.txt Minimal --unsafe --es -S Memory --no-partial-results --alg OptimisticValueIteration --epsilon 1e-6 --width 1e-6 --relative-width
Wallclock time:	153.74606847763062
Return code:	0
Output:




resource-gathering.jani:model: info: resource-gathering is an MDP model.
resource-gathering.jani: info: Need 16 bytes per state.
resource-gathering.jani: info: Explored 958801 states for B=1300, GOLD_TO_COLLECT=100, GEM_TO_COLLECT=100.
resource-gathering.jani:properties[1]: warning: Computing minimum expected reward in property "expsteps" without checking for zero-reward end components.

Peak memory usage: 503 MB
Analysis results for resource-gathering.jani
Experiment B=1300, GOLD_TO_COLLECT=100, GEM_TO_COLLECT=100

+ State space exploration
  State size:  16 bytes
  States:      958801
  Transitions: 3080401
  Branches:    3325201
  Rate:        247050 states/s
  Time:        4.1 s

+ Property expsteps
  Value:  1292.5934985749386
  Bounds: [1292.5925925923289, 1292.5944045575484]
  Time:   149.1 s

  + Precomputations
    Max. prob. 1 states:          958801
    Time for max. prob. 1 states: 102.8 s

  + Essential states
    Iterations:       1
    Essential states: 958801
    Transitions:      3080401
    Branches:         3325201
    Time:             0.1 s

  + Optimistic value iteration
    Total iterations:  667
    Verif. attempts:   1
    Verif. iterations: 10
    Final epsilon:     1E-06
    Time:              46.2 s

Exported results to file "/out.txt".

##############################Output to stderr##############################
The Modest Toolset (www.modestchecker.net), version v3.1.42-gb5e9d523c.

