Command:	mcsta/modest mcsta zenotravel.4-2-2.jani --props goal -O out.txt Minimal --unsafe --es -S Memory --no-partial-results
Wallclock time:	31.335333108901978
Return code:	0
Output:




zenotravel.4-2-2.jani:model: info: jani_from_ppddl is an MDP model.
zenotravel.4-2-2.jani: info: Need 16 bytes per state.
zenotravel.4-2-2.jani: info: Explored 459900 states.

Peak memory usage: 451 MB
Analysis results for zenotravel.4-2-2.jani

+ State space exploration
  State size:  16 bytes
  States:      459900
  Transitions: 2976444
  Branches:    3818556
  Rate:        53278 states/s
  Time:        8.8 s

+ Property goal
  Probability: 0.9999999999246721
  Bounds:      [0.9999999999246721, 1]
  Time:        21.8 s

  + Essential states
    Iterations:       1
    Essential states: 457777
    Transitions:      2974321
    Branches:         3816433
    Time:             0.3 s

  + Value iteration
    Final error: 9.72780197318601E-07
    Iterations:  390
    Time:        21.5 s

Exported results to file "/out.txt".

##############################Output to stderr##############################
The Modest Toolset (www.modestchecker.net), version v3.1.42-gb5e9d523c.

