Command:	mcsta/modest mcsta consensus.6.jani --props disagree -E K=2 -O out.txt Minimal --unsafe --no-partial-results --width 5e-2 --relative-width --alg OptimisticValueIteration --epsilon 5e-2 -S Memory
Wallclock time:	43.25980019569397
Return code:	0
Output:




consensus.6.jani:model: info: consensus.6 is an MDP model.
consensus.6.jani:variables[6]: info: Expanding variable "pc1" into 4 locations in automaton "process1".
consensus.6.jani:variables[8]: info: Expanding variable "pc2" into 4 locations in automaton "process2".
consensus.6.jani:variables[10]: info: Expanding variable "pc3" into 4 locations in automaton "process3".
consensus.6.jani:variables[12]: info: Expanding variable "pc4" into 4 locations in automaton "process4".
consensus.6.jani:variables[14]: info: Expanding variable "pc5" into 4 locations in automaton "process5".
consensus.6.jani:variables[16]: info: Expanding variable "pc6" into 4 locations in automaton "process6".
consensus.6.jani: info: Need 24 bytes per state.
consensus.6.jani: info: Explored 1258240 states for K=2.

Peak memory usage: 637 MB
Analysis results for consensus.6.jani
Experiment K=2

+ State space exploration
  State size:  24 bytes
  States:      1258240
  Transitions: 5008128
  Branches:    6236736
  Rate:        230194 states/s
  Time:        5.8 s

+ Property disagree
  Probability: 0.36378261351140945
  Bounds:      [0.3562041181193578, 0.3713611089034611]
  Time:        36.9 s

  + Optimistic value iteration
    Total iterations:  354
    Verif. attempts:   5
    Verif. iterations: 134
    Final epsilon:     0.001095342693432433
    Time:              36.9 s

Exported results to file "/out.txt".

##############################Output to stderr##############################
The Modest Toolset (www.modestchecker.net), version v3.1.37-g70ec9956e.

