Command:	mcsta/modest mcsta pacman.jani --props crash -E MAXSTEPS=60 -O out.txt Minimal --unsafe --no-partial-results --epsilon 0 --absolute-epsilon --p0 --p1 -S Memory
Wallclock time:	135.5001802444458
Return code:	0
Output:




pacman.jani:model: info: pacman is an MDP model.
pacman.jani:variables[1]: info: Expanding variable "pMove" into 3 locations in automaton "arbiter".
pacman.jani: info: Need 16 bytes per state.
pacman.jani: info: Explored 7253118 states for MAXSTEPS=60.

Peak memory usage: 1621 MB
Analysis results for pacman.jani
Experiment MAXSTEPS=60

+ State space exploration
  State size:  16 bytes
  States:      7253118
  Transitions: 9097907
  Branches:    9952883
  Rate:        54868 states/s
  Time:        132.8 s

+ Property crash
  Probability: 0.5511074970678997
  Bounds:      [0.5511074970678997, 0.5511074970678997]
  Time:        1.5 s

  + Precomputations
    Min. prob. 0 states:          4258005
    Time for min. prob. 0 states: 0.6 s
    Min. prob. 1 states:          950541
    Time for min. prob. 1 states: 0.3 s

  + Value iteration
    Final error: 0
    Iterations:  2
    Time:        0.6 s

Exported results to file "/out.txt".

##############################Output to stderr##############################
The Modest Toolset (www.modestchecker.net), version v3.1.37-g70ec9956e.

