Command:	mcsta/modest mcsta consensus.4.jani --props disagree -E K=4 -O out.txt Minimal --no-partial-results --width 1e-6 --relative-width --alg OptimisticValueIteration --epsilon 1e-6
Wallclock time:	6.558419942855835
Return code:	0
Output:




consensus.4.jani:model: info: consensus.4 is an MDP model.
consensus.4.jani:variables[6]: info: Expanding variable "pc1" into 4 locations in automaton "process1".
consensus.4.jani:variables[8]: info: Expanding variable "pc2" into 4 locations in automaton "process2".
consensus.4.jani:variables[10]: info: Expanding variable "pc3" into 4 locations in automaton "process3".
consensus.4.jani:variables[12]: info: Expanding variable "pc4" into 4 locations in automaton "process4".
consensus.4.jani: info: Need 16 bytes per state.
consensus.4.jani: info: Explored 43136 states for K=4.

Peak memory usage: 58 MB
Analysis results for consensus.4.jani
Experiment K=4

+ State space exploration
  State size:  16 bytes
  States:      43136
  Transitions: 115840
  Branches:    144352
  Rate:        84747 states/s
  Time:        0.6 s

+ Property disagree
  Probability: 0.1560732075238362
  Bounds:      [0.15607305465878357, 0.1560733603888888]
  Time:        5.4 s

  + Optimistic value iteration
    Total iterations:  2070
    Verif. attempts:   6
    Verif. iterations: 379
    Final epsilon:     9.101056441201203E-10
    Time:              5.4 s

Exported results to file "/out.txt".

##############################Output to stderr##############################
The Modest Toolset (www.modestchecker.net), version v3.1.37-g70ec9956e.

