Command:	mcsta/modest mcsta pacman.jani --props crash -E MAXSTEPS=60 -O out.txt Minimal --no-partial-results --width 1e-3 --relative-width
Wallclock time:	152.93772554397583
Return code:	0
Output:




pacman.jani:model: info: pacman is an MDP model.
pacman.jani:variables[1]: info: Expanding variable "pMove" into 3 locations in automaton "arbiter".
pacman.jani: info: Need 16 bytes per state.
pacman.jani: info: Explored 7253118 states for MAXSTEPS=60.

Peak memory usage: 737 MB
Analysis results for pacman.jani
Experiment MAXSTEPS=60

+ State space exploration
  State size:  16 bytes
  States:      7253118
  Transitions: 9097907
  Branches:    9952883
  Rate:        49479 states/s
  Time:        149.4 s

+ Property crash
  Probability: 0.5511074970678997
  Bounds:      [0.5511074970678997, 0.5511074970678997]
  Time:        1.0 s

  + Value iteration
    Final error: 0
    Iterations:  2
    Time:        0.8 s

Exported results to file "/out.txt".

##############################Output to stderr##############################
The Modest Toolset (www.modestchecker.net), version v3.1.37-g70ec9956e.

