Command:	mcsta/modest mcsta consensus.6.jani -E K=2 --props disagree -O out.txt Minimal --unsafe --es -S Memory --epsilon 0
Wallclock time:	220.65306162834167
Return code:	0
Output:




consensus.6.jani:model: info: consensus.6 is an MDP model.
consensus.6.jani:variables[6]: info: Expanding variable "pc1" into 4 locations in automaton "process1".
consensus.6.jani:variables[8]: info: Expanding variable "pc2" into 4 locations in automaton "process2".
consensus.6.jani:variables[10]: info: Expanding variable "pc3" into 4 locations in automaton "process3".
consensus.6.jani:variables[12]: info: Expanding variable "pc4" into 4 locations in automaton "process4".
consensus.6.jani:variables[14]: info: Expanding variable "pc5" into 4 locations in automaton "process5".
consensus.6.jani:variables[16]: info: Expanding variable "pc6" into 4 locations in automaton "process6".
consensus.6.jani: info: Need 24 bytes per state.
consensus.6.jani: info: Explored 1258240 states for K=2.

Peak memory usage: 775 MB
Analysis results for consensus.6.jani
Experiment K=2

+ State space exploration
  State size:  24 bytes
  States:      1258240
  Transitions: 5008128
  Branches:    6236736
  Rate:        234265 states/s
  Time:        5.7 s

+ Property disagree
  Probability: 0.3636447495629016
  Bounds:      [0.3636447495629016, 0.3636447495629016]
  Time:        214.4 s

  + Essential states
    Iterations:       4
    Essential states: 1197415
    Transitions:      4840501
    Branches:         6069109
    Time:             0.8 s

  + Value iteration
    Final error: 0
    Iterations:  2116
    Time:        213.5 s

Exported results to file "/out.txt".

##############################Output to stderr##############################
The Modest Toolset (www.modestchecker.net), version v3.1.42-gb5e9d523c.

