Command:	mcsta/modest mcsta consensus.4.jani --props steps_min -E K=4 -O out.txt Minimal --unsafe --no-partial-results --width 5e-2 --relative-width --alg OptimisticValueIteration --epsilon 5e-2 -S Memory
Wallclock time:	2.5198230743408203
Return code:	0
Output:




consensus.4.jani:model: info: consensus.4 is an MDP model.
consensus.4.jani:variables[6]: info: Expanding variable "pc1" into 4 locations in automaton "process1".
consensus.4.jani:variables[8]: info: Expanding variable "pc2" into 4 locations in automaton "process2".
consensus.4.jani:variables[10]: info: Expanding variable "pc3" into 4 locations in automaton "process3".
consensus.4.jani:variables[12]: info: Expanding variable "pc4" into 4 locations in automaton "process4".
consensus.4.jani: info: Need 16 bytes per state.
consensus.4.jani: info: Explored 43136 states for K=4.
consensus.4.jani:properties[4]: warning: Computing minimum expected reward in property "steps_min" without checking for zero-reward end components.

Peak memory usage: 75 MB
Analysis results for consensus.4.jani
Experiment K=4

+ State space exploration
  State size:  16 bytes
  States:      43136
  Transitions: 115840
  Branches:    144352
  Rate:        101976 states/s
  Time:        0.4 s

+ Property steps_min
  Value:  798.2434315474666
  Bounds: [761.2573854056668, 835.2294776892664]
  Time:   1.5 s

  + Precomputations
    Max. prob. 1 states:          43136
    Time for max. prob. 1 states: 0.2 s

  + Optimistic value iteration
    Total iterations:  497
    Verif. attempts:   6
    Verif. iterations: 236
    Final epsilon:     9.206222592256774E-05
    Time:              1.3 s

Exported results to file "/out.txt".

##############################Output to stderr##############################
The Modest Toolset (www.modestchecker.net), version v3.1.37-g70ec9956e.

