Command:	mcsta/modest mcsta csma.3-4.jani --props time_max -O out.txt Minimal --unsafe --es -S Memory --no-partial-results --alg OptimisticValueIteration --epsilon 5e-2 --width 5e-2 --relative-width
Wallclock time:	6.716291666030884
Return code:	0
Output:




csma.3-4.jani:model: info: csma.3-4 is an MDP model.
csma.3-4.jani: info: Need 24 bytes per state.
csma.3-4.jani: info: Explored 1460287 states.

Peak memory usage: 480 MB
Analysis results for csma.3-4.jani

+ State space exploration
  State size:  24 bytes
  States:      1460287
  Transitions: 1471059
  Branches:    2396727
  Rate:        326686 states/s
  Time:        4.6 s

+ Property time_max
  Value:  116.82896651256071
  Bounds: [116.81825562366011, 116.83967740146132]
  Time:   1.5 s

  + Precomputations
    Min. prob. 0 states:          0
    Time for min. prob. 0 states: 0.6 s
    Min. prob. 1 states:          1460287
    Time for min. prob. 1 states: 0.1 s

  + Essential states
    Iterations:       19
    Essential states: 61385
    Transitions:      70574
    Branches:         821225
    Time:             0.8 s

  + Optimistic value iteration
    Total iterations:  8
    Verif. attempts:   1
    Verif. iterations: 3
    Final epsilon:     0.05
    Time:              0.1 s

Exported results to file "/out.txt".

##############################Output to stderr##############################
The Modest Toolset (www.modestchecker.net), version v3.1.42-gb5e9d523c.

