Command:	mcsta/modest mcsta philosophers.16.jani --props MinExpTimeDeadlock -E TIME_BOUND=1 -O out.txt Minimal --epsilon 0
Wallclock time:	73.37237811088562
Return code:	0
Output:




philosophers.16.jani:model: info: Philosophers16 is a CTMC model.
philosophers.16.jani: info: Need 72 bytes per state.
philosophers.16.jani: info: Explored 1331714 states for TIME_BOUND=1.0.

Peak memory usage: 542 MB
Analysis results for philosophers.16.jani
Experiment TIME_BOUND=1.0

+ State space exploration
  State size:  72 bytes
  States:      1331714
  Transitions: 1331714
  Branches:    13774113
  Rate:        30139 states/s
  Time:        48.4 s

+ Property MinExpTimeDeadlock
  Value:  10.78297345256119
  Bounds: [10.78297345256119, 10.78297345256119]
  Time:   23.0 s

  + Precomputations
    Min. prob. 0 states:          0
    Time for min. prob. 0 states: 0.8 s
    Min. prob. 1 states:          1331714
    Time for min. prob. 1 states: 0.3 s

  + Value iteration
    Final error: 0
    Iterations:  185
    Time:        21.8 s

Exported results to file "/out.txt".

##############################Output to stderr##############################
The Modest Toolset (www.modestchecker.net), version v3.1.37-g70ec9956e.

