Command:	mcsta/modest mcsta zenotravel.4-2-2.jani --props goal -O out.txt Minimal --unsafe --es -S Memory --no-partial-results --alg OptimisticValueIteration --epsilon 5e-2 --width 5e-2 --relative-width
Wallclock time:	19.158452033996582
Return code:	0
Output:




zenotravel.4-2-2.jani:model: info: jani_from_ppddl is an MDP model.
zenotravel.4-2-2.jani: info: Need 16 bytes per state.
zenotravel.4-2-2.jani: info: Explored 459900 states.

Peak memory usage: 454 MB
Analysis results for zenotravel.4-2-2.jani

+ State space exploration
  State size:  16 bytes
  States:      459900
  Transitions: 2976444
  Branches:    3818556
  Rate:        53137 states/s
  Time:        8.8 s

+ Property goal
  Probability: 0.9999518241896521
  Bounds:      [0.9999036483793041, 1]
  Time:        9.6 s

  + Essential states
    Iterations:       1
    Essential states: 457777
    Transitions:      2974321
    Branches:         3816433
    Time:             0.3 s

  + Optimistic value iteration
    Total iterations:  178
    Verif. attempts:   4
    Verif. iterations: 20
    Final epsilon:     0.0033739276313134257
    Time:              9.3 s

Exported results to file "/out.txt".

##############################Output to stderr##############################
The Modest Toolset (www.modestchecker.net), version v3.1.42-gb5e9d523c.

