Command:	mcsta/modest mcsta wlan.6.jani --props cost_min -E COL=0 -O out.txt Minimal --unsafe --no-partial-results --epsilon 0 --absolute-epsilon -S Memory
Wallclock time:	1591.1591517925262
Return code:	0
Output:




wlan.6.jani:model: info: wlan.6 is an MDP model.
wlan.6.jani:variables[7]: info: Expanding variable "s1" into 12 locations in automaton "station1".
wlan.6.jani:variables[12]: info: Expanding variable "s2" into 12 locations in automaton "station2".
wlan.6.jani: info: Need 16 bytes per state.
wlan.6.jani: info: Explored 5007548 states for COL=0.
wlan.6.jani:properties[2]: warning: Computing minimum expected reward in property "cost_min" without checking for zero-reward end components.

Peak memory usage: 1594 MB
Analysis results for wlan.6.jani
Experiment COL=0

+ State space exploration
  State size:  16 bytes
  States:      5007548
  Transitions: 6350470
  Branches:    11475748
  Rate:        424945 states/s
  Time:        12.4 s

+ Property cost_min
  Value:  7625
  Bounds: [7625, infinity)
  Time:   1577.9 s

  + Precomputations
    Max. prob. 1 states:          5007548
    Time for max. prob. 1 states: 1285.8 s

  + Value iteration
    Final error: 0
    Iterations:  1036
    Time:        292.0 s

Exported results to file "/out.txt".

##############################Output to stderr##############################
The Modest Toolset (www.modestchecker.net), version v3.1.37-g70ec9956e.

