Command:	mcsta/modest mcsta ftwc.jani --props TimeMin -E N=8,TIME_BOUND=5 -O out.txt Minimal --unsafe --epsilon 0 -S Memory
Wallclock time:	600.0196690559387
Return code:	0
Output:




ftwc.jani:model: info: ftwc is an MA model.
ftwc.jani: info: Need at least 40 bytes per state.
ftwc.jani: info: Explored 10299 states for N=8, TIME_BOUND=5.
ftwc.jani:properties[3]: warning: Computing minimum expected reward in property "TimeMin" without checking for zero-reward end components.
ftwc.jani: warning: Value iteration for property "TimeMin" was aborted before convergence.

Peak memory usage: 58 MB
Analysis results for ftwc.jani
Experiment N=8, TIME_BOUND=5

+ State space exploration
  Min. state size: 40 bytes
  States:          10299
  Transitions:     12635
  Branches:        26983
  Rate:            73564 states/s
  Time:            0.1 s

+ Property TimeMin
  Value:  1995339.7517702347
  Bounds: [1995339.7517702347, infinity)
  Time:   599.4 s

  + Precomputations
    Max. prob. 1 states:          10299
    Time for max. prob. 1 states: 0.0 s

  + Value iteration
    Status:      Cancelled
    Final error: 5.920234479906896E-14
    Iterations:  1263577
    Time:        599.3 s

Exported results to file "/out.txt".

##############################Output to stderr##############################
The Modest Toolset (www.modestchecker.net), version v3.1.37-g70ec9956e.

