Command:	mcsta/modest mcsta dpm.jani --props PminQueue1Full -E N=6,C=6,TIME_BOUND=5 -O out.txt Minimal --unsafe --no-partial-results --epsilon 0 --absolute-epsilon --p0 --p1 -S Memory
Wallclock time:	41.05248975753784
Return code:	0
Output:




dpm.jani:model: info: dpm is an MA model.
dpm.jani: info: Need 16 bytes per state.
dpm.jani: info: Explored 9191028 states for N=6, C=6, TIME_BOUND=5.0.

Peak memory usage: 2404 MB
Analysis results for dpm.jani
Experiment N=6, C=6, TIME_BOUND=5.0

+ State space exploration
  State size:  16 bytes
  States:      9191028
  Transitions: 10604874
  Branches:    17865498
  Rate:        486632 states/s
  Time:        19.8 s

+ Property PminQueue1Full
  Probability: 0.026966107848695964
  Bounds:      [0.026966107848695964, 0.026966107848695964]
  Time:        20.6 s

  + Precomputations
    Min. prob. 0 states:          1080450
    Time for min. prob. 0 states: 0.7 s
    Min. prob. 1 states:          403368
    Time for min. prob. 1 states: 0.5 s

  + Value iteration
    Final error: 0
    Iterations:  51
    Time:        19.5 s

Exported results to file "/out.txt".

##############################Output to stderr##############################
The Modest Toolset (www.modestchecker.net), version v3.1.37-g70ec9956e.

