Command:	mcsta/modest mcsta stream.jani --props pr_underrun -E N=1000 -O out.txt Minimal --unsafe --no-partial-results --epsilon 0 --absolute-epsilon --p0 --p1 -S Memory
Wallclock time:	1.4182538986206055
Return code:	0
Output:




stream.jani:model: info: stream is an MA model.
stream.jani:variables[5]: info: Expanding variable "s" into 4 locations in automaton "streamingclient".
stream.jani: info: Need 8 bytes per state.
stream.jani: info: Explored 503501 states for N=1000.

Peak memory usage: 175 MB
Analysis results for stream.jani
Experiment N=1000

+ State space exploration
  State size:  8 bytes
  States:      503501
  Transitions: 504500
  Branches:    1004999
  Rate:        699307 states/s
  Time:        0.8 s

+ Property pr_underrun
  Probability: 0.27123157288019745
  Bounds:      [0.27123157288019745, 0.27123157288019745]
  Time:        0.1 s

  + Precomputations
    Min. prob. 0 states:          1003
    Time for min. prob. 0 states: 0.0 s
    Min. prob. 1 states:          999
    Time for min. prob. 1 states: 0.0 s

  + Value iteration
    Final error: 0
    Iterations:  3
    Time:        0.1 s

Exported results to file "/out.txt".

##############################Output to stderr##############################
The Modest Toolset (www.modestchecker.net), version v3.1.37-g70ec9956e.

