Command:	mcsta/modest mcsta haddad-monmege.jani -E N=100,p=0.7 --props exp_steps -O out.txt Minimal --unsafe --es -S Memory --epsilon 0
Wallclock time:	600.0342326164246
Return code:	0
Output:




haddad-monmege.jani:model: info: haddad-monmege is a DTMC model.
haddad-monmege.jani: info: Need 2 bytes per state.
haddad-monmege.jani: info: Explored 201 states for N=100, p=0.7.
haddad-monmege.jani: warning: Value iteration for property "exp_steps" was aborted before convergence.

Peak memory usage: 51 MB
Analysis results for haddad-monmege.jani
Experiment N=100, p=0.7

+ State space exploration
  State size:  2 bytes
  States:      201
  Transitions: 201
  Branches:    400
  Rate:        5289 states/s
  Time:        0.0 s

+ Property exp_steps
  Value:  201776108.47411117
  Bounds: [201776108.47411117, infinity)
  Time:   599.5 s

  + Precomputations
    Min. prob. 0 states:          0
    Time for min. prob. 0 states: 0.0 s
    Min. prob. 1 states:          201
    Time for min. prob. 1 states: 0.0 s

  + Essential states
    Iterations:       1
    Essential states: 201
    Transitions:      201
    Branches:         400
    Time:             0.0 s

  + Value iteration
    Status:      Cancelled
    Final error: 1.4867964485760529E-08
    Iterations:  67258703
    Time:        599.5 s

Exported results to file "/out.txt".

##############################Output to stderr##############################
The Modest Toolset (www.modestchecker.net), version v3.1.42-gb5e9d523c.

