Command:	mcsta/modest mcsta philosophers.20.jani --props MaxPrReachDeadlock -E TIME_BOUND=1 -O out.txt Minimal --unsafe --no-partial-results --epsilon 0 --absolute-epsilon --p0 --p1 -S Disk --store-compress None
Wallclock time:	1236.1005115509033
Return code:	0
Output:




philosophers.20.jani:model: info: Philosophers20 is a CTMC model.
philosophers.20.jani: info: Need 88 bytes per state.
philosophers.20.jani: info: Explored 45239074 states for TIME_BOUND=1.0.

Peak memory usage: 11510 MB
Analysis results for philosophers.20.jani
Experiment TIME_BOUND=1.0

+ State space exploration
  State size:  88 bytes
  States:      45239074
  Transitions: 45239074
  Branches:    584892921
  Rate:        57350 states/s
  Time:        944.3 s

+ Property MaxPrReachDeadlock
  Probability: 1
  Time:        287.3 s

  + Precomputations
    Min. prob. 0 states:          0
    Time for min. prob. 0 states: 265.8 s
    Min. prob. 1 states:          45239074
    Time for min. prob. 1 states: 21.3 s

Exported results to file "/out.txt".

##############################Output to stderr##############################
The Modest Toolset (www.modestchecker.net), version v3.1.37-g70ec9956e.

