Command:	mcsta/modest mcsta beb.4-8.jani --props LineSeized -E N=7 -O out.txt Minimal --unsafe --no-partial-results --epsilon 0 --absolute-epsilon --p0 --p1 -S Memory
Wallclock time:	449.1398730278015
Return code:	0
Output:




beb.4-8.jani:model: info: beb-4-8 is an MDP model.
beb.4-8.jani: info: Need 24 bytes per state.
beb.4-8.jani: info: Explored 19401892 states for N=7.

Peak memory usage: 5000 MB
Analysis results for beb.4-8.jani
Experiment N=7

+ State space exploration
  State size:  24 bytes
  States:      19401892
  Transitions: 20164086
  Branches:    34723782
  Rate:        492609 states/s
  Time:        41.1 s

+ Property LineSeized
  Probability: 0.999885498452205
  Bounds:      [0.999885498452205, 0.999885498452205]
  Time:        407.2 s

  + Precomputations
    Max. prob. 0 states:          2179933
    Time for max. prob. 0 states: 4.2 s
    Max. prob. 1 states:          12746548
    Time for max. prob. 1 states: 388.7 s

  + Value iteration
    Final error: 0
    Iterations:  34
    Time:        14.2 s

Exported results to file "/out.txt".

##############################Output to stderr##############################
The Modest Toolset (www.modestchecker.net), version v3.1.37-g70ec9956e.

