Command:	mcsta/modest mcsta rectangle-tireworld.11.jani --props goal -O out.txt Minimal --unsafe --no-partial-results --width 1e-3 --relative-width -S Memory
Wallclock time:	7.4765944480896
Return code:	0
Output:




rectangle-tireworld.11.jani:model: info: jani_from_ppddl is an MDP model.
rectangle-tireworld.11.jani:variables[2]: info: Expanding variable "var2" into 11 locations in automaton "aut".
rectangle-tireworld.11.jani: info: Need 4 bytes per state.
rectangle-tireworld.11.jani: info: Explored 242 states.

Peak memory usage: 359 MB
Analysis results for rectangle-tireworld.11.jani

+ State space exploration
  State size:  4 bytes
  States:      242
  Transitions: 15367
  Branches:    16084
  Rate:        903 states/s
  Time:        0.3 s

+ Property goal
  Probability: 0.9999999433238772
  Bounds:      [0.9999999433238772, 1]
  Time:        0.0 s

  + Value iteration
    Final error: 3.844246235100595E-07
    Iterations:  23
    Time:        0.0 s

Exported results to file "/out.txt".

##############################Output to stderr##############################
The Modest Toolset (www.modestchecker.net), version v3.1.37-g70ec9956e.

