Command:	mcsta/modest mcsta dpm.jani -E N=6,C=6,TIME_BOUND=5 --props PminQueue1Full -O out.txt Minimal --unsafe --es -S Memory --no-partial-results
Wallclock time:	25.04800844192505
Return code:	0
Output:




dpm.jani:model: info: dpm is an MA model.
dpm.jani: info: Need 16 bytes per state.
dpm.jani: info: Explored 9191028 states for N=6, C=6, TIME_BOUND=5.0.

Peak memory usage: 2645 MB
Analysis results for dpm.jani
Experiment N=6, C=6, TIME_BOUND=5.0

+ State space exploration
  State size:  16 bytes
  States:      9191028
  Transitions: 10604874
  Branches:    17865498
  Rate:        488443 states/s
  Time:        19.7 s

+ Property PminQueue1Full
  Probability: 0.026966106256541608
  Bounds:      [0.026966106256541608, 1]
  Time:        4.7 s

  + Essential states
    Iterations:       2
    Essential states: 2593081
    Transitions:      4006927
    Branches:         11267551
    Time:             1.6 s

  + Value iteration
    Final error: 4.608825513635347E-07
    Iterations:  21
    Time:        3.1 s

Exported results to file "/out.txt".

##############################Output to stderr##############################
The Modest Toolset (www.modestchecker.net), version v3.1.42-gb5e9d523c.

