Command:	mcsta/modest mcsta haddad-monmege.jani -E N=100,p=0.7 --props target -O out.txt Minimal --unsafe --es -S Memory --no-partial-results --p0 --p1
Wallclock time:	9.842367172241211
Return code:	0
Output:




haddad-monmege.jani:model: info: haddad-monmege is a DTMC model.
haddad-monmege.jani: info: Need 2 bytes per state.
haddad-monmege.jani: info: Explored 201 states for N=100, p=0.7.

Peak memory usage: 51 MB
Analysis results for haddad-monmege.jani
Experiment N=100, p=0.7

+ State space exploration
  State size:  2 bytes
  States:      201
  Transitions: 201
  Branches:    400
  Rate:        5289 states/s
  Time:        0.0 s

+ Property target
  Probability: 1.1044074760630038E-24
  Bounds:      [1.1044074760630038E-24, 1]
  Time:        9.3 s

  + Precomputations
    Min. prob. 0 states:          1
    Time for min. prob. 0 states: 0.0 s
    Min. prob. 1 states:          1
    Time for min. prob. 1 states: 0.0 s

  + Essential states
    Iterations:       1
    Essential states: 201
    Transitions:      201
    Branches:         400
    Time:             0.0 s

  + Value iteration
    Final error: 9.999990001285897E-07
    Iterations:  1000002
    Time:        9.3 s

Exported results to file "/out.txt".

##############################Output to stderr##############################
The Modest Toolset (www.modestchecker.net), version v3.1.42-gb5e9d523c.


############################## Notes ##############################
The tool result '5522037380315019/5000000000000000000000000000000000000000' is tagged as incorrect. The reference result is '7/10' (approx. 0.7) which means a relative error of '1.0' which is larger than the goal precision '0.001'.
