Command:	mcsta/modest mcsta pacman.jani -E MAXSTEPS=60 --props crash -O out.txt Minimal --unsafe --es -S Memory --no-partial-results --p0 --p1 --epsilon 0 --absolute-epsilon
Wallclock time:	132.88539385795593
Return code:	0
Output:




pacman.jani:model: info: pacman is an MDP model.
pacman.jani:variables[1]: info: Expanding variable "pMove" into 3 locations in automaton "arbiter".
pacman.jani: info: Need 16 bytes per state.
pacman.jani: info: Explored 7253118 states for MAXSTEPS=60.

Peak memory usage: 1656 MB
Analysis results for pacman.jani
Experiment MAXSTEPS=60

+ State space exploration
  State size:  16 bytes
  States:      7253118
  Transitions: 9097907
  Branches:    9952883
  Rate:        56159 states/s
  Time:        129.8 s

+ Property crash
  Probability: 0.5511074970678997
  Bounds:      [0.5511074970678997, 0.5511074970678997]
  Time:        1.9 s

  + Precomputations
    Min. prob. 0 states:          4258005
    Time for min. prob. 0 states: 0.5 s
    Min. prob. 1 states:          950541
    Time for min. prob. 1 states: 0.3 s

  + Essential states
    Iterations:       2
    Essential states: 469218
    Transitions:      713778
    Branches:         1132355
    Time:             1.0 s

  + Value iteration
    Final error: 0
    Iterations:  2
    Time:        0.1 s

Exported results to file "/out.txt".

##############################Output to stderr##############################
The Modest Toolset (www.modestchecker.net), version v3.1.42-gb5e9d523c.

