Command:	mcsta/modest mcsta egl.jani --props unfairA -E N=10,L=8 -O out.txt Minimal --no-partial-results --width 1e-3 --relative-width
Wallclock time:	1618.95565533638
Return code:	0
Output:




egl.jani:model: info: egl is a DTMC model.
egl.jani: info: Need 88 bytes per state.
egl.jani: info: Explored 234281097 states for N=10, L=8.

Peak memory usage: 11634 MB
Analysis results for egl.jani
Experiment N=10, L=8

+ State space exploration
  State size:  88 bytes
  States:      234281097
  Transitions: 234281097
  Branches:    235329672
  Rate:        187181 states/s
  Time:        1362.7 s

+ Property unfairA
  Probability: 0.50048828125
  Bounds:      [0.50048828125, 0.50048828125]
  Time:        253.8 s

  + Value iteration
    Final error: 0
    Iterations:  2
    Time:        253.4 s

Exported results to file "/out.txt".

##############################Output to stderr##############################
The Modest Toolset (www.modestchecker.net), version v3.1.37-g70ec9956e.

