Command:	mcsta/modest mcsta haddad-monmege.jani --props exp_steps -E N=100,p=0.7 -O out.txt Minimal --no-partial-results --width 1e-3 --relative-width
Wallclock time:	8.393409252166748
Return code:	0
Output:




haddad-monmege.jani:model: info: haddad-monmege is a DTMC model.
haddad-monmege.jani: info: Need 2 bytes per state.
haddad-monmege.jani: info: Explored 201 states for N=100, p=0.7.

Peak memory usage: 50 MB
Analysis results for haddad-monmege.jani
Experiment N=100, p=0.7

+ State space exploration
  State size:  2 bytes
  States:      201
  Transitions: 201
  Branches:    400
  Rate:        3792 states/s
  Time:        0.1 s

+ Property exp_steps
  Value:  3000002.9999468974
  Bounds: [3000002.9999468974, infinity)
  Time:   7.8 s

  + Precomputations
    Min. prob. 0 states:          0
    Time for min. prob. 0 states: 0.0 s
    Min. prob. 1 states:          201
    Time for min. prob. 1 states: 0.0 s

  + Value iteration
    Final error: 9.999993334678936E-07
    Iterations:  1000001
    Time:        7.8 s

Exported results to file "/out.txt".

##############################Output to stderr##############################
The Modest Toolset (www.modestchecker.net), version v3.1.37-g70ec9956e.


############################## Notes ##############################
The tool result '15000014999734487/5000000000' is tagged as incorrect. The reference result is '1901475900342344102245054808062' (approx. 1.901475900342344e+30) which means a relative error of '1.0' which is larger than the goal precision '0.001'.
