Command:	mcsta/modest mcsta crowds.jani -E TotalRuns=5,CrowdSize=20 --props positive -O out.txt Minimal --unsafe --es -S Memory --no-partial-results --p0 --p1
Wallclock time:	7.530000448226929
Return code:	0
Output:




crowds.jani:model: info: crowds is a DTMC model.
crowds.jani: info: Need 40 bytes per state.
crowds.jani: warning: The probabilities for a transition do not sum up to 1. Results will likely be affected by floating-point errors.
crowds.jani: info: Explored 2018094 states for TotalRuns=5, CrowdSize=20.

Peak memory usage: 687 MB
Analysis results for crowds.jani
Experiment TotalRuns=5, CrowdSize=20

+ State space exploration
  State size:  40 bytes
  States:      2018094
  Transitions: 2018094
  Branches:    7224834
  Rate:        400336 states/s
  Time:        5.3 s

+ Property positive
  Probability: 0.08606891126753627
  Bounds:      [0.08606891126753627, 1]
  Time:        1.7 s

  + Precomputations
    Min. prob. 0 states:          1745849
    Time for min. prob. 0 states: 0.5 s
    Min. prob. 1 states:          3542
    Time for min. prob. 1 states: 0.1 s

  + Essential states
    Iterations:       2
    Essential states: 212522
    Transitions:      212522
    Branches:         1700162
    Time:             0.2 s

  + Value iteration
    Final error: 9.368723888609267E-07
    Iterations:  58
    Time:        0.8 s

Exported results to file "/out.txt".

##############################Output to stderr##############################
The Modest Toolset (www.modestchecker.net), version v3.1.42-gb5e9d523c.

