Command:	mcsta/modest mcsta coupon.9-4.jani --props collect_all_bounded -E B=5 -O out.txt Minimal --unsafe --no-partial-results --width 1e-6 --relative-width --alg IntervalIteration -S Disk --store-compress None
Wallclock time:	80.34915447235107
Return code:	0
Output:




coupon.9-4.jani:model: info: coupon.9-4 is a DTMC model.
coupon.9-4.jani: info: Need 16 bytes per state.
coupon.9-4.jani: warning: The probabilities for a transition do not sum up to 1. Results will likely be affected by floating-point errors.
coupon.9-4.jani: info: Explored 21077063 states for B=5.
coupon.9-4.jani: warning: Encountered a value greater than 1 during interval iteration. The final result for property "collect_all_bounded" is likely affected by floating-point errors.

Peak memory usage: 2477 MB
Analysis results for coupon.9-4.jani
Experiment B=5

+ State space exploration
  State size:  16 bytes
  States:      21077063
  Transitions: 21077063
  Branches:    24429223
  Rate:        658329 states/s
  Time:        37.6 s

+ Property collect_all_bounded
  Probability: 0.35851078982197176
  Bounds:      [0.35851078982197176, 0.35851078982197176]
  CDF:         { (0, [0, 0]), ..., (2, [0, 0]), (3, [0.02862006609051592, 0.02862006609051592]), (4, [0.16073553349925984, 0.16073553349925984]), (5, [0.35851078982197176, 0.35851078982197176]) }
  Time:        42.0 s

  + Precomputations
    Min. prob. 0 states:          0
    Time for min. prob. 0 states: 2.6 s

  + Interval iteration
    Iterations: 30
    Time:       38.2 s

Exported results to file "/out.txt".

##############################Output to stderr##############################
The Modest Toolset (www.modestchecker.net), version v3.1.37-g70ec9956e.

