Command:	mcsta/modest mcsta elevators.b-11-9.jani --props goal -O out.txt Minimal --unsafe --es -S Memory --epsilon 0
Wallclock time:	27.925358057022095
Return code:	0
Output:




elevators.b-11-9.jani:model: info: jani_from_ppddl is an MDP model.
elevators.b-11-9.jani: info: Need 64 bytes per state.
elevators.b-11-9.jani: info: Explored 538326 states.

Peak memory usage: 465 MB
Analysis results for elevators.b-11-9.jani

+ State space exploration
  State size:  64 bytes
  States:      538326
  Transitions: 3208167
  Branches:    3456513
  Rate:        144246 states/s
  Time:        3.9 s

+ Property goal
  Probability: 1
  Bounds:      [1, 1]
  Time:        23.5 s

  + Essential states
    Iterations:       1
    Essential states: 538084
    Transitions:      3207925
    Branches:         3456271
    Time:             0.3 s

  + Value iteration
    Final error: 0
    Iterations:  389
    Time:        23.2 s

Exported results to file "/out.txt".

##############################Output to stderr##############################
The Modest Toolset (www.modestchecker.net), version v3.1.42-gb5e9d523c.

