Command:	mcsta/modest mcsta mapk_cascade.jani -E N=4,T=30 --props activated_time -O out.txt Minimal --unsafe --es -S Memory --no-partial-results --alg OptimisticValueIteration --epsilon 1e-6 --width 1e-6 --relative-width --p0 --p1
Wallclock time:	9.742437362670898
Return code:	0
Output:




mapk_cascade.jani:model: info: mapk_cascade is a CTMC model.
mapk_cascade.jani: info: Need 32 bytes per state.
mapk_cascade.jani: info: Explored 99535 states for N=4, T=30.0.

Peak memory usage: 177 MB
Analysis results for mapk_cascade.jani
Experiment N=4, T=30.0

+ State space exploration
  State size:  32 bytes
  States:      99535
  Transitions: 99535
  Branches:    901842
  Rate:        77459 states/s
  Time:        1.3 s

+ Property activated_time
  Value:  40.67649603414791
  Bounds: [40.67646982571709, 40.67652224257873]
  Time:   7.9 s

  + Precomputations
    Min. prob. 0 states:          0
    Time for min. prob. 0 states: 0.0 s
    Min. prob. 1 states:          99535
    Time for min. prob. 1 states: 0.0 s

  + Essential states
    Iterations:       1
    Essential states: 98076
    Transitions:      98076
    Branches:         900383
    Time:             0.1 s

  + Optimistic value iteration
    Total iterations:  1062
    Verif. attempts:   5
    Verif. iterations: 92
    Final epsilon:     1.9129461114086206E-08
    Time:              7.7 s

Exported results to file "/out.txt".

##############################Output to stderr##############################
The Modest Toolset (www.modestchecker.net), version v3.1.42-gb5e9d523c.

