Command:	mcsta/modest mcsta csma.3-4.jani --props all_before_max -O out.txt Minimal --unsafe --es -S Memory --no-partial-results --alg OptimisticValueIteration --epsilon 5e-2 --width 5e-2 --relative-width
Wallclock time:	6.135810613632202
Return code:	0
Output:




csma.3-4.jani:model: info: csma.3-4 is an MDP model.
csma.3-4.jani: info: Need 24 bytes per state.
csma.3-4.jani: info: Explored 1459469 states.

Peak memory usage: 432 MB
Analysis results for csma.3-4.jani

+ State space exploration
  State size:  24 bytes
  States:      1459469
  Transitions: 1469580
  Branches:    2395050
  Rate:        326284 states/s
  Time:        4.6 s

+ Property all_before_max
  Probability: 0.9325026244791185
  Bounds:      [0.9324469288456428, 0.9325583201125941]
  Time:        0.9 s

  + Essential states
    Iterations:       19
    Essential states: 60755
    Transitions:      69314
    Branches:         819767
    Time:             0.9 s

  + Optimistic value iteration
    Total iterations:  8
    Verif. attempts:   1
    Verif. iterations: 3
    Final epsilon:     0.05
    Time:              0.0 s

Exported results to file "/out.txt".

##############################Output to stderr##############################
The Modest Toolset (www.modestchecker.net), version v3.1.42-gb5e9d523c.

