Command:	mcsta/modest mcsta nand.jani --props reliable -E N=60,K=4 -O out.txt Minimal --unsafe --no-partial-results --width 1e-6 --relative-width --alg OptimisticValueIteration --epsilon 1e-6 --p0 --p1 -S Memory
Wallclock time:	29.283401489257812
Return code:	0
Output:




nand.jani:model: info: nand is a DTMC model.
nand.jani: info: Need 16 bytes per state.
nand.jani: info: Explored 18826082 states for N=60, K=4.

Peak memory usage: 4177 MB
Analysis results for nand.jani
Experiment N=60, K=4

+ State space exploration
  State size:  16 bytes
  States:      18826082
  Transitions: 18826082
  Branches:    29772212
  Rate:        823682 states/s
  Time:        24.4 s

+ Property reliable
  Probability: 0.6867214589192275
  Bounds:      [0.6867214589192275, 0.6867214589192275]
  Time:        4.2 s

  + Precomputations
    Min. prob. 0 states:          1757695
    Time for min. prob. 0 states: 1.0 s
    Min. prob. 1 states:          547
    Time for min. prob. 1 states: 0.8 s

  + Optimistic value iteration
    Total iterations:  3
    Verif. attempts:   1
    Verif. iterations: 1
    Final epsilon:     1E-06
    Time:              2.5 s

Exported results to file "/out.txt".

##############################Output to stderr##############################
The Modest Toolset (www.modestchecker.net), version v3.1.37-g70ec9956e.

