Command:	mcsta/modest mcsta wlan-large.jani --props E_or -E K=2 -O out.txt Minimal --unsafe --epsilon 0 -S Memory
Wallclock time:	149.35476350784302
Return code:	0
Output:




wlan-large.jani:model: info: wlan-large is an STA model.
wlan-large.jani: info: Need 16 bytes per state.
wlan-large.jani: info: Explored 3189783 states for K=2.

Peak memory usage: 1008 MB
Analysis results for wlan-large.jani
Experiment K=2

+ State space exploration
  State size:  16 bytes
  States:      3189783
  Transitions: 6045235
  Branches:    6065855
  Rate:        224696 states/s
  Time:        14.6 s

+ Property E_or
  Value:  33692.457341269845
  Bounds: [33692.457341269845, 33692.457341269845]
  Time:   133.7 s

  + Precomputations
    Min. prob. 0 states:          0
    Time for min. prob. 0 states: 3.3 s
    Min. prob. 1 states:          3189783
    Time for min. prob. 1 states: 0.2 s

  + Value iteration
    Final error: 0
    Iterations:  868
    Time:        130.2 s

Exported results to file "/out.txt".

##############################Output to stderr##############################
The Modest Toolset (www.modestchecker.net), version v3.1.37-g70ec9956e.

