Command:	mcsta/modest mcsta philosophers.16.jani --props MinExpTimeDeadlock -E TIME_BOUND=1 -O out.txt Minimal --unsafe --no-partial-results --width 5e-2 --relative-width --alg OptimisticValueIteration --epsilon 5e-2 --p0 --p1 -S Disk --store-compress None
Wallclock time:	29.65113615989685
Return code:	0
Output:




philosophers.16.jani:model: info: Philosophers16 is a CTMC model.
philosophers.16.jani: info: Need 72 bytes per state.
philosophers.16.jani: info: Explored 1331714 states for TIME_BOUND=1.0.

Peak memory usage: 608 MB
Analysis results for philosophers.16.jani
Experiment TIME_BOUND=1.0

+ State space exploration
  State size:  72 bytes
  States:      1331714
  Transitions: 1331714
  Branches:    13774113
  Rate:        74841 states/s
  Time:        21.6 s

+ Property MinExpTimeDeadlock
  Value:  10.89106393770496
  Bounds: [10.779978417381775, 11.002149458028144]
  Time:   6.0 s

  + Precomputations
    Min. prob. 0 states:          0
    Time for min. prob. 0 states: 0.6 s
    Min. prob. 1 states:          1331714
    Time for min. prob. 1 states: 0.2 s

  + Optimistic value iteration
    Total iterations:  43
    Verif. attempts:   2
    Verif. iterations: 17
    Final epsilon:     0.010102482676802586
    Time:              5.2 s

Exported results to file "/out.txt".

##############################Output to stderr##############################
The Modest Toolset (www.modestchecker.net), version v3.1.37-g70ec9956e.

