Command:	mcsta/modest mcsta coupon.9-4.jani -E B=5 --props collect_all_bounded -O out.txt Minimal --unsafe --es -S Memory --no-partial-results --alg IntervalIteration --width 5e-2 --relative-width
Wallclock time:	31.348012685775757
Return code:	0
Output:




coupon.9-4.jani:model: info: coupon.9-4 is a DTMC model.
coupon.9-4.jani: info: Need 16 bytes per state.
coupon.9-4.jani: warning: The probabilities for a transition do not sum up to 1. Results will likely be affected by floating-point errors.
coupon.9-4.jani: info: Explored 21077063 states for B=5.
coupon.9-4.jani: warning: Encountered a value greater than 1 during interval iteration. The final result for property "collect_all_bounded" is likely affected by floating-point errors.

Peak memory usage: 4995 MB
Analysis results for coupon.9-4.jani
Experiment B=5

+ State space exploration
  State size:  16 bytes
  States:      21077063
  Transitions: 21077063
  Branches:    24429223
  Rate:        1039867 states/s
  Time:        22.0 s

+ Property collect_all_bounded
  Probability: 0.35851078982197176
  Bounds:      [0.35851078982197176, 0.35851078982197176]
  CDF:         { (0, [0, 0]), ..., (2, [0, 0]), (3, [0.02862006609051592, 0.02862006609051592]), (4, [0.16073553349925984, 0.16073553349925984]), (5, [0.35851078982197176, 0.35851078982197176]) }
  Time:        8.6 s

  + Precomputations
    Min. prob. 0 states:          0
    Time for min. prob. 0 states: 2.6 s

  + Essential states
    Iterations:       4
    Essential states: 3771693
    Transitions:      3771693
    Branches:         7123853
    Time:             3.7 s

  + Interval iteration
    Iterations: 6
    Time:       2.2 s

Exported results to file "/out.txt".

##############################Output to stderr##############################
The Modest Toolset (www.modestchecker.net), version v3.1.42-gb5e9d523c.

