Command:	mcsta/modest mcsta philosophers.16.jani --props MinExpTimeDeadlock -E TIME_BOUND=1 -O out.txt Minimal --no-partial-results --epsilon 0 --absolute-epsilon
Wallclock time:	72.46055364608765
Return code:	0
Output:




philosophers.16.jani:model: info: Philosophers16 is a CTMC model.
philosophers.16.jani: info: Need 72 bytes per state.
philosophers.16.jani: info: Explored 1331714 states for TIME_BOUND=1.0.

Peak memory usage: 542 MB
Analysis results for philosophers.16.jani
Experiment TIME_BOUND=1.0

+ State space exploration
  State size:  72 bytes
  States:      1331714
  Transitions: 1331714
  Branches:    13774113
  Rate:        30625 states/s
  Time:        47.7 s

+ Property MinExpTimeDeadlock
  Value:  10.78297345256119
  Bounds: [10.78297345256119, 10.78297345256119]
  Time:   22.8 s

  + Precomputations
    Min. prob. 0 states:          0
    Time for min. prob. 0 states: 0.8 s
    Min. prob. 1 states:          1331714
    Time for min. prob. 1 states: 0.3 s

  + Value iteration
    Final error: 0
    Iterations:  185
    Time:        21.6 s

Exported results to file "/out.txt".

##############################Output to stderr##############################
The Modest Toolset (www.modestchecker.net), version v3.1.37-g70ec9956e.


############################## Notes ##############################
The tool result '1078297345256119/100000000000000' is tagged as incorrect. The reference result is 'OrderedDict([('lower', 10.782973448921704), ('upper', 10.782973451078297)])' (approx. OrderedDict([('lower', 10.782973448921704), ('upper', 10.782973451078297)])) which means a relative error of '1.3752174878464596e-10' which is larger than the goal precision '0.001'.
