Command:	mcsta/modest mcsta nand.jani --props reliable -E N=60,K=4 -O out.txt Minimal --no-partial-results --width 1e-6 --relative-width --alg OptimisticValueIteration --epsilon 1e-6
Wallclock time:	86.37664031982422
Return code:	0
Output:




nand.jani:model: info: nand is a DTMC model.
nand.jani: info: Need 16 bytes per state.
nand.jani: info: Explored 18826082 states for N=60, K=4.

Peak memory usage: 2010 MB
Analysis results for nand.jani
Experiment N=60, K=4

+ State space exploration
  State size:  16 bytes
  States:      18826082
  Transitions: 18826082
  Branches:    29772212
  Rate:        280877 states/s
  Time:        75.1 s

+ Property reliable
  Probability: 0.6867214589192275
  Bounds:      [0.6867214589192275, 0.6867214589192275]
  Time:        4.1 s

  + Optimistic value iteration
    Total iterations:  3
    Verif. attempts:   1
    Verif. iterations: 1
    Final epsilon:     1E-06
    Time:              2.9 s

Exported results to file "/out.txt".

##############################Output to stderr##############################
The Modest Toolset (www.modestchecker.net), version v3.1.37-g70ec9956e.

