Command:	mcsta/modest mcsta consensus.4.jani --props disagree -E K=4 -O out.txt Minimal --no-partial-results --epsilon 0 --absolute-epsilon --p0 --p1
Wallclock time:	18.253547430038452
Return code:	0
Output:




consensus.4.jani:model: info: consensus.4 is an MDP model.
consensus.4.jani:variables[6]: info: Expanding variable "pc1" into 4 locations in automaton "process1".
consensus.4.jani:variables[8]: info: Expanding variable "pc2" into 4 locations in automaton "process2".
consensus.4.jani:variables[10]: info: Expanding variable "pc3" into 4 locations in automaton "process3".
consensus.4.jani:variables[12]: info: Expanding variable "pc4" into 4 locations in automaton "process4".
consensus.4.jani: info: Need 16 bytes per state.
consensus.4.jani: info: Explored 43136 states for K=4.

Peak memory usage: 58 MB
Analysis results for consensus.4.jani
Experiment K=4

+ State space exploration
  State size:  16 bytes
  States:      43136
  Transitions: 115840
  Branches:    144352
  Rate:        85081 states/s
  Time:        0.6 s

+ Property disagree
  Probability: 0.15607306398806026
  Bounds:      [0.15607306398806026, 0.15607306398806026]
  Time:        17.1 s

  + Precomputations
    Max. prob. 0 states:          910
    Time for max. prob. 0 states: 0.0 s
    Max. prob. 1 states:          10872
    Time for max. prob. 1 states: 8.8 s

  + Value iteration
    Final error: 0
    Iterations:  3470
    Time:        8.2 s

Exported results to file "/out.txt".

##############################Output to stderr##############################
The Modest Toolset (www.modestchecker.net), version v3.1.37-g70ec9956e.


############################## Notes ##############################
The tool result '7803653199403013/50000000000000000' is tagged as incorrect. The reference result is '45666330762076479/292595849630842880' (approx. 0.15607306398806395) which means a relative error of '2.365387078431548e-14' which is larger than the goal precision '0.001'.
