Command:	mcsta/modest mcsta eajs.6.jani --props ExpUtil -E energy_capacity=300,B=13 -O out.txt Minimal --no-partial-results --width 5e-2 --relative-width --alg OptimisticValueIteration --epsilon 5e-2
Wallclock time:	79.42356061935425
Return code:	0
Output:




eajs.6.jani:model: info: eajs.6 is an MDP model.
eajs.6.jani:variables[12]: info: Expanding variable "loc_1" into 3 locations in automaton "Process_1".
eajs.6.jani:variables[16]: info: Expanding variable "loc_2" into 3 locations in automaton "Process_2".
eajs.6.jani:variables[18]: info: Expanding variable "user_1" into 7 locations in automaton "Resources".
eajs.6.jani:variables[20]: info: Expanding variable "loc_3" into 3 locations in automaton "Process_3".
eajs.6.jani:variables[22]: info: Expanding variable "loc_4" into 3 locations in automaton "Process_4".
eajs.6.jani:variables[23]: info: Expanding variable "loc_6" into 3 locations in automaton "Process_6".
eajs.6.jani:variables[26]: info: Expanding variable "loc_5" into 3 locations in automaton "Process_5".
eajs.6.jani: info: Need 32 bytes per state.
eajs.6.jani: warning: The probabilities for a transition do not sum up to 1. Results will likely be affected by floating-point errors.
eajs.6.jani: info: Explored 7901694 states for energy_capacity=300, B=13.

Peak memory usage: 1256 MB
Analysis results for eajs.6.jani
Experiment energy_capacity=300, B=13

+ State space exploration
  State size:  32 bytes
  States:      7901694
  Transitions: 11882922
  Branches:    19679927
  Rate:        150199 states/s
  Time:        57.8 s

+ Property ExpUtil
  Value:  12.386797763784955
  Bounds: [12.051110823277352, 12.722484704292556]
  Time:   18.3 s

  + Precomputations
    Min. prob. 0 states:          0
    Time for min. prob. 0 states: 6.4 s
    Min. prob. 1 states:          7901694
    Time for min. prob. 1 states: 0.6 s

  + Optimistic value iteration
    Total iterations:  25
    Verif. attempts:   2
    Verif. iterations: 9
    Final epsilon:     0.014266728902904483
    Time:              10.8 s

Exported results to file "/out.txt".

##############################Output to stderr##############################
The Modest Toolset (www.modestchecker.net), version v3.1.37-g70ec9956e.

