Command:	mcsta/modest mcsta zeroconf.jani --props correct_min -E N=1000,K=8,reset=false -O out.txt Minimal --no-partial-results --width 1e-6 --relative-width --alg OptimisticValueIteration --epsilon 1e-6
Wallclock time:	20.377070903778076
Return code:	0
Output:




zeroconf.jani:model: info: zeroconf is an MDP model.
zeroconf.jani:variables[21]: info: Expanding variable "l" into 5 locations in automaton "host0".
zeroconf.jani: info: Need 24 bytes per state.
zeroconf.jani: info: Explored 1868787 states for N=1000, K=8, reset=False.

Peak memory usage: 285 MB
Analysis results for zeroconf.jani
Experiment N=1000, K=8, reset=False

+ State space exploration
  State size:  24 bytes
  States:      1868787
  Transitions: 3430379
  Branches:    4224736
  Rate:        188919 states/s
  Time:        11.0 s

+ Property correct_min
  Probability: 5.04010521323758E-09
  Bounds:      [5.040105212929842E-09, 5.040105213545319E-09]
  Time:        8.8 s

  + Optimistic value iteration
    Total iterations:  75
    Verif. attempts:   1
    Verif. iterations: 10
    Final epsilon:     1E-06
    Time:              8.6 s

Exported results to file "/out.txt".

##############################Output to stderr##############################
The Modest Toolset (www.modestchecker.net), version v3.1.37-g70ec9956e.

