Command:	mcsta/modest mcsta zeroconf-pta.jani --props incorrect -E T=200 -O out.txt Minimal --no-partial-results --width 1e-6 --relative-width --alg OptimisticValueIteration --epsilon 1e-6
Wallclock time:	0.632033109664917
Return code:	0
Output:




zeroconf-pta.jani:model: info: zeroconf-pta is a PTA model.
zeroconf-pta.jani:variables[2]: info: Expanding variable "s" into 3 locations in automaton "sender".
zeroconf-pta.jani:variables[6]: info: Expanding variable "e" into 3 locations in automaton "environment".
zeroconf-pta.jani: info: Need 16 bytes per state.
zeroconf-pta.jani: info: Explored 498 states for T=200.

Peak memory usage: 51 MB
Analysis results for zeroconf-pta.jani
Experiment T=200

+ State space exploration
  State size:  16 bytes
  States:      498
  Transitions: 616
  Branches:    641
  Rate:        11067 states/s
  Time:        0.1 s

+ Property incorrect
  Probability: 0.0013015141767915087
  Bounds:      [0.0013015137369283814, 0.0013015146166546357]
  Time:        0.0 s

  + Optimistic value iteration
    Total iterations:  29
    Verif. attempts:   1
    Verif. iterations: 3
    Final epsilon:     1E-06
    Time:              0.0 s

Exported results to file "/out.txt".

##############################Output to stderr##############################
The Modest Toolset (www.modestchecker.net), version v3.1.37-g70ec9956e.

