Command:	mcsta/modest mcsta wlan.4.jani -E COL=0 --props cost_min -O out.txt Minimal --unsafe --es -S Memory --no-partial-results --alg OptimisticValueIteration --epsilon 1e-6 --width 1e-6 --relative-width
Wallclock time:	15.006984233856201
Return code:	0
Output:




wlan.4.jani:model: info: wlan.4 is an MDP model.
wlan.4.jani:variables[7]: info: Expanding variable "s1" into 12 locations in automaton "station1".
wlan.4.jani:variables[12]: info: Expanding variable "s2" into 12 locations in automaton "station2".
wlan.4.jani: info: Need 16 bytes per state.
wlan.4.jani: info: Explored 345000 states for COL=0.
wlan.4.jani:properties[2]: warning: Computing minimum expected reward in property "cost_min" without checking for zero-reward end components.

Peak memory usage: 181 MB
Analysis results for wlan.4.jani
Experiment COL=0

+ State space exploration
  State size:  16 bytes
  States:      345000
  Transitions: 440206
  Branches:    762252
  Rate:        379956 states/s
  Time:        1.0 s

+ Property cost_min
  Value:  7625
  Bounds: [7625, 7625]
  Time:   13.3 s

  + Precomputations
    Max. prob. 1 states:          345000
    Time for max. prob. 1 states: 13.2 s

  + Essential states
    Iterations:       14
    Essential states: 6151
    Transitions:      10499
    Branches:         81553
    Time:             0.1 s

  + Optimistic value iteration
    Total iterations:  9
    Verif. attempts:   1
    Verif. iterations: 1
    Final epsilon:     1E-06
    Time:              0.0 s

Exported results to file "/out.txt".

##############################Output to stderr##############################
The Modest Toolset (www.modestchecker.net), version v3.1.42-gb5e9d523c.

