Command:	mcsta/modest mcsta egl.jani --props messagesB -E N=10,L=2 -O out.txt Minimal --unsafe --no-partial-results --width 5e-2 --relative-width --alg OptimisticValueIteration --epsilon 5e-2 --store-compress None
Wallclock time:	300.9347314834595
Return code:	0
Output:




egl.jani:model: info: egl is a DTMC model.
egl.jani: info: Need 88 bytes per state.
egl.jani: info: Explored 66060286 states for N=10, L=2.

Peak memory usage: 10817 MB
Analysis results for egl.jani
Experiment N=10, L=2

+ State space exploration
  State size:  88 bytes
  States:      66060286
  Transitions: 66060286
  Branches:    67108861
  Rate:        259563 states/s
  Time:        271.8 s

+ Property messagesB
  Value:  4.010732650756836
  Bounds: [4.010732650756836, 4.010732650756836]
  Time:   27.5 s

  + Precomputations
    Min. prob. 0 states:          0
    Time for min. prob. 0 states: 3.2 s
    Min. prob. 1 states:          66060286
    Time for min. prob. 1 states: 2.9 s

  + Optimistic value iteration
    Total iterations:  3
    Verif. attempts:   1
    Verif. iterations: 1
    Final epsilon:     0.05
    Time:              17.1 s

Exported results to file "/out.txt".

##############################Output to stderr##############################
The Modest Toolset (www.modestchecker.net), version v3.1.37-g70ec9956e.

