Command:	mcsta/modest mcsta philosophers.16.jani --props MinExpTimeDeadlock -E TIME_BOUND=1 -O out.txt Minimal --no-partial-results --width 1e-6 --relative-width --alg OptimisticValueIteration --epsilon 1e-6
Wallclock time:	59.85917258262634
Return code:	0
Output:




philosophers.16.jani:model: info: Philosophers16 is a CTMC model.
philosophers.16.jani: info: Need 72 bytes per state.
philosophers.16.jani: info: Explored 1331714 states for TIME_BOUND=1.0.

Peak memory usage: 552 MB
Analysis results for philosophers.16.jani
Experiment TIME_BOUND=1.0

+ State space exploration
  State size:  72 bytes
  States:      1331714
  Transitions: 1331714
  Branches:    13774113
  Rate:        30861 states/s
  Time:        47.4 s

+ Property MinExpTimeDeadlock
  Value:  10.782977085400878
  Bounds: [10.782973388994149, 10.782980781807607]
  Time:   10.5 s

  + Precomputations
    Min. prob. 0 states:          0
    Time for min. prob. 0 states: 0.8 s
    Min. prob. 1 states:          1331714
    Time for min. prob. 1 states: 0.3 s

  + Optimistic value iteration
    Total iterations:  85
    Verif. attempts:   2
    Verif. iterations: 14
    Final epsilon:     1.6778486832462613E-07
    Time:              9.3 s

Exported results to file "/out.txt".

##############################Output to stderr##############################
The Modest Toolset (www.modestchecker.net), version v3.1.37-g70ec9956e.

