Command:	mcsta/modest mcsta egl.jani --props unfairA -E N=10,L=2 -O out.txt Minimal --epsilon 0
Wallclock time:	257.53215765953064
Return code:	0
Output:




egl.jani:model: info: egl is a DTMC model.
egl.jani: info: Need 88 bytes per state.
egl.jani: info: Explored 45598737 states for N=10, L=2.

Peak memory usage: 6895 MB
Analysis results for egl.jani
Experiment N=10, L=2

+ State space exploration
  State size:  88 bytes
  States:      45598737
  Transitions: 45598737
  Branches:    46647312
  Rate:        193458 states/s
  Time:        250.2 s

+ Property unfairA
  Probability: 0.50048828125
  Bounds:      [0.50048828125, 0.50048828125]
  Time:        5.4 s

  + Value iteration
    Final error: 0
    Iterations:  2
    Time:        4.0 s

Exported results to file "/out.txt".

##############################Output to stderr##############################
The Modest Toolset (www.modestchecker.net), version v3.1.37-g70ec9956e.

