Command:	mcsta/modest mcsta zeroconf-pta.jani --props deadline -E T=200 -O out.txt Minimal --no-partial-results --width 1e-6 --relative-width --alg IntervalIteration
Wallclock time:	0.6660945415496826
Return code:	0
Output:




zeroconf-pta.jani:model: info: zeroconf-pta is a PTA model.
zeroconf-pta.jani:variables[2]: info: Expanding variable "s" into 3 locations in automaton "sender".
zeroconf-pta.jani:variables[6]: info: Expanding variable "e" into 3 locations in automaton "environment".
zeroconf-pta.jani: info: Need 16 bytes per state.
zeroconf-pta.jani: info: Explored 498 states for T=200.
zeroconf-pta.jani: info: Identified 372 maximal end components.

Peak memory usage: 51 MB
Analysis results for zeroconf-pta.jani
Experiment T=200

+ State space exploration
  State size:  16 bytes
  States:      498
  Transitions: 616
  Branches:    641
  Rate:        10826 states/s
  Time:        0.1 s

+ Property deadline
  Probability: 0.0012215419340042475
  Bounds:      [0.0012215419340042475, 0.0012215419340042475]
  CDF:         { (0, [0, 0]), ..., (99, [0, 0]), (100, [0.0006516050000000002, 0.0006516050000000002]), ..., (121, [0.0006516050000000002, 0.0006516050000000002]), (122, [0.0009155050250000002, 0.0009155050250000002]), ..., (141, [0.0009155050250000002, 0.0009155050250000002]), (142, [0.0009656460297500003, 0.0009656460297500003]), (143, [0.0009656460297500003, 0.0009656460297500003]), (144, [0.0010725255398750003, 0.0010725255398750003]), ..., (161, [0.0010725255398750003, 0.0010725255398750003]), (162, [0.0010820523307775005, 0.0010820523307775005]), (163, [0.0010820523307775005, 0.0010820523307775005]), (164, [0.0011226665446250003, 0.0011226665446250003]), (165, [0.0011226665446250003, 0.0011226665446250003]), (166, [0.0011659527462256254, 0.0011659527462256254]), ..., (181, [0.0011659527462256254, 0.0011659527462256254]), (182, [0.0011677628364971005, 0.0011677628364971005]), (183, [0.0011677628364971005, 0.0011677628364971005]), (184, [0.0011793378874436382, 0.0011793378874436382]), (185, [0.0011793378874436382, 0.0011793378874436382]), (186, [0.0012040110223559943, 0.0012040110223559943]), (187, [0.0012040110223559943, 0.0012040110223559943]), (188, [0.0012215419340042475, 0.0012215419340042475]), ..., (200, [0.0012215419340042475, 0.0012215419340042475]) }
  Time:        0.1 s

  + Precomputations
    Max. prob. 0 states:          127
    Time for max. prob. 0 states: 0.0 s

  + End components
    Iterations:  2
    Time:        0.0 s
    MECs:        372
    Transitions: 589
    Branches:    614

  + Interval iteration
    Iterations: 402
    Time:       0.0 s

Exported results to file "/out.txt".

##############################Output to stderr##############################
The Modest Toolset (www.modestchecker.net), version v3.1.37-g70ec9956e.


############################## Notes ##############################
Correctness of result is not checked because no reference result is available.
