Command:	mcsta/modest mcsta stream.jani -E N=1000 --props exp_buffertime -O out.txt Minimal --unsafe --es -S Memory --no-partial-results --alg OptimisticValueIteration --epsilon 5e-2 --width 5e-2 --relative-width
Wallclock time:	154.1444354057312
Return code:	0
Output:




stream.jani:model: info: stream is an MA model.
stream.jani:variables[5]: info: Expanding variable "s" into 4 locations in automaton "streamingclient".
stream.jani: info: Need 8 bytes per state.
stream.jani: info: Explored 1502501 states for N=1000.
stream.jani:properties[0]: warning: Computing minimum expected reward in property "exp_buffertime" without checking for zero-reward end components.

Peak memory usage: 593 MB
Analysis results for stream.jani
Experiment N=1000

+ State space exploration
  State size:  8 bytes
  States:      1502501
  Transitions: 2002001
  Branches:    3001001
  Rate:        706727 states/s
  Time:        2.3 s

+ Property exp_buffertime
  Value:  8.945854194181932
  Bounds: [8.753333846345534, 9.13837454201833]
  Time:   151.3 s

  + Precomputations
    Max. prob. 1 states:          1502501
    Time for max. prob. 1 states: 144.2 s

  + Essential states
    Iterations:       2
    Essential states: 1500502
    Transitions:      2000002
    Branches:         2999002
    Time:             0.4 s

  + Optimistic value iteration
    Total iterations:  89
    Verif. attempts:   3
    Verif. iterations: 32
    Final epsilon:     0.004303224789836192
    Time:              6.7 s

Exported results to file "/out.txt".

##############################Output to stderr##############################
The Modest Toolset (www.modestchecker.net), version v3.1.42-gb5e9d523c.

