Command:	mcsta/modest mcsta philosophers.16.jani --props MinExpTimeDeadlock -E TIME_BOUND=1 -O out.txt Minimal --unsafe --no-partial-results --width 1e-3 --relative-width --p0 --p1 -S Disk --store-compress None
Wallclock time:	32.00747108459473
Return code:	0
Output:




philosophers.16.jani:model: info: Philosophers16 is a CTMC model.
philosophers.16.jani: info: Need 72 bytes per state.
philosophers.16.jani: info: Explored 1331714 states for TIME_BOUND=1.0.

Peak memory usage: 598 MB
Analysis results for philosophers.16.jani
Experiment TIME_BOUND=1.0

+ State space exploration
  State size:  72 bytes
  States:      1331714
  Transitions: 1331714
  Branches:    13774113
  Rate:        75545 states/s
  Time:        21.5 s

+ Property MinExpTimeDeadlock
  Value:  10.782968304435494
  Bounds: [10.782968304435494, infinity)
  Time:   8.6 s

  + Precomputations
    Min. prob. 0 states:          0
    Time for min. prob. 0 states: 0.6 s
    Min. prob. 1 states:          1331714
    Time for min. prob. 1 states: 0.2 s

  + Value iteration
    Final error: 9.33627881080789E-07
    Iterations:  67
    Time:        7.7 s

Exported results to file "/out.txt".

##############################Output to stderr##############################
The Modest Toolset (www.modestchecker.net), version v3.1.37-g70ec9956e.

