Command:	~/storm/build/bin/storm --prism zeroconf.prism --prop zeroconf.props correct_min --constants N=1000,K=8,reset=false --exact  --engine portfolio --ddlib sylvan --sylvan:maxmem 6114 --sylvan:threads 4
Wallclock time:	55.14811706542969
Return code:	0
Output:
Storm 1.5.1

Date: Wed Mar 18 17:41:37 2020
Command line arguments: --prism zeroconf.prism --prop zeroconf.props correct_min --constants 'N=1000,K=8,reset=false' --exact --engine portfolio --ddlib sylvan '--sylvan:maxmem' 6114 '--sylvan:threads' 4
Current working directory: /

Time for model input parsing: 0.007s.

Portfolio engine picked the following settings: 
	engine=sparse	 bisimulation=false	 exact=true
Time for model construction: 37.280s.

-------------------------------------------------------------- 
Model type: 	MDP (sparse)
States: 	1868787
Transitions: 	4224736
Choices: 	3430379
Reward Models:  none
State Labels: 	3 labels
   * deadlock -> 0 item(s)
   * ((l = 4) & (ip = 1)) -> 14972 item(s)
   * init -> 1 item(s)
Choice Labels: 	none
-------------------------------------------------------------- 

Model checking property "correct_min": Pmin=? [F ((l = 4) & (ip = 1))] ...
Result (for initial states): 322687697779/64024000322687697779 (approx. 5.040105213e-09)
Time for model checking: 17.562s.

