Command:	~/storm/build/bin/storm --prism herman.15.prism --prop herman.props steps --timebounded:precision 1e-3  --engine portfolio --ddlib sylvan --sylvan:maxmem 6114 --sylvan:threads 4
Wallclock time:	4.200374364852905
Return code:	0
Output:
Storm 1.5.1

Date: Tue Mar 17 12:25:59 2020
Command line arguments: --prism herman.15.prism --prop herman.props steps '--timebounded:precision' 1e-3 --engine portfolio --ddlib sylvan '--sylvan:maxmem' 6114 '--sylvan:threads' 4
Current working directory: /

Time for model input parsing: 0.004s.

Portfolio engine picked the following settings: 
	engine=hybrid	 bisimulation=false	 exact=false
Time for model construction: 0.059s.

-------------------------------------------------------------- 
Model type: 	DTMC (symbolic)
States: 	32768 (1 nodes)
Transitions: 	14348878 (897 nodes)
Reward Models:  steps
Variables: 	rows: 15 meta variables (15 DD variables), columns: 15 meta variables (15 DD variables)
Labels: 	3
   * deadlock -> 0 state(s) (1 nodes)
   * init -> 32768 state(s) (1 nodes)
   * stable
-------------------------------------------------------------- 

Model checking property "steps": R[exp]=? [F "stable"] ...
Result (for initial states): 33.33333365
Time for model checking: 4.078s.

