Command:	~/storm/build/bin/storm --prism nand.prism --prop nand.props reliable --constants N=40,K=4 --sound --precision 5e-2  --engine portfolio --ddlib sylvan --sylvan:maxmem 6114 --sylvan:threads 4
Wallclock time:	8.609684467315674
Return code:	0
Output:
Storm 1.5.1

Date: Tue Mar 17 12:27:27 2020
Command line arguments: --prism nand.prism --prop nand.props reliable --constants 'N=40,K=4' --sound --precision 5e-2 --engine portfolio --ddlib sylvan '--sylvan:maxmem' 6114 '--sylvan:threads' 4
Current working directory: /

Time for model input parsing: 0.003s.

Portfolio engine picked the following settings: 
	engine=hybrid	 bisimulation=false	 exact=false
Time for model construction: 0.993s.

-------------------------------------------------------------- 
Model type: 	DTMC (symbolic)
States: 	3999522 (8239 nodes)
Transitions: 	6288542 (49266 nodes)
Reward Models:  none
Variables: 	rows: 8 meta variables (33 DD variables), columns: 8 meta variables (33 DD variables)
Labels: 	2
   * deadlock -> 0 state(s) (1 nodes)
   * init -> 1 state(s) (34 nodes)
-------------------------------------------------------------- 

Model checking property "reliable": P=? [F ((s = 4) & ((z / 40) < 1/10))] ...
Result (for initial states): 0.6186822208
Time for model checking: 7.323s.

