Command:	~/storm/build/bin/storm --prism polling.18.prism --prop polling.props s1_before_s2 --constants T=16 --prismcompat --signal-timeout 60 --general:precision 1e-12 --gmm++:precision 1e-12 --native:precision 1e-12 --minmax:precision 1e-12 --timebounded:precision 1e-6 --lra:precision 1e-12  --engine portfolio --ddlib sylvan --sylvan:maxmem 6114 --sylvan:threads 4
Wallclock time:	18.417784690856934
Return code:	0
Output:
Storm 1.5.1

Date: Wed Mar 18 00:42:39 2020
Command line arguments: --prism polling.18.prism --prop polling.props s1_before_s2 --constants T=16 --prismcompat --signal-timeout 60 '--general:precision' 1e-12 '--gmm++:precision' 1e-12 '--native:precision' 1e-12 '--minmax:precision' 1e-12 '--timebounded:precision' 1e-6 '--lra:precision' 1e-12 --engine portfolio --ddlib sylvan '--sylvan:maxmem' 6114 '--sylvan:threads' 4
Current working directory: /

 WARN (GeneralSettings.cpp:110): Setting the precision option with module prefix does not effect all solvers. Consider setting --precision instead of --general:precision.
 WARN (Program.cpp:178): The input model is a CTMC, but uses probabilistic commands like they are used in PRISM. Consider rewriting the commands to use Markovian commands instead.
 WARN (Program.cpp:1264): The model uses synchronizing Markovian commands. This may lead to unexpected verification results, because of unclear semantics.
 WARN (Program.cpp:1264): The model uses synchronizing Markovian commands. This may lead to unexpected verification results, because of unclear semantics.
 WARN (Program.cpp:1264): The model uses synchronizing Markovian commands. This may lead to unexpected verification results, because of unclear semantics.
 WARN (Program.cpp:1264): The model uses synchronizing Markovian commands. This may lead to unexpected verification results, because of unclear semantics.
 WARN (Program.cpp:1264): The model uses synchronizing Markovian commands. This may lead to unexpected verification results, because of unclear semantics.
 WARN (Program.cpp:1264): The model uses synchronizing Markovian commands. This may lead to unexpected verification results, because of unclear semantics.
 WARN (Program.cpp:1264): The model uses synchronizing Markovian commands. This may lead to unexpected verification results, because of unclear semantics.
 WARN (Program.cpp:1264): The model uses synchronizing Markovian commands. This may lead to unexpected verification results, because of unclear semantics.
Time for model input parsing: 0.010s.

 WARN (Program.cpp:1264): The model uses synchronizing Markovian commands. This may lead to unexpected verification results, because of unclear semantics.
 WARN (Program.cpp:1264): The model uses synchronizing Markovian commands. This may lead to unexpected verification results, because of unclear semantics.
 WARN (Program.cpp:1264): The model uses synchronizing Markovian commands. This may lead to unexpected verification results, because of unclear semantics.
Portfolio engine picked the following settings: 
	engine=hybrid	 bisimulation=false	 exact=false
Time for model construction: 0.538s.

-------------------------------------------------------------- 
Model type: 	CTMC (symbolic)
States: 	7077888 (57 nodes)
Transitions: 	68485120 (2743 nodes)
Reward Models:  none
Variables: 	rows: 20 meta variables (24 DD variables), columns: 20 meta variables (24 DD variables)
Labels: 	2
   * deadlock -> 0 state(s) (1 nodes)
   * init -> 1 state(s) (25 nodes)
-------------------------------------------------------------- 

Model checking property "s1_before_s2": P=? [!(((s = 2) & (a = 1))) U ((s = 1) & (a = 1))] ...
Result (for initial states): 0.5390072622065093
Time for model checking: 17.713s.

