Command:	~/modest/modest convert zeroconf-pta.jani --digital-clocks --output converted_zeroconf-pta.jani --overwrite --experiment T=200
Wallclock time:	0.32766294479370117
Return code:	0
Output:




##############################Output to stderr##############################
The Modest Toolset (www.modestchecker.net), version v3.1.36-g691a5469c.


########################################
Command:	~/storm/build/bin/storm --jani converted_zeroconf-pta.jani --janiproperty incorrect --exact  --engine portfolio --ddlib sylvan --sylvan:maxmem 6114 --sylvan:threads 4
Wallclock time:	0.06594252586364746
Return code:	0
Output:
Storm 1.5.1

Date: Thu Mar 19 02:41:56 2020
Command line arguments: --jani converted_zeroconf-pta.jani --janiproperty incorrect --exact --engine portfolio --ddlib sylvan '--sylvan:maxmem' 6114 '--sylvan:threads' 4
Current working directory: /

Time for model input parsing: 0.001s.

Portfolio engine picked the following settings: 
	engine=sparse	 bisimulation=false	 exact=true
Time for model construction: 0.030s.

-------------------------------------------------------------- 
Model type: 	MDP (sparse)
States: 	498
Transitions: 	641
Choices: 	616
Reward Models:  none
State Labels: 	3 labels
   * deadlock -> 0 item(s)
   * ((s = 2) & (ip = 2)) -> 1 item(s)
   * init -> 1 item(s)
Choice Labels: 	none
-------------------------------------------------------------- 

Model checking property "incorrect": Pmax=? [F ((s = 2) & (ip = 2))] ...
Result (for initial states): 130321/100130321 (approx. 0.001301513854)
Time for model checking: 0.004s.

