Command:	~/storm/build/bin/storm --jani dpm.jani --janiproperty PminQueue1Full --constants N=6,C=6,TIME_BOUND=5 --sound --precision 1e-6  --engine portfolio --ddlib sylvan --sylvan:maxmem 6114 --sylvan:threads 4
Wallclock time:	59.10942077636719
Return code:	0
Output:
Storm 1.5.1

Date: Wed Mar 18 19:54:28 2020
Command line arguments: --jani dpm.jani --janiproperty PminQueue1Full --constants 'N=6,C=6,TIME_BOUND=5' --sound --precision 1e-6 --engine portfolio --ddlib sylvan '--sylvan:maxmem' 6114 '--sylvan:threads' 4
Current working directory: /

Time for model input parsing: 0.005s.

Portfolio engine picked the following settings: 
	engine=sparse	 bisimulation=false	 exact=false
Time for model construction: 45.641s.

-------------------------------------------------------------- 
Model type: 	Markov Automaton (sparse)
States: 	9191028
Transitions: 	17865498
Choices: 	10604874
Markovian St.: 	2276148
Max. Rate.: 	6
Reward Models:  none
State Labels: 	3 labels
   * deadlock -> 0 item(s)
   * (items1 = 6) -> 201684 item(s)
   * init -> 1 item(s)
Choice Labels: 	none
-------------------------------------------------------------- 

Time for model preprocessing: 0.000s.

-------------------------------------------------------------- 
Model type: 	Markov Automaton (sparse)
States: 	9191028
Transitions: 	17865498
Choices: 	10604874
Markovian St.: 	2276148
Max. Rate.: 	6
Reward Models:  none
State Labels: 	3 labels
   * deadlock -> 0 item(s)
   * (items1 = 6) -> 201684 item(s)
   * init -> 1 item(s)
Choice Labels: 	none
-------------------------------------------------------------- 

Model checking property "PminQueue1Full": Pmin=? [F (items1 = 6)] ...
Result (for initial states): 0.02696610709
Time for model checking: 13.323s.

