Command:	~/storm/build/bin/storm --prism csma.4-2.prism --prop csma.props time_max --signal-timeout 60 --general:precision 1e-12 --gmm++:precision 1e-12 --native:precision 1e-12 --minmax:precision 1e-12 --timebounded:precision 1e-6 --lra:precision 1e-12  --engine portfolio --ddlib sylvan --sylvan:maxmem 6114 --sylvan:threads 4
Wallclock time:	6.405717372894287
Return code:	0
Output:
Storm 1.5.1

Date: Wed Mar 18 06:14:23 2020
Command line arguments: --prism csma.4-2.prism --prop csma.props time_max --signal-timeout 60 '--general:precision' 1e-12 '--gmm++:precision' 1e-12 '--native:precision' 1e-12 '--minmax:precision' 1e-12 '--timebounded:precision' 1e-6 '--lra:precision' 1e-12 --engine portfolio --ddlib sylvan '--sylvan:maxmem' 6114 '--sylvan:threads' 4
Current working directory: /

 WARN (GeneralSettings.cpp:110): Setting the precision option with module prefix does not effect all solvers. Consider setting --precision instead of --general:precision.
Time for model input parsing: 0.008s.

Portfolio engine picked the following settings: 
	engine=hybrid	 bisimulation=false	 exact=false
Time for model construction: 1.149s.

-------------------------------------------------------------- 
Model type: 	MDP (symbolic)
States: 	761962 (6738 nodes)
Transitions: 	1327068 (52453 nodes)
Choices: 	825504
Reward Models:  time
Variables: 	rows: 19 meta variables (54 DD variables), columns: 19 meta variables (54 DD variables), nondeterminism: 17 meta variables (17 DD variables)
Labels: 	5
   * deadlock -> 0 state(s) (1 nodes)
   * init -> 1 state(s) (55 nodes)
   * all_delivered
   * collision_max_backoff
   * one_delivered
-------------------------------------------------------------- 

Model checking property "time_max": R[exp]{"time"}max=? [F "all_delivered"] ...
Result (for initial states): 142.2121690974066
Time for model checking: 4.938s.

