Command:	~/storm/build/bin/storm --jani cabinets.3-2-true.jani --janiproperty Unavailability --exact floats --general:precision 1e-20  --engine portfolio --ddlib sylvan --sylvan:maxmem 6114 --sylvan:threads 4
Wallclock time:	655.4561939239502
Return code:	11
Output:
Storm 1.5.1

Date: Wed Mar 18 17:56:38 2020
Command line arguments: --jani cabinets.3-2-true.jani --janiproperty Unavailability --exact floats '--general:precision' 1e-20 --engine portfolio --ddlib sylvan '--sylvan:maxmem' 6114 '--sylvan:threads' 4
Current working directory: /

 WARN (GeneralSettings.cpp:110): Setting the precision option with module prefix does not effect all solvers. Consider setting --precision instead of --general:precision.
Time for model input parsing: 0.049s.

Portfolio engine picked the following settings: 
	engine=sparse	 bisimulation=false	 exact=false
Time for model construction: 45.256s.

-------------------------------------------------------------- 
Model type: 	Markov Automaton (sparse)
States: 	4427421
Transitions: 	7983998
Choices: 	5385842
Markovian St.: 	354294
Max. Rate.: 	4.18649999999999700150966
Reward Models:  none
State Labels: 	3 labels
   * deadlock -> 0 item(s)
   * marked -> 2617147 item(s)
   * init -> 1 item(s)
Choice Labels: 	none
-------------------------------------------------------------- 

Time for model preprocessing: 0.007s.

-------------------------------------------------------------- 
Model type: 	Markov Automaton (sparse)
States: 	4427421
Transitions: 	7983998
Choices: 	5385842
Markovian St.: 	354294
Max. Rate.: 	4.18649999999999700150966
Reward Models:  none
State Labels: 	3 labels
   * deadlock -> 0 item(s)
   * marked -> 2617147 item(s)
   * init -> 1 item(s)
Choice Labels: 	none
-------------------------------------------------------------- 

Model checking property "Unavailability": LRAmax=? [marked] ...

##############################Output to stderr##############################
ERROR: The program received signal 11 and will be aborted in 3s.
Received signal 11

