Command:	~/storm/build/bin/storm --jani zenotravel.4-2-2.jani --janiproperty goal --signal-timeout 60 --general:precision 1e-12 --gmm++:precision 1e-12 --native:precision 1e-12 --minmax:precision 1e-12 --timebounded:precision 1e-6 --lra:precision 1e-12  --engine portfolio --ddlib sylvan --sylvan:maxmem 6114 --sylvan:threads 4
Wallclock time:	6.938700199127197
Return code:	0
Output:
Storm 1.5.1

Date: Wed Mar 18 16:39:50 2020
Command line arguments: --jani zenotravel.4-2-2.jani --janiproperty goal --signal-timeout 60 '--general:precision' 1e-12 '--gmm++:precision' 1e-12 '--native:precision' 1e-12 '--minmax:precision' 1e-12 '--timebounded:precision' 1e-6 '--lra:precision' 1e-12 --engine portfolio --ddlib sylvan '--sylvan:maxmem' 6114 '--sylvan:threads' 4
Current working directory: /

 WARN (GeneralSettings.cpp:110): Setting the precision option with module prefix does not effect all solvers. Consider setting --precision instead of --general:precision.
Time for model input parsing: 0.032s.

Portfolio engine picked the following settings: 
	engine=hybrid	 bisimulation=false	 exact=false
Time for model construction: 5.462s.

-------------------------------------------------------------- 
Model type: 	MDP (symbolic)
States: 	459900 (65 nodes)
Transitions: 	3818556 (164713 nodes)
Choices: 	2976444
Reward Models:  none
Variables: 	rows: 9 meta variables (27 DD variables), columns: 9 meta variables (27 DD variables), nondeterminism: 5 meta variables (5 DD variables)
Labels: 	2
   * deadlock -> 0 state(s) (1 nodes)
   * init -> 1 state(s) (28 nodes)
-------------------------------------------------------------- 

Model checking property "goal": Pmax=? [F ((var7 = 1) & (var6 = 2))] ...
Result (for initial states): 1
Time for model checking: 1.120s.

