Command:	~/storm/build/bin/storm --prism resource-gathering.pm --prop resource-gathering.prctl prgoldgem --constants B=1300,GOLD_TO_COLLECT=100,GEM_TO_COLLECT=100 --exact  --engine portfolio --ddlib sylvan --sylvan:maxmem 6114 --sylvan:threads 4
Wallclock time:	1800.2518243789673
Return code:	None
Output:
Storm 1.5.1

Date: Wed Mar 18 10:36:12 2020
Command line arguments: --prism resource-gathering.pm --prop resource-gathering.prctl prgoldgem --constants 'B=1300,GOLD_TO_COLLECT=100,GEM_TO_COLLECT=100' --exact --engine portfolio --ddlib sylvan '--sylvan:maxmem' 6114 '--sylvan:threads' 4
Current working directory: /

Time for model input parsing: 0.005s.

Portfolio engine picked the following settings: 
	engine=hybrid	 bisimulation=false	 exact=true
Time for model construction: 1.023s.

-------------------------------------------------------------- 
Model type: 	MDP (symbolic)
States: 	958801 (49 nodes)
Transitions: 	3325201 (751 nodes)
Choices: 	3080401
Reward Models:  none
Variables: 	rows: 7 meta variables (23 DD variables), columns: 7 meta variables (23 DD variables), nondeterminism: 4 meta variables (4 DD variables)
Labels: 	3
   * deadlock -> 0 state(s) (1 nodes)
   * init -> 1 state(s) (24 nodes)
   * success
-------------------------------------------------------------- 

Model checking property "prgoldgem": Pmax=? [true U<=1300 "success"] ...


----------
Computation aborted after 1800.2518243789673 seconds since the total time limit of 1800 seconds was exceeded.
