Command:	~/storm/build/bin/storm --prism wlan.6.prism --prop wlan.props cost_min --constants COL=0 --exact floats --general:precision 1e-20  --engine portfolio --ddlib sylvan --sylvan:maxmem 6114 --sylvan:threads 4
Wallclock time:	40.66728639602661
Return code:	0
Output:
Storm 1.5.1

Date: Wed Mar 18 16:35:27 2020
Command line arguments: --prism wlan.6.prism --prop wlan.props cost_min --constants COL=0 --exact floats '--general:precision' 1e-20 --engine portfolio --ddlib sylvan '--sylvan:maxmem' 6114 '--sylvan:threads' 4
Current working directory: /

 WARN (GeneralSettings.cpp:110): Setting the precision option with module prefix does not effect all solvers. Consider setting --precision instead of --general:precision.
Time for model input parsing: 0.033s.

Portfolio engine picked the following settings: 
	engine=hybrid	 bisimulation=false	 exact=false
 WARN (DdPrismModelBuilder.cpp:1171): The reward model does not assign any non-zero rewards.
Time for model construction: 1.229s.

-------------------------------------------------------------- 
Model type: 	MDP (symbolic)
States: 	5007548 (3894 nodes)
Transitions: 	11475748 (20432 nodes)
Choices: 	6350470
Reward Models:  cost
Variables: 	rows: 13 meta variables (47 DD variables), columns: 13 meta variables (47 DD variables), nondeterminism: 7 meta variables (7 DD variables)
Labels: 	2
   * deadlock -> 0 state(s) (1 nodes)
   * init -> 1 state(s) (48 nodes)
-------------------------------------------------------------- 

Model checking property "cost_min": R[exp]{"cost"}min=? [F ((s1 = 12) & (s2 = 12))] ...
Result (for initial states): 7625
Time for model checking: 39.069s.

