Command:	~/storm/build/bin/storm --prism oscillators.8-10-0.1-1.prism --prop oscillators.props power_consumption --constants mu=0.1,lambda=1.0 --sound --precision 5e-2  --engine portfolio --ddlib sylvan --sylvan:maxmem 6114 --sylvan:threads 4
Wallclock time:	210.07728958129883
Return code:	0
Output:
Storm 1.5.1

Date: Tue Mar 17 13:02:15 2020
Command line arguments: --prism oscillators.8-10-0.1-1.prism --prop oscillators.props power_consumption --constants 'mu=0.1,lambda=1.0' --sound --precision 5e-2 --engine portfolio --ddlib sylvan '--sylvan:maxmem' 6114 '--sylvan:threads' 4
Current working directory: /

Time for model input parsing: 21.640s.

Portfolio engine picked the following settings: 
	engine=sparse	 bisimulation=false	 exact=false
Time for model construction: 168.689s.

-------------------------------------------------------------- 
Model type: 	DTMC (sparse)
States: 	24311
Transitions: 	76623
Reward Models:  power_consumption
State Labels: 	3 labels
   * deadlock -> 0 item(s)
   * (((((((((((((((1 * k_1) + (1294427191/1600000000 * k_2)) + (494427191/1600000000 * k_3)) + (-(494427191/1600000000) * k_4)) + (-(1294427191/1600000000) * k_5)) + (-(1) * k_6)) + (-(1294427191/1600000000) * k_7)) + (-(494427191/1600000000) * k_8)) + (494427191/1600000000 * k_9)) + (1294427191/1600000000 * k_10)) / 8) ^ 2) + ((((((((((((0 * k_1) + (146946313073/250000000000 * k_2)) + (190211303259/200000000000 * k_3)) + (190211303259/200000000000 * k_4)) + (146946313073/250000000000 * k_5)) + (0 * k_6)) + (-(146946313073/250000000000) * k_7)) + (-(190211303259/200000000000) * k_8)) + (-(190211303259/200000000000) * k_9)) + (-(146946313073/250000000000) * k_10)) / 8) ^ 2)) ^ 1/2) >= 1) -> 2 item(s)
   * init -> 1 item(s)
Choice Labels: 	none
-------------------------------------------------------------- 

Model checking property "power_consumption": R[exp]{"power_consumption"}=? [F (((((((((((((((1 * k_1) + (1294427191/1600000000 * k_2)) + (494427191/1600000000 * k_3)) + (-(494427191/1600000000) * k_4)) + (-(1294427191/1600000000) * k_5)) + (-(1) * k_6)) + (-(1294427191/1600000000) * k_7)) + (-(494427191/1600000000) * k_8)) + (494427191/1600000000 * k_9)) + (1294427191/1600000000 * k_10)) / 8) ^ 2) + ((((((((((((0 * k_1) + (146946313073/250000000000 * k_2)) + (190211303259/200000000000 * k_3)) + (190211303259/200000000000 * k_4)) + (146946313073/250000000000 * k_5)) + (0 * k_6)) + (-(146946313073/250000000000) * k_7)) + (-(190211303259/200000000000) * k_8)) + (-(190211303259/200000000000) * k_9)) + (-(146946313073/250000000000) * k_10)) / 8) ^ 2)) ^ 1/2) >= 1)] ...
Result (for initial states): 0.006246458296
Time for model checking: 0.080s.

