Command:	~/storm/build/bin/storm --jani sms.3-true.jani --janiproperty Unreliability --timebounded:precision 1e-3  --engine portfolio --ddlib sylvan --sylvan:maxmem 6114 --sylvan:threads 4
Wallclock time:	0.07076811790466309
Return code:	0
Output:
Storm 1.5.1

Date: Thu Mar 19 02:21:21 2020
Command line arguments: --jani sms.3-true.jani --janiproperty Unreliability '--timebounded:precision' 1e-3 --engine portfolio --ddlib sylvan '--sylvan:maxmem' 6114 '--sylvan:threads' 4
Current working directory: /

Time for model input parsing: 0.010s.

Portfolio engine picked the following settings: 
	engine=sparse	 bisimulation=false	 exact=false
Time for model construction: 0.027s.

-------------------------------------------------------------- 
Model type: 	Markov Automaton (sparse)
States: 	198
Transitions: 	243
Choices: 	198
Markovian St.: 	48
Max. Rate.: 	3.02412356
Reward Models:  none
State Labels: 	3 labels
   * deadlock -> 0 item(s)
   * marked -> 45 item(s)
   * init -> 1 item(s)
Choice Labels: 	none
-------------------------------------------------------------- 

Time for model preprocessing: 0.000s.

-------------------------------------------------------------- 
Model type: 	Markov Automaton (sparse)
States: 	198
Transitions: 	243
Choices: 	198
Markovian St.: 	48
Max. Rate.: 	3.02412356
Reward Models:  none
State Labels: 	3 labels
   * deadlock -> 0 item(s)
   * marked -> 45 item(s)
   * init -> 1 item(s)
Choice Labels: 	none
-------------------------------------------------------------- 

Model checking property "Unreliability": Pmax=? [true U<=1 marked] ...
Result (for initial states): 0.02383491265
Time for model checking: 0.000s.

