Command:	~/storm/build/bin/storm --jani dpm.jani --janiproperty PmaxQueuesFullBound --constants N=4,C=8,TIME_BOUND=5 --timebounded:precision 1e-3  --engine portfolio --ddlib sylvan --sylvan:maxmem 6114 --sylvan:threads 4
Wallclock time:	46.0592987537384
Return code:	0
Output:
Storm 1.5.1

Date: Wed Mar 18 18:43:41 2020
Command line arguments: --jani dpm.jani --janiproperty PmaxQueuesFullBound --constants 'N=4,C=8,TIME_BOUND=5' '--timebounded:precision' 1e-3 --engine portfolio --ddlib sylvan '--sylvan:maxmem' 6114 '--sylvan:threads' 4
Current working directory: /

Time for model input parsing: 0.005s.

Portfolio engine picked the following settings: 
	engine=sparse	 bisimulation=false	 exact=false
Time for model construction: 1.808s.

-------------------------------------------------------------- 
Model type: 	Markov Automaton (sparse)
States: 	356426
Transitions: 	681242
Choices: 	418842
Markovian St.: 	94730
Max. Rate.: 	4.1
Reward Models:  none
State Labels: 	3 labels
   * deadlock -> 0 item(s)
   * (((((((((((4 < 1) | (items1 = 8)) & ((4 < 2) | (items2 = 8))) & ((4 < 3) | (items3 = 8))) & ((4 < 4) | (items4 = 8))) & ((4 < 5) | (items5 = 8))) & ((4 < 6) | (items6 = 8))) & ((4 < 7) | (items7 = 8))) & ((4 < 8) | (items8 = 8))) & ((4 < 9) | (items9 = 8))) & ((4 < 10) | (items10 = 8))) -> 10 item(s)
   * init -> 1 item(s)
Choice Labels: 	none
-------------------------------------------------------------- 

Time for model preprocessing: 0.000s.

-------------------------------------------------------------- 
Model type: 	Markov Automaton (sparse)
States: 	356426
Transitions: 	681242
Choices: 	418842
Markovian St.: 	94730
Max. Rate.: 	4.1
Reward Models:  none
State Labels: 	3 labels
   * deadlock -> 0 item(s)
   * (((((((((((4 < 1) | (items1 = 8)) & ((4 < 2) | (items2 = 8))) & ((4 < 3) | (items3 = 8))) & ((4 < 4) | (items4 = 8))) & ((4 < 5) | (items5 = 8))) & ((4 < 6) | (items6 = 8))) & ((4 < 7) | (items7 = 8))) & ((4 < 8) | (items8 = 8))) & ((4 < 9) | (items9 = 8))) & ((4 < 10) | (items10 = 8))) -> 10 item(s)
   * init -> 1 item(s)
Choice Labels: 	none
-------------------------------------------------------------- 

Model checking property "PmaxQueuesFullBound": Pmax=? [true U<=5 (((((((((((4 < 1) | (items1 = 8)) & ((4 < 2) | (items2 = 8))) & ((4 < 3) | (items3 = 8))) & ((4 < 4) | (items4 = 8))) & ((4 < 5) | (items5 = 8))) & ((4 < 6) | (items6 = 8))) & ((4 < 7) | (items7 = 8))) & ((4 < 8) | (items8 = 8))) & ((4 < 9) | (items9 = 8))) & ((4 < 10) | (items10 = 8)))] ...
 WARN (numerical.cpp:130): Fox-Glynn: right = 627 >> lambda = 400, cannot bound the right tail. The results are unreliable.
ERROR (numerical.cpp:222): Fox-Glynn: 627 > 600, underflow is possible.
 WARN (numerical.cpp:130): Fox-Glynn: right = 627 >> lambda = 400, cannot bound the right tail. The results are unreliable.
ERROR (numerical.cpp:222): Fox-Glynn: 627 > 600, underflow is possible.
 WARN (numerical.cpp:130): Fox-Glynn: right = 627 >> lambda = 400, cannot bound the right tail. The results are unreliable.
ERROR (numerical.cpp:222): Fox-Glynn: 627 > 600, underflow is possible.
 WARN (numerical.cpp:130): Fox-Glynn: right = 627 >> lambda = 400, cannot bound the right tail. The results are unreliable.
ERROR (numerical.cpp:222): Fox-Glynn: 627 > 600, underflow is possible.
Result (for initial states): 2.232421354e-08
Time for model checking: 44.212s.

