Command:	~/storm/build/bin/storm --prism pnueli-zuck.10.prism --prop pnueli-zuck.props live --signal-timeout 60 --general:precision 1e-12 --gmm++:precision 1e-12 --native:precision 1e-12 --minmax:precision 1e-12 --timebounded:precision 1e-6 --lra:precision 1e-12  --engine portfolio --ddlib sylvan --sylvan:maxmem 6114 --sylvan:threads 4
Wallclock time:	2.2347302436828613
Return code:	0
Output:
Storm 1.5.1

Date: Wed Mar 18 09:25:33 2020
Command line arguments: --prism pnueli-zuck.10.prism --prop pnueli-zuck.props live --signal-timeout 60 '--general:precision' 1e-12 '--gmm++:precision' 1e-12 '--native:precision' 1e-12 '--minmax:precision' 1e-12 '--timebounded:precision' 1e-6 '--lra:precision' 1e-12 --engine portfolio --ddlib sylvan '--sylvan:maxmem' 6114 '--sylvan:threads' 4
Current working directory: /

 WARN (GeneralSettings.cpp:110): Setting the precision option with module prefix does not effect all solvers. Consider setting --precision instead of --general:precision.
Time for model input parsing: 0.026s.

Portfolio engine picked the following settings: 
	engine=hybrid	 bisimulation=false	 exact=false
Time for model construction: 1.265s.

-------------------------------------------------------------- 
Model type: 	MDP (symbolic)
States: 	57728647140 (369 nodes)
Transitions: 	729794328830 (22815 nodes)
Choices: 	676422586366
Reward Models:  none
Variables: 	rows: 10 meta variables (40 DD variables), columns: 10 meta variables (40 DD variables), nondeterminism: 10 meta variables (10 DD variables)
Labels: 	2
   * deadlock -> 0 state(s) (1 nodes)
   * init -> 1 state(s) (41 nodes)
-------------------------------------------------------------- 

Model checking property "live": Pmax=? [F (p1 = 10)] ...
Result (for initial states): 1
Time for model checking: 0.628s.

