Command:	~/storm/build/bin/storm --prism csma.3-4.prism --prop csma.props all_before_max --sound --precision 5e-2  --engine portfolio --ddlib sylvan --sylvan:maxmem 6114 --sylvan:threads 4
Wallclock time:	6.679159879684448
Return code:	0
Output:
Storm 1.5.1

Date: Wed Mar 18 05:11:43 2020
Command line arguments: --prism csma.3-4.prism --prop csma.props all_before_max --sound --precision 5e-2 --engine portfolio --ddlib sylvan '--sylvan:maxmem' 6114 '--sylvan:threads' 4
Current working directory: /

Time for model input parsing: 0.010s.

Portfolio engine picked the following settings: 
	engine=hybrid	 bisimulation=false	 exact=false
Time for model construction: 1.121s.

-------------------------------------------------------------- 
Model type: 	MDP (symbolic)
States: 	1460287 (15094 nodes)
Transitions: 	2396727 (75138 nodes)
Choices: 	1471059
Reward Models:  none
Variables: 	rows: 15 meta variables (51 DD variables), columns: 15 meta variables (51 DD variables), nondeterminism: 13 meta variables (13 DD variables)
Labels: 	5
   * deadlock -> 0 state(s) (1 nodes)
   * init -> 1 state(s) (52 nodes)
   * all_delivered
   * collision_max_backoff
   * one_delivered
-------------------------------------------------------------- 

Model checking property "all_before_max": Pmax=? [!("collision_max_backoff") U "all_delivered"] ...
Result (for initial states): 0.9324469288
Time for model checking: 5.236s.

