Command:	~/storm/build/bin/storm --prism majority.prism --prop majority.props change_state --constants T=2100 --prismcompat --sound --precision 1e-6  --engine portfolio --ddlib sylvan --sylvan:maxmem 6114 --sylvan:threads 4
Wallclock time:	65.37557935714722
Return code:	0
Output:
Storm 1.5.1

Date: Tue Mar 17 17:25:29 2020
Command line arguments: --prism majority.prism --prop majority.props change_state --constants T=2100 --prismcompat --sound --precision 1e-6 --engine portfolio --ddlib sylvan '--sylvan:maxmem' 6114 '--sylvan:threads' 4
Current working directory: /

 WARN (Program.cpp:178): The input model is a CTMC, but uses probabilistic commands like they are used in PRISM. Consider rewriting the commands to use Markovian commands instead.
Time for model input parsing: 0.009s.

Portfolio engine picked the following settings: 
	engine=sparse	 bisimulation=false	 exact=false
Time for model construction: 2.072s.

-------------------------------------------------------------- 
Model type: 	CTMC (sparse)
States: 	191250
Transitions: 	1935450
Reward Models:  none
State Labels: 	3 labels
   * deadlock -> 0 item(s)
   * ((EE > 40) & (CC < 20)) -> 2250 item(s)
   * init -> 1 item(s)
Choice Labels: 	none
-------------------------------------------------------------- 

Model checking property "change_state": P=? [true U<=2100 ((EE > 40) & (CC < 20))] ...
Result (for initial states): 0.05429919317
Time for model checking: 63.258s.

