Command:	~/storm/build/bin/storm --prism consensus.4.prism --prop consensus.props disagree --constants K=4 --exact  --engine portfolio --ddlib sylvan --sylvan:maxmem 6114 --sylvan:threads 4
Wallclock time:	12.117155313491821
Return code:	0
Output:
Storm 1.5.1

Date: Wed Mar 18 03:39:45 2020
Command line arguments: --prism consensus.4.prism --prop consensus.props disagree --constants K=4 --exact --engine portfolio --ddlib sylvan '--sylvan:maxmem' 6114 '--sylvan:threads' 4
Current working directory: /

Time for model input parsing: 0.003s.

Portfolio engine picked the following settings: 
	engine=sparse	 bisimulation=false	 exact=true
Time for model construction: 0.673s.

-------------------------------------------------------------- 
Model type: 	MDP (sparse)
States: 	43136
Transitions: 	144352
Choices: 	115840
Reward Models:  none
State Labels: 	4 labels
   * deadlock -> 0 item(s)
   * init -> 1 item(s)
   * agree -> 9170 item(s)
   * finished -> 64 item(s)
Choice Labels: 	none
-------------------------------------------------------------- 

Model checking property "disagree": Pmax=? [F ("finished" & !("agree"))] ...
Result (for initial states): 45666330762076479/292595849630842880 (approx. 0.156073064)
Time for model checking: 11.398s.

