Command:	~/storm/build/bin/storm --prism resource-gathering.pm --prop resource-gathering.prctl expgold --constants B=1300,GOLD_TO_COLLECT=100,GEM_TO_COLLECT=100 --sound --precision 1e-6  --engine portfolio --ddlib sylvan --sylvan:maxmem 6114 --sylvan:threads 4
Wallclock time:	47.67122411727905
Return code:	0
Output:
Storm 1.5.1

Date: Wed Mar 18 09:58:53 2020
Command line arguments: --prism resource-gathering.pm --prop resource-gathering.prctl expgold --constants 'B=1300,GOLD_TO_COLLECT=100,GEM_TO_COLLECT=100' --sound --precision 1e-6 --engine portfolio --ddlib sylvan '--sylvan:maxmem' 6114 '--sylvan:threads' 4
Current working directory: /

Time for model input parsing: 0.005s.

Portfolio engine picked the following settings: 
	engine=hybrid	 bisimulation=false	 exact=false
 WARN (DdPrismModelBuilder.cpp:1171): The reward model does not assign any non-zero rewards.
Time for model construction: 0.951s.

-------------------------------------------------------------- 
Model type: 	MDP (symbolic)
States: 	958894 (36 nodes)
Transitions: 	3325526 (619 nodes)
Choices: 	3080702
Reward Models:  rew_gold
Variables: 	rows: 7 meta variables (23 DD variables), columns: 7 meta variables (23 DD variables), nondeterminism: 4 meta variables (4 DD variables)
Labels: 	3
   * deadlock -> 0 state(s) (1 nodes)
   * init -> 1 state(s) (24 nodes)
   * success
-------------------------------------------------------------- 

Model checking property "expgold": R[exp]{"rew_gold"}max=? [C<=1300] ...
Result (for initial states): 145.2875015
Time for model checking: 46.500s.

