Command:	~/storm/build/bin/storm --prism wlan.5.prism --prop wlan.props sent --constants COL=0 --sound --precision 1e-6  --engine portfolio --ddlib sylvan --sylvan:maxmem 6114 --sylvan:threads 4
Wallclock time:	3.4181132316589355
Return code:	0
Output:
Storm 1.5.1

Date: Wed Mar 18 16:31:42 2020
Command line arguments: --prism wlan.5.prism --prop wlan.props sent --constants COL=0 --sound --precision 1e-6 --engine portfolio --ddlib sylvan '--sylvan:maxmem' 6114 '--sylvan:threads' 4
Current working directory: /

Time for model input parsing: 0.021s.

Portfolio engine picked the following settings: 
	engine=hybrid	 bisimulation=false	 exact=false
Time for model construction: 0.958s.

-------------------------------------------------------------- 
Model type: 	MDP (symbolic)
States: 	1295218 (3351 nodes)
Transitions: 	2929960 (17304 nodes)
Choices: 	1646074
Reward Models:  none
Variables: 	rows: 13 meta variables (45 DD variables), columns: 13 meta variables (45 DD variables), nondeterminism: 7 meta variables (7 DD variables)
Labels: 	2
   * deadlock -> 0 state(s) (1 nodes)
   * init -> 1 state(s) (46 nodes)
-------------------------------------------------------------- 

Model checking property "sent": P>=1 [F ((s1 = 12) & (s2 = 12))] ...
Result (for initial states): true

Time for model checking: 2.121s.

