Command:	~/storm/build/bin/storm --prism rabin.10.prism --prop rabin.10.props live --sound --precision 1e-6  --engine portfolio --ddlib sylvan --sylvan:maxmem 6114 --sylvan:threads 4
Wallclock time:	1.905656337738037
Return code:	0
Output:
Storm 1.5.1

Date: Wed Mar 18 09:25:39 2020
Command line arguments: --prism rabin.10.prism --prop rabin.10.props live --sound --precision 1e-6 --engine portfolio --ddlib sylvan '--sylvan:maxmem' 6114 '--sylvan:threads' 4
Current working directory: /

Time for model input parsing: 0.014s.

Portfolio engine picked the following settings: 
	engine=hybrid	 bisimulation=false	 exact=false
Time for model construction: 1.481s.

-------------------------------------------------------------- 
Model type: 	MDP (symbolic)
States: 	40000000000 (4989 nodes)
Transitions: 	151486089440 (177311 nodes)
Choices: 	65743044720
Reward Models:  none
Variables: 	rows: 43 meta variables (96 DD variables), columns: 43 meta variables (96 DD variables), nondeterminism: 10 meta variables (10 DD variables)
Labels: 	2
   * deadlock -> 0 state(s) (1 nodes)
   * init -> 1 state(s) (97 nodes)
-------------------------------------------------------------- 

Model checking property "live": Pmax=? [F ((((((((((p1 = 2) | (p2 = 2)) | (p3 = 2)) | (p4 = 2)) | (p5 = 2)) | (p6 = 2)) | (p7 = 2)) | (p8 = 2)) | (p9 = 2)) | (p10 = 2))] ...
Result (for initial states): 1
Time for model checking: 0.082s.

