Command:	~/storm/build/bin/storm --prism speed-ind.prism --prop speed-ind.props change_state --constants T=2100 --prismcompat --timebounded:precision 1e-3  --engine portfolio --ddlib sylvan --sylvan:maxmem 6114 --sylvan:threads 4
Wallclock time:	125.93564033508301
Return code:	0
Output:
Storm 1.5.1

Date: Wed Mar 18 00:51:13 2020
Command line arguments: --prism speed-ind.prism --prop speed-ind.props change_state --constants T=2100 --prismcompat '--timebounded:precision' 1e-3 --engine portfolio --ddlib sylvan '--sylvan:maxmem' 6114 '--sylvan:threads' 4
Current working directory: /

 WARN (Program.cpp:178): The input model is a CTMC, but uses probabilistic commands like they are used in PRISM. Consider rewriting the commands to use Markovian commands instead.
Time for model input parsing: 0.009s.

Portfolio engine picked the following settings: 
	engine=sparse	 bisimulation=false	 exact=false
Time for model construction: 8.963s.

-------------------------------------------------------------- 
Model type: 	CTMC (sparse)
States: 	737280
Transitions: 	9237504
Reward Models:  none
State Labels: 	3 labels
   * deadlock -> 0 item(s)
   * ((S2 > 80) & (S3 < 20)) -> 18432 item(s)
   * init -> 1 item(s)
Choice Labels: 	none
-------------------------------------------------------------- 

Model checking property "change_state": P=? [true U<=2100 ((S2 > 80) & (S3 < 20))] ...
Result (for initial states): 0.04229456697
Time for model checking: 116.921s.

