Command:	~/storm/build/bin/storm --prism csma.4-2.prism --prop csma.props time_max --exact  --engine portfolio --ddlib sylvan --sylvan:maxmem 6114 --sylvan:threads 4
Wallclock time:	13.945918083190918
Return code:	0
Output:
Storm 1.5.1

Date: Wed Mar 18 05:43:50 2020
Command line arguments: --prism csma.4-2.prism --prop csma.props time_max --exact --engine portfolio --ddlib sylvan '--sylvan:maxmem' 6114 '--sylvan:threads' 4
Current working directory: /

Time for model input parsing: 0.008s.

Portfolio engine picked the following settings: 
	engine=hybrid	 bisimulation=false	 exact=true
Time for model construction: 1.132s.

-------------------------------------------------------------- 
Model type: 	MDP (symbolic)
States: 	761962 (6738 nodes)
Transitions: 	1327068 (52453 nodes)
Choices: 	825504
Reward Models:  time
Variables: 	rows: 19 meta variables (54 DD variables), columns: 19 meta variables (54 DD variables), nondeterminism: 17 meta variables (17 DD variables)
Labels: 	5
   * deadlock -> 0 state(s) (1 nodes)
   * init -> 1 state(s) (55 nodes)
   * all_delivered
   * collision_max_backoff
   * one_delivered
-------------------------------------------------------------- 

Model checking property "time_max": R[exp]{"time"}max=? [F "all_delivered"] ...
Result (for initial states): 32315623775306742465754992904772086856590387189461759497043751326444129883/227235292031546136552071621151990131110732434575780471525732909819363328 (approx. 142.2121691)
Time for model checking: 12.484s.

