Command:	~/modest/modest convert wlan-large.jani --digital-clocks  --unroll-distrs --output converted_wlan-large.jani --overwrite --experiment K=2
Wallclock time:	0.42802977561950684
Return code:	0
Output:




##############################Output to stderr##############################
The Modest Toolset (www.modestchecker.net), version v3.1.36-g691a5469c.


########################################
Command:	~/storm/build/bin/storm --jani converted_wlan-large.jani --janiproperty E_or --sound --precision 5e-2  --engine portfolio --ddlib sylvan --sylvan:maxmem 6114 --sylvan:threads 4
Wallclock time:	47.09662389755249
Return code:	0
Output:
Storm 1.5.1

Date: Thu Mar 19 02:38:25 2020
Command line arguments: --jani converted_wlan-large.jani --janiproperty E_or --sound --precision 5e-2 --engine portfolio --ddlib sylvan '--sylvan:maxmem' 6114 '--sylvan:threads' 4
Current working directory: /

Time for model input parsing: 0.041s.

Portfolio engine picked the following settings: 
	engine=sparse	 bisimulation=false	 exact=false
Time for model construction: 39.013s.

-------------------------------------------------------------- 
Model type: 	MDP (sparse)
States: 	3189783
Transitions: 	6065855
Choices: 	6045235
Reward Models:  E_and_rate_reward
State Labels: 	3 labels
   * deadlock -> 0 item(s)
   * (success1_seen | success2_seen) -> 166 item(s)
   * init -> 1 item(s)
Choice Labels: 	none
-------------------------------------------------------------- 

Model checking property "E_or": R[exp]{"E_and_rate_reward"}max=? [F (success1_seen | success2_seen)] ...
Result (for initial states): 33692.45734
Time for model checking: 7.959s.

