Command:	~/storm/build/bin/storm --jani ftwc.jani --janiproperty TimeMin --constants N=8,TIME_BOUND=5 --exact  --engine portfolio --ddlib sylvan --sylvan:maxmem 6114 --sylvan:threads 4
Wallclock time:	1800.0125496387482
Return code:	None
Output:
Storm 1.5.1

Date: Wed Mar 18 23:41:19 2020
Command line arguments: --jani ftwc.jani --janiproperty TimeMin --constants 'N=8,TIME_BOUND=5' --exact --engine portfolio --ddlib sylvan '--sylvan:maxmem' 6114 '--sylvan:threads' 4
Current working directory: /

Time for model input parsing: 0.003s.

Portfolio engine picked the following settings: 
	engine=sparse	 bisimulation=false	 exact=true
Time for model construction: 0.256s.

-------------------------------------------------------------- 
Model type: 	Markov Automaton (sparse)
States: 	10299
Transitions: 	26983
Choices: 	12635
Markovian St.: 	4951
Max. Rate.: 	20307/10000
Reward Models:  none
State Labels: 	3 labels
   * deadlock -> 0 item(s)
   * (((workstations_up[0] = 0) | switches_down[0]) & ((workstations_up[1] = 0) | switches_down[1])) -> 1059 item(s)
   * init -> 1 item(s)
Choice Labels: 	none
-------------------------------------------------------------- 

Time for model preprocessing: 0.000s.

-------------------------------------------------------------- 
Model type: 	Markov Automaton (sparse)
States: 	10299
Transitions: 	26983
Choices: 	12635
Markovian St.: 	4951
Max. Rate.: 	20307/10000
Reward Models:  none
State Labels: 	3 labels
   * deadlock -> 0 item(s)
   * (((workstations_up[0] = 0) | switches_down[0]) & ((workstations_up[1] = 0) | switches_down[1])) -> 1059 item(s)
   * init -> 1 item(s)
Choice Labels: 	none
-------------------------------------------------------------- 

Model checking property "TimeMin": T[exp]min=? [F (((workstations_up[0] = 0) | switches_down[0]) & ((workstations_up[1] = 0) | switches_down[1]))] ...


----------
Computation aborted after 1800.0125496387482 seconds since the total time limit of 1800 seconds was exceeded.
