Command:	~/storm/build/bin/storm --prism consensus.6.prism --prop consensus.props steps_min --constants K=2 --exact floats --general:precision 1e-20  --engine portfolio --ddlib sylvan --sylvan:maxmem 6114 --sylvan:threads 4
Wallclock time:	3.609356164932251
Return code:	0
Output:
Storm 1.5.1

Date: Wed Mar 18 05:11:01 2020
Command line arguments: --prism consensus.6.prism --prop consensus.props steps_min --constants K=2 --exact floats '--general:precision' 1e-20 --engine portfolio --ddlib sylvan '--sylvan:maxmem' 6114 '--sylvan:threads' 4
Current working directory: /

 WARN (GeneralSettings.cpp:110): Setting the precision option with module prefix does not effect all solvers. Consider setting --precision instead of --general:precision.
Time for model input parsing: 0.005s.

Portfolio engine picked the following settings: 
	engine=dd-to-sparse	 bisimulation=true	 exact=false
Time for model construction: 0.379s.

-------------------------------------------------------------- 
Model type: 	MDP (symbolic)
States: 	1258240 (218 nodes)
Transitions: 	6236736 (7075 nodes)
Choices: 	5008128
Reward Models:  steps
Variables: 	rows: 13 meta variables (24 DD variables), columns: 13 meta variables (24 DD variables), nondeterminism: 6 meta variables (6 DD variables)
Labels: 	6
   * deadlock -> 0 state(s) (1 nodes)
   * init -> 1 state(s) (25 nodes)
   * agree
   * all_coins_equal_0
   * all_coins_equal_1
   * finished
-------------------------------------------------------------- 

Time for model preprocessing: 2.880s.

-------------------------------------------------------------- 
Model type: 	MDP (sparse)
States: 	2673
Transitions: 	16082
Choices: 	12896
Reward Models:  steps
State Labels: 	4 labels
   * ((((((pc1 = 3) & (pc2 = 3)) & (pc3 = 3)) & (pc4 = 3)) & (pc5 = 3)) & (pc6 = 3)) -> 1 item(s)
   * finished -> 1 item(s)
   * init -> 1 item(s)
   * deadlock -> 0 item(s)
Choice Labels: 	none
-------------------------------------------------------------- 

Model checking property "steps_min": R[exp]{"steps"}min=? [F "finished"] ...
Result (for initial states): 431.999999999999431565811
Time for model checking: 0.071s.

