Command:	~/storm/build/bin/storm --prism cluster.prism --prop cluster.props below_min --constants N=64,T=2000,t=20 --prismcompat --signal-timeout 60 --general:precision 1e-12 --gmm++:precision 1e-12 --native:precision 1e-12 --minmax:precision 1e-12 --timebounded:precision 1e-6 --lra:precision 1e-12  --engine portfolio --ddlib sylvan --sylvan:maxmem 6114 --sylvan:threads 4
Wallclock time:	309.89092087745667
Return code:	0
Output:
Storm 1.5.1

Date: Tue Mar 17 15:04:47 2020
Command line arguments: --prism cluster.prism --prop cluster.props below_min --constants 'N=64,T=2000,t=20' --prismcompat --signal-timeout 60 '--general:precision' 1e-12 '--gmm++:precision' 1e-12 '--native:precision' 1e-12 '--minmax:precision' 1e-12 '--timebounded:precision' 1e-6 '--lra:precision' 1e-12 --engine portfolio --ddlib sylvan '--sylvan:maxmem' 6114 '--sylvan:threads' 4
Current working directory: /

 WARN (GeneralSettings.cpp:110): Setting the precision option with module prefix does not effect all solvers. Consider setting --precision instead of --general:precision.
 WARN (Program.cpp:178): The input model is a CTMC, but uses probabilistic commands like they are used in PRISM. Consider rewriting the commands to use Markovian commands instead.
 WARN (Program.cpp:1264): The model uses synchronizing Markovian commands. This may lead to unexpected verification results, because of unclear semantics.
 WARN (Program.cpp:1264): The model uses synchronizing Markovian commands. This may lead to unexpected verification results, because of unclear semantics.
 WARN (Program.cpp:1264): The model uses synchronizing Markovian commands. This may lead to unexpected verification results, because of unclear semantics.
 WARN (Program.cpp:1264): The model uses synchronizing Markovian commands. This may lead to unexpected verification results, because of unclear semantics.
 WARN (Program.cpp:1264): The model uses synchronizing Markovian commands. This may lead to unexpected verification results, because of unclear semantics.
 WARN (Program.cpp:1264): The model uses synchronizing Markovian commands. This may lead to unexpected verification results, because of unclear semantics.
 WARN (Program.cpp:1264): The model uses synchronizing Markovian commands. This may lead to unexpected verification results, because of unclear semantics.
 WARN (Program.cpp:1264): The model uses synchronizing Markovian commands. This may lead to unexpected verification results, because of unclear semantics.
Time for model input parsing: 0.004s.

 WARN (Program.cpp:1264): The model uses synchronizing Markovian commands. This may lead to unexpected verification results, because of unclear semantics.
 WARN (Program.cpp:1264): The model uses synchronizing Markovian commands. This may lead to unexpected verification results, because of unclear semantics.
 WARN (Program.cpp:1264): The model uses synchronizing Markovian commands. This may lead to unexpected verification results, because of unclear semantics.
Portfolio engine picked the following settings: 
	engine=sparse	 bisimulation=false	 exact=false
 WARN (Program.cpp:1264): The model uses synchronizing Markovian commands. This may lead to unexpected verification results, because of unclear semantics.
 WARN (Program.cpp:1264): The model uses synchronizing Markovian commands. This may lead to unexpected verification results, because of unclear semantics.
Time for model construction: 1.706s.

-------------------------------------------------------------- 
Model type: 	CTMC (sparse)
States: 	151060
Transitions: 	733216
Reward Models:  time_not_min
State Labels: 	2 labels
   * deadlock -> 0 item(s)
   * init -> 1 item(s)
Choice Labels: 	none
-------------------------------------------------------------- 

Model checking property "below_min": R[exp]{"time_not_min"}=? [C<=2000] ...
Result (for initial states): 0.004219443788049931
Time for model checking: 308.148s.

