Command:	~/storm/build/bin/storm --jani philosophers.20.jani --janiproperty MaxPrReachDeadlock --constants TIME_BOUND=1 --exact floats --general:precision 1e-20  --engine portfolio --ddlib sylvan --sylvan:maxmem 6114 --sylvan:threads 4
Wallclock time:	2.044778823852539
Return code:	0
Output:
Storm 1.5.1

Date: Tue Mar 17 21:32:10 2020
Command line arguments: --jani philosophers.20.jani --janiproperty MaxPrReachDeadlock --constants TIME_BOUND=1 --exact floats '--general:precision' 1e-20 --engine portfolio --ddlib sylvan '--sylvan:maxmem' 6114 '--sylvan:threads' 4
Current working directory: /

 WARN (GeneralSettings.cpp:110): Setting the precision option with module prefix does not effect all solvers. Consider setting --precision instead of --general:precision.
Time for model input parsing: 0.010s.

Portfolio engine picked the following settings: 
	engine=hybrid	 bisimulation=false	 exact=false
Time for model construction: 1.722s.

-------------------------------------------------------------- 
Model type: 	CTMC (symbolic)
States: 	45239074 (342 nodes)
Transitions: 	584892921 (2861 nodes)
Reward Models:  none
Variables: 	rows: 81 meta variables (81 DD variables), columns: 81 meta variables (81 DD variables)
Labels: 	3
   * deadlock -> 0 state(s) (1 nodes)
   * init -> 1 state(s) (82 nodes)
   * deadl
-------------------------------------------------------------- 

Model checking property "MaxPrReachDeadlock": Pmax=? [F "deadl"] ...
Result (for initial states): 1
Time for model checking: 0.069s.

