Command:	~/storm/build/bin/storm-dft --dftfile hecs.false-2-2.dft --timebound 1 --max --signal-timeout 60 --general:precision 1e-12 --gmm++:precision 1e-12 --native:precision 1e-12 --minmax:precision 1e-12 --timebounded:precision 1e-6 
Wallclock time:	0.10013794898986816
Return code:	0
Output:
Storm-dft 1.5.1

Date: Thu Mar 19 00:43:33 2020
Command line arguments: --dftfile hecs.false-2-2.dft --timebound 1 --max --signal-timeout 60 '--general:precision' 1e-12 '--gmm++:precision' 1e-12 '--native:precision' 1e-12 '--minmax:precision' 1e-12 '--timebounded:precision' 1e-6
Current working directory: /

 WARN (GeneralSettings.cpp:110): Setting the precision option with module prefix does not effect all solvers. Consider setting --precision instead of --general:precision.
-------------------------------------------------------------- 
Model type: 	CTMC (sparse)
States: 	301
Transitions: 	1405
Reward Models:  none
State Labels: 	4 labels
   * system_dc -> 0 item(s)
   * system_failed -> 0 item(s)
   * init -> 1 item(s)
   * failed -> 1 item(s)
Choice Labels: 	none
-------------------------------------------------------------- 
Times:
Exploration:	0.010s
Building:	0.000s
Bisimulation:	0.000s
Modelchecking:	0.001s
Total:		0.012s
Result: [0.0002199758094252729]

