Command:	~/storm/build/bin/storm --jani dpm.jani --janiproperty PmaxQueuesFullBound --constants N=4,C=8,TIME_BOUND=5 --signal-timeout 60 --general:precision 1e-12 --gmm++:precision 1e-12 --native:precision 1e-12 --minmax:precision 1e-12 --timebounded:precision 1e-6 --lra:precision 1e-12  --engine portfolio --ddlib sylvan --sylvan:maxmem 6114 --sylvan:threads 4
Wallclock time:	600.0374422073364
Return code:	0
Output:
Storm 1.5.1

Date: Wed Mar 18 18:44:27 2020
Command line arguments: --jani dpm.jani --janiproperty PmaxQueuesFullBound --constants 'N=4,C=8,TIME_BOUND=5' --signal-timeout 60 '--general:precision' 1e-12 '--gmm++:precision' 1e-12 '--native:precision' 1e-12 '--minmax:precision' 1e-12 '--timebounded:precision' 1e-6 '--lra:precision' 1e-12 --engine portfolio --ddlib sylvan '--sylvan:maxmem' 6114 '--sylvan:threads' 4
Current working directory: /

 WARN (GeneralSettings.cpp:110): Setting the precision option with module prefix does not effect all solvers. Consider setting --precision instead of --general:precision.
Time for model input parsing: 0.005s.

Portfolio engine picked the following settings: 
	engine=sparse	 bisimulation=false	 exact=false
Time for model construction: 1.816s.

-------------------------------------------------------------- 
Model type: 	Markov Automaton (sparse)
States: 	356426
Transitions: 	681242
Choices: 	418842
Markovian St.: 	94730
Max. Rate.: 	4.1
Reward Models:  none
State Labels: 	3 labels
   * deadlock -> 0 item(s)
   * (((((((((((4 < 1) | (items1 = 8)) & ((4 < 2) | (items2 = 8))) & ((4 < 3) | (items3 = 8))) & ((4 < 4) | (items4 = 8))) & ((4 < 5) | (items5 = 8))) & ((4 < 6) | (items6 = 8))) & ((4 < 7) | (items7 = 8))) & ((4 < 8) | (items8 = 8))) & ((4 < 9) | (items9 = 8))) & ((4 < 10) | (items10 = 8))) -> 10 item(s)
   * init -> 1 item(s)
Choice Labels: 	none
-------------------------------------------------------------- 

Time for model preprocessing: 0.000s.

-------------------------------------------------------------- 
Model type: 	Markov Automaton (sparse)
States: 	356426
Transitions: 	681242
Choices: 	418842
Markovian St.: 	94730
Max. Rate.: 	4.1
Reward Models:  none
State Labels: 	3 labels
   * deadlock -> 0 item(s)
   * (((((((((((4 < 1) | (items1 = 8)) & ((4 < 2) | (items2 = 8))) & ((4 < 3) | (items3 = 8))) & ((4 < 4) | (items4 = 8))) & ((4 < 5) | (items5 = 8))) & ((4 < 6) | (items6 = 8))) & ((4 < 7) | (items7 = 8))) & ((4 < 8) | (items8 = 8))) & ((4 < 9) | (items9 = 8))) & ((4 < 10) | (items10 = 8))) -> 10 item(s)
   * init -> 1 item(s)
Choice Labels: 	none
-------------------------------------------------------------- 

Model checking property "PmaxQueuesFullBound": Pmax=? [true U<=5 (((((((((((4 < 1) | (items1 = 8)) & ((4 < 2) | (items2 = 8))) & ((4 < 3) | (items3 = 8))) & ((4 < 4) | (items4 = 8))) & ((4 < 5) | (items5 = 8))) & ((4 < 6) | (items6 = 8))) & ((4 < 7) | (items7 = 8))) & ((4 < 8) | (items8 = 8))) & ((4 < 9) | (items9 = 8))) & ((4 < 10) | (items10 = 8)))] ...
 WARN (numerical.cpp:130): Fox-Glynn: right = 656 >> lambda = 400, cannot bound the right tail. The results are unreliable.
ERROR (numerical.cpp:222): Fox-Glynn: 656 > 600, underflow is possible.
 WARN (numerical.cpp:130): Fox-Glynn: right = 656 >> lambda = 400, cannot bound the right tail. The results are unreliable.
ERROR (numerical.cpp:222): Fox-Glynn: 656 > 600, underflow is possible.
 WARN (numerical.cpp:130): Fox-Glynn: right = 656 >> lambda = 400, cannot bound the right tail. The results are unreliable.
ERROR (numerical.cpp:222): Fox-Glynn: 656 > 600, underflow is possible.
 WARN (numerical.cpp:130): Fox-Glynn: right = 656 >> lambda = 400, cannot bound the right tail. The results are unreliable.
ERROR (numerical.cpp:222): Fox-Glynn: 656 > 600, underflow is possible.
 WARN (SparseMarkovAutomatonCslHelper.cpp:295): Aborted unif+ in iteration 11.
Result till abort (for initial states): 2.233269341868329e-08
Time for model checking: 598.177s.

##############################Output to stderr##############################
ERROR: The program received signal 2 and will be aborted in 60s.

