Command:	~/storm/build/bin/storm --jani philosophers.20.jani --janiproperty MinExpTimeDeadlock --constants TIME_BOUND=1 --signal-timeout 60 --general:precision 1e-12 --gmm++:precision 1e-12 --native:precision 1e-12 --minmax:precision 1e-12 --timebounded:precision 1e-6 --lra:precision 1e-12  --engine portfolio --ddlib sylvan --sylvan:maxmem 6114 --sylvan:threads 4
Wallclock time:	620.6572713851929
Return code:	-9
Output:
Storm 1.5.1

Date: Tue Mar 17 23:36:34 2020
Command line arguments: --jani philosophers.20.jani --janiproperty MinExpTimeDeadlock --constants TIME_BOUND=1 --signal-timeout 60 '--general:precision' 1e-12 '--gmm++:precision' 1e-12 '--native:precision' 1e-12 '--minmax:precision' 1e-12 '--timebounded:precision' 1e-6 '--lra:precision' 1e-12 --engine portfolio --ddlib sylvan '--sylvan:maxmem' 6114 '--sylvan:threads' 4
Current working directory: /

 WARN (GeneralSettings.cpp:110): Setting the precision option with module prefix does not effect all solvers. Consider setting --precision instead of --general:precision.
Time for model input parsing: 0.041s.

Portfolio engine picked the following settings: 
	engine=hybrid	 bisimulation=false	 exact=false
Time for model construction: 1.707s.

-------------------------------------------------------------- 
Model type: 	CTMC (symbolic)
States: 	45239074 (342 nodes)
Transitions: 	584892921 (2861 nodes)
Reward Models:  none
Variables: 	rows: 81 meta variables (81 DD variables), columns: 81 meta variables (81 DD variables)
Labels: 	3
   * deadlock -> 0 state(s) (1 nodes)
   * init -> 1 state(s) (82 nodes)
   * deadl
-------------------------------------------------------------- 

Model checking property "MinExpTimeDeadlock": T[exp]min=? [F "deadl"] ...

##############################Output to stderr##############################
ERROR: The program received signal 2 and will be aborted in 60s.

