Command:	~/storm/build/bin/storm-dft --dftfile hecs.false-2-2.dft --timebound 1 --max --sound --precision 1e-6 
Wallclock time:	0.0998842716217041
Return code:	0
Output:
Storm-dft 1.5.1

Date: Thu Mar 19 00:43:33 2020
Command line arguments: --dftfile hecs.false-2-2.dft --timebound 1 --max --sound --precision 1e-6
Current working directory: /

-------------------------------------------------------------- 
Model type: 	CTMC (sparse)
States: 	301
Transitions: 	1405
Reward Models:  none
State Labels: 	4 labels
   * system_dc -> 0 item(s)
   * system_failed -> 0 item(s)
   * init -> 1 item(s)
   * failed -> 1 item(s)
Choice Labels: 	none
-------------------------------------------------------------- 
Times:
Exploration:	0.010s
Building:	0.000s
Bisimulation:	0.000s
Modelchecking:	0.002s
Total:		0.013s
Result: [0.0002199758094]

