Command:	~/storm/build/bin/storm --jani elevators.b-11-9.jani --janiproperty goal --sound --precision 5e-2  --engine portfolio --ddlib sylvan --sylvan:maxmem 6114 --sylvan:threads 4
Wallclock time:	8.818049430847168
Return code:	0
Output:
Storm 1.5.1

Date: Wed Mar 18 06:29:45 2020
Command line arguments: --jani elevators.b-11-9.jani --janiproperty goal --sound --precision 5e-2 --engine portfolio --ddlib sylvan '--sylvan:maxmem' 6114 '--sylvan:threads' 4
Current working directory: /

Time for model input parsing: 0.005s.

Portfolio engine picked the following settings: 
	engine=sparse	 bisimulation=false	 exact=false
Time for model construction: 8.258s.

-------------------------------------------------------------- 
Model type: 	MDP (sparse)
States: 	538326
Transitions: 	3456513
Choices: 	3208167
Reward Models:  none
State Labels: 	3 labels
   * deadlock -> 0 item(s)
   * (((((((((var59 = 0) & (var57 = 0)) & (var55 = 0)) & (var53 = 0)) & (var51 = 0)) & (var49 = 0)) & (var47 = 0)) & (var45 = 0)) & (var43 = 0)) -> 243 item(s)
   * init -> 1 item(s)
Choice Labels: 	none
-------------------------------------------------------------- 

Model checking property "goal": Pmax=? [F (((((((((var59 = 0) & (var57 = 0)) & (var55 = 0)) & (var53 = 0)) & (var51 = 0)) & (var49 = 0)) & (var47 = 0)) & (var45 = 0)) & (var43 = 0))] ...
Result (for initial states): 1
Time for model checking: 0.517s.

