Command:	~/storm/build/bin/storm --prism resource-gathering.pm --prop resource-gathering.prctl prgoldgem --constants B=1300,GOLD_TO_COLLECT=100,GEM_TO_COLLECT=100 --exact floats --general:precision 1e-20  --engine portfolio --ddlib sylvan --sylvan:maxmem 6114 --sylvan:threads 4
Wallclock time:	50.82344913482666
Return code:	0
Output:
Storm 1.5.1

Date: Wed Mar 18 11:06:12 2020
Command line arguments: --prism resource-gathering.pm --prop resource-gathering.prctl prgoldgem --constants 'B=1300,GOLD_TO_COLLECT=100,GEM_TO_COLLECT=100' --exact floats '--general:precision' 1e-20 --engine portfolio --ddlib sylvan '--sylvan:maxmem' 6114 '--sylvan:threads' 4
Current working directory: /

 WARN (GeneralSettings.cpp:110): Setting the precision option with module prefix does not effect all solvers. Consider setting --precision instead of --general:precision.
Time for model input parsing: 0.005s.

Portfolio engine picked the following settings: 
	engine=hybrid	 bisimulation=false	 exact=false
Time for model construction: 1.084s.

-------------------------------------------------------------- 
Model type: 	MDP (symbolic)
States: 	958801 (49 nodes)
Transitions: 	3325201 (751 nodes)
Choices: 	3080401
Reward Models:  none
Variables: 	rows: 7 meta variables (23 DD variables), columns: 7 meta variables (23 DD variables), nondeterminism: 4 meta variables (4 DD variables)
Labels: 	3
   * deadlock -> 0 state(s) (1 nodes)
   * init -> 1 state(s) (24 nodes)
   * success
-------------------------------------------------------------- 

Model checking property "prgoldgem": Pmax=? [true U<=1300 "success"] ...
Result (for initial states): 0.663060852524182231526595
Time for model checking: 49.463s.

