Command:	~/storm/build/bin/storm --jani readers-writers.40.jani --janiproperty exp_time_many_requests --exact  --engine portfolio --ddlib sylvan --sylvan:maxmem 6114 --sylvan:threads 4
Wallclock time:	1801.1270306110382
Return code:	None
Output:
Storm 1.5.1

Date: Thu Mar 19 00:43:34 2020
Command line arguments: --jani readers-writers.40.jani --janiproperty exp_time_many_requests --exact --engine portfolio --ddlib sylvan '--sylvan:maxmem' 6114 '--sylvan:threads' 4
Current working directory: /

Time for model input parsing: 0.003s.

Portfolio engine picked the following settings: 
	engine=sparse	 bisimulation=false	 exact=true
Time for model construction: 192.060s.

-------------------------------------------------------------- 
Model type: 	Markov Automaton (sparse)
States: 	1884366
Transitions: 	3815040
Choices: 	1884366
Markovian St.: 	372594
Max. Rate.: 	400
Reward Models:  none
State Labels: 	3 labels
   * deadlock -> 0 item(s)
   * (((p_lan_w + p_w) + (p_lan_r + p_r)) > (320 / 10)) -> 56038 item(s)
   * init -> 1 item(s)
Choice Labels: 	none
-------------------------------------------------------------- 

Time for model preprocessing: 0.000s.

-------------------------------------------------------------- 
Model type: 	Markov Automaton (sparse)
States: 	1884366
Transitions: 	3815040
Choices: 	1884366
Markovian St.: 	372594
Max. Rate.: 	400
Reward Models:  none
State Labels: 	3 labels
   * deadlock -> 0 item(s)
   * (((p_lan_w + p_w) + (p_lan_r + p_r)) > (320 / 10)) -> 56038 item(s)
   * init -> 1 item(s)
Choice Labels: 	none
-------------------------------------------------------------- 

Model checking property "exp_time_many_requests": T[exp]min=? [F (((p_lan_w + p_w) + (p_lan_r + p_r)) > (320 / 10))] ...


----------
Computation aborted after 1801.1270306110382 seconds since the total time limit of 1800 seconds was exceeded.
