Command:	~/storm/build/bin/storm --prism consensus.4.prism --prop consensus.props steps_min --constants K=4 --timebounded:precision 1e-3  --engine portfolio --ddlib sylvan --sylvan:maxmem 6114 --sylvan:threads 4
Wallclock time:	2.2787680625915527
Return code:	0
Output:
Storm 1.5.1

Date: Wed Mar 18 04:40:14 2020
Command line arguments: --prism consensus.4.prism --prop consensus.props steps_min --constants K=4 '--timebounded:precision' 1e-3 --engine portfolio --ddlib sylvan '--sylvan:maxmem' 6114 '--sylvan:threads' 4
Current working directory: /

Time for model input parsing: 0.004s.

Portfolio engine picked the following settings: 
	engine=sparse	 bisimulation=false	 exact=false
Time for model construction: 0.294s.

-------------------------------------------------------------- 
Model type: 	MDP (sparse)
States: 	43136
Transitions: 	144352
Choices: 	115840
Reward Models:  steps
State Labels: 	3 labels
   * deadlock -> 0 item(s)
   * finished -> 64 item(s)
   * init -> 1 item(s)
Choice Labels: 	none
-------------------------------------------------------------- 

Model checking property "steps_min": R[exp]{"steps"}min=? [F "finished"] ...
Result (for initial states): 768.068395
Time for model checking: 1.949s.

