Command:	~/storm/build/bin/storm --prism consensus.4.prism --prop consensus.props steps_min --constants K=4 --exact  --engine portfolio --ddlib sylvan --sylvan:maxmem 6114 --sylvan:threads 4
Wallclock time:	4.392428398132324
Return code:	0
Output:
Storm 1.5.1

Date: Wed Mar 18 04:10:05 2020
Command line arguments: --prism consensus.4.prism --prop consensus.props steps_min --constants K=4 --exact --engine portfolio --ddlib sylvan '--sylvan:maxmem' 6114 '--sylvan:threads' 4
Current working directory: /

Time for model input parsing: 0.004s.

Portfolio engine picked the following settings: 
	engine=sparse	 bisimulation=false	 exact=true
Time for model construction: 0.799s.

-------------------------------------------------------------- 
Model type: 	MDP (sparse)
States: 	43136
Transitions: 	144352
Choices: 	115840
Reward Models:  steps
State Labels: 	3 labels
   * deadlock -> 0 item(s)
   * finished -> 64 item(s)
   * init -> 1 item(s)
Choice Labels: 	none
-------------------------------------------------------------- 

Model checking property "steps_min": R[exp]{"steps"}min=? [F "finished"] ...
Result (for initial states): 768 (approx. 768)
Time for model checking: 3.517s.

