Command:	~/storm/build/bin/storm --jani philosophers.16.jani --janiproperty MaxPrReachDeadlockTB --constants TIME_BOUND=1 --sound --precision 1e-6  --engine portfolio --ddlib sylvan --sylvan:maxmem 6114 --sylvan:threads 4
Wallclock time:	105.54289889335632
Return code:	0
Output:
Storm 1.5.1

Date: Tue Mar 17 18:44:49 2020
Command line arguments: --jani philosophers.16.jani --janiproperty MaxPrReachDeadlockTB --constants TIME_BOUND=1 --sound --precision 1e-6 --engine portfolio --ddlib sylvan '--sylvan:maxmem' 6114 '--sylvan:threads' 4
Current working directory: /

Time for model input parsing: 0.014s.

Portfolio engine picked the following settings: 
	engine=hybrid	 bisimulation=false	 exact=false
Time for model construction: 1.263s.

-------------------------------------------------------------- 
Model type: 	CTMC (symbolic)
States: 	1331714 (270 nodes)
Transitions: 	13774113 (2229 nodes)
Reward Models:  none
Variables: 	rows: 65 meta variables (65 DD variables), columns: 65 meta variables (65 DD variables)
Labels: 	3
   * deadlock -> 0 state(s) (1 nodes)
   * init -> 1 state(s) (66 nodes)
   * deadl
-------------------------------------------------------------- 

Model checking property "MaxPrReachDeadlockTB": Pmax=? [true U<=1 "deadl"] ...
Result (for initial states): 6.928238934e-05
Time for model checking: 104.070s.

