Command:	~/storm/build/bin/storm --prism wlan.6.prism --prop wlan.props sent --constants COL=0 --timebounded:precision 1e-3  --engine portfolio --ddlib sylvan --sylvan:maxmem 6114 --sylvan:threads 4
Wallclock time:	6.631868124008179
Return code:	0
Output:
Storm 1.5.1

Date: Wed Mar 18 16:33:50 2020
Command line arguments: --prism wlan.6.prism --prop wlan.props sent --constants COL=0 '--timebounded:precision' 1e-3 --engine portfolio --ddlib sylvan '--sylvan:maxmem' 6114 '--sylvan:threads' 4
Current working directory: /

Time for model input parsing: 0.032s.

Portfolio engine picked the following settings: 
	engine=hybrid	 bisimulation=false	 exact=false
Time for model construction: 1.389s.

-------------------------------------------------------------- 
Model type: 	MDP (symbolic)
States: 	5007548 (3894 nodes)
Transitions: 	11475748 (20432 nodes)
Choices: 	6350470
Reward Models:  none
Variables: 	rows: 13 meta variables (47 DD variables), columns: 13 meta variables (47 DD variables), nondeterminism: 7 meta variables (7 DD variables)
Labels: 	2
   * deadlock -> 0 state(s) (1 nodes)
   * init -> 1 state(s) (48 nodes)
-------------------------------------------------------------- 

Model checking property "sent": P>=1 [F ((s1 = 12) & (s2 = 12))] ...
Result (for initial states): true

Time for model checking: 4.900s.

