Command:	~/storm/build/bin/storm --prism herman.15.prism --prop herman.props steps --exact  --engine portfolio --ddlib sylvan --sylvan:maxmem 6114 --sylvan:threads 4
Wallclock time:	1800.111385345459
Return code:	None
Output:
Storm 1.5.1

Date: Tue Mar 17 11:52:50 2020
Command line arguments: --prism herman.15.prism --prop herman.props steps --exact --engine portfolio --ddlib sylvan '--sylvan:maxmem' 6114 '--sylvan:threads' 4
Current working directory: /

Time for model input parsing: 0.004s.

Portfolio engine picked the following settings: 
	engine=hybrid	 bisimulation=false	 exact=true
Time for model construction: 0.063s.

-------------------------------------------------------------- 
Model type: 	DTMC (symbolic)
States: 	32768 (1 nodes)
Transitions: 	14348878 (897 nodes)
Reward Models:  steps
Variables: 	rows: 15 meta variables (15 DD variables), columns: 15 meta variables (15 DD variables)
Labels: 	3
   * deadlock -> 0 state(s) (1 nodes)
   * init -> 32768 state(s) (1 nodes)
   * stable
-------------------------------------------------------------- 

Model checking property "steps": R[exp]=? [F "stable"] ...


----------
Computation aborted after 1800.111385345459 seconds since the total time limit of 1800 seconds was exceeded.
