Command:	~/storm/build/bin/storm --jani rectangle-tireworld.11.jani --janiproperty goal --exact floats --general:precision 1e-20  --engine portfolio --ddlib sylvan --sylvan:maxmem 6114 --sylvan:threads 4
Wallclock time:	22.943785429000854
Return code:	0
Output:
Storm 1.5.1

Date: Wed Mar 18 09:26:10 2020
Command line arguments: --jani rectangle-tireworld.11.jani --janiproperty goal --exact floats '--general:precision' 1e-20 --engine portfolio --ddlib sylvan '--sylvan:maxmem' 6114 '--sylvan:threads' 4
Current working directory: /

 WARN (GeneralSettings.cpp:110): Setting the precision option with module prefix does not effect all solvers. Consider setting --precision instead of --general:precision.
Time for model input parsing: 20.160s.

Portfolio engine picked the following settings: 
	engine=sparse	 bisimulation=false	 exact=true
Time for model construction: 2.153s.

-------------------------------------------------------------- 
Model type: 	MDP (sparse)
States: 	242
Transitions: 	16084
Choices: 	15367
Reward Models:  none
State Labels: 	3 labels
   * deadlock -> 0 item(s)
   * (((var2 = 2) & (var1 = 2)) & (var0 = 1)) -> 1 item(s)
   * init -> 1 item(s)
Choice Labels: 	none
-------------------------------------------------------------- 

Model checking property "goal": Pmax=? [F (((var2 = 2) & (var1 = 2)) & (var0 = 1))] ...
Result (for initial states): 1 (approx. 1)
Time for model checking: 0.020s.

