Command:	~/storm/build/bin/storm --prism pnueli-zuck.5.prism --prop pnueli-zuck.props live --exact floats --general:precision 1e-20  --engine portfolio --ddlib sylvan --sylvan:maxmem 6114 --sylvan:threads 4
Wallclock time:	0.9615771770477295
Return code:	0
Output:
Storm 1.5.1

Date: Wed Mar 18 09:25:17 2020
Command line arguments: --prism pnueli-zuck.5.prism --prop pnueli-zuck.props live --exact floats '--general:precision' 1e-20 --engine portfolio --ddlib sylvan '--sylvan:maxmem' 6114 '--sylvan:threads' 4
Current working directory: /

 WARN (GeneralSettings.cpp:110): Setting the precision option with module prefix does not effect all solvers. Consider setting --precision instead of --general:precision.
Time for model input parsing: 0.010s.

Portfolio engine picked the following settings: 
	engine=hybrid	 bisimulation=false	 exact=false
Time for model construction: 0.493s.

-------------------------------------------------------------- 
Model type: 	MDP (symbolic)
States: 	307523 (164 nodes)
Transitions: 	1886851 (5355 nodes)
Choices: 	1753715
Reward Models:  none
Variables: 	rows: 5 meta variables (20 DD variables), columns: 5 meta variables (20 DD variables), nondeterminism: 5 meta variables (5 DD variables)
Labels: 	2
   * deadlock -> 0 state(s) (1 nodes)
   * init -> 1 state(s) (21 nodes)
-------------------------------------------------------------- 

Model checking property "live": Pmax=? [F (p1 = 10)] ...
Result (for initial states): 1
Time for model checking: 0.255s.

