Command:	~/storm/build/bin/storm --prism stream.ma --prop stream.csl pr_underrun_tb --constants N=1000 --timebounded:precision 1e-3  --engine portfolio --ddlib sylvan --sylvan:maxmem 6114 --sylvan:threads 4
Wallclock time:	7.901549577713013
Return code:	0
Output:
Storm 1.5.1

Date: Thu Mar 19 02:24:54 2020
Command line arguments: --prism stream.ma --prop stream.csl pr_underrun_tb --constants N=1000 '--timebounded:precision' 1e-3 --engine portfolio --ddlib sylvan '--sylvan:maxmem' 6114 '--sylvan:threads' 4
Current working directory: /

Time for model input parsing: 0.002s.

Portfolio engine picked the following settings: 
	engine=sparse	 bisimulation=false	 exact=false
Time for model construction: 1.969s.

-------------------------------------------------------------- 
Model type: 	Markov Automaton (sparse)
States: 	503501
Transitions: 	1004999
Choices: 	504500
Markovian St.: 	502500
Max. Rate.: 	8
Reward Models:  none
State Labels: 	3 labels
   * deadlock -> 0 item(s)
   * underrun -> 999 item(s)
   * init -> 1 item(s)
Choice Labels: 	none
-------------------------------------------------------------- 

Time for model preprocessing: 0.000s.

-------------------------------------------------------------- 
Model type: 	Markov Automaton (sparse)
States: 	503501
Transitions: 	1004999
Choices: 	504500
Markovian St.: 	502500
Max. Rate.: 	8
Reward Models:  none
State Labels: 	3 labels
   * deadlock -> 0 item(s)
   * underrun -> 999 item(s)
   * init -> 1 item(s)
Choice Labels: 	none
-------------------------------------------------------------- 

Model checking property "pr_underrun_tb": Pmin=? [true U<=2 "underrun"] ...
Result (for initial states): 0.01893903172
Time for model checking: 5.884s.

