Command:	~/storm/build/bin/storm --jani tireworld.45.jani --janiproperty goal --exact floats --general:precision 1e-20  --engine portfolio --ddlib sylvan --sylvan:maxmem 6114 --sylvan:threads 4
Wallclock time:	1800.7205021381378
Return code:	None
Output:
Storm 1.5.1

Date: Wed Mar 18 11:40:21 2020
Command line arguments: --jani tireworld.45.jani --janiproperty goal --exact floats '--general:precision' 1e-20 --engine portfolio --ddlib sylvan '--sylvan:maxmem' 6114 '--sylvan:threads' 4
Current working directory: /

 WARN (GeneralSettings.cpp:110): Setting the precision option with module prefix does not effect all solvers. Consider setting --precision instead of --general:precision.
Time for model input parsing: 0.032s.

Portfolio engine picked the following settings: 
	engine=sparse	 bisimulation=false	 exact=false
Time for model construction: 563.484s.

-------------------------------------------------------------- 
Model type: 	MDP (sparse)
States: 	46137256
Transitions: 	192413242
Choices: 	105905930
Reward Models:  none
State Labels: 	3 labels
   * deadlock -> 8912896 item(s)
   * (var21 = 33) -> 1048574 item(s)
   * init -> 1 item(s)
Choice Labels: 	none
-------------------------------------------------------------- 

Model checking property "goal": Pmax=? [F (var21 = 33)] ...


----------
Computation aborted after 1800.7205021381378 seconds since the total time limit of 1800 seconds was exceeded.
