Command:	~/storm/build/bin/storm --prism consensus.4.prism --prop consensus.props disagree --constants K=4 --sound --precision 5e-2  --engine portfolio --ddlib sylvan --sylvan:maxmem 6114 --sylvan:threads 4
Wallclock time:	1.3978123664855957
Return code:	0
Output:
Storm 1.5.1

Date: Wed Mar 18 04:09:59 2020
Command line arguments: --prism consensus.4.prism --prop consensus.props disagree --constants K=4 --sound --precision 5e-2 --engine portfolio --ddlib sylvan '--sylvan:maxmem' 6114 '--sylvan:threads' 4
Current working directory: /

Time for model input parsing: 0.004s.

Portfolio engine picked the following settings: 
	engine=sparse	 bisimulation=false	 exact=false
Time for model construction: 0.274s.

-------------------------------------------------------------- 
Model type: 	MDP (sparse)
States: 	43136
Transitions: 	144352
Choices: 	115840
Reward Models:  none
State Labels: 	4 labels
   * deadlock -> 0 item(s)
   * init -> 1 item(s)
   * agree -> 9170 item(s)
   * finished -> 64 item(s)
Choice Labels: 	none
-------------------------------------------------------------- 

Model checking property "disagree": Pmax=? [F ("finished" & !("agree"))] ...
Result (for initial states): 0.1560452764
Time for model checking: 1.088s.

