Command:	~/storm/build/bin/storm --jani tireworld.45.jani --janiproperty goal --signal-timeout 60 --general:precision 1e-12 --gmm++:precision 1e-12 --native:precision 1e-12 --minmax:precision 1e-12 --timebounded:precision 1e-6 --lra:precision 1e-12  --engine portfolio --ddlib sylvan --sylvan:maxmem 6114 --sylvan:threads 4
Wallclock time:	620.3727564811707
Return code:	-9
Output:
Storm 1.5.1

Date: Wed Mar 18 13:40:22 2020
Command line arguments: --jani tireworld.45.jani --janiproperty goal --signal-timeout 60 '--general:precision' 1e-12 '--gmm++:precision' 1e-12 '--native:precision' 1e-12 '--minmax:precision' 1e-12 '--timebounded:precision' 1e-6 '--lra:precision' 1e-12 --engine portfolio --ddlib sylvan '--sylvan:maxmem' 6114 '--sylvan:threads' 4
Current working directory: /

 WARN (GeneralSettings.cpp:110): Setting the precision option with module prefix does not effect all solvers. Consider setting --precision instead of --general:precision.
Time for model input parsing: 0.010s.

Portfolio engine picked the following settings: 
	engine=sparse	 bisimulation=false	 exact=false
Time for model construction: 574.400s.

-------------------------------------------------------------- 
Model type: 	MDP (sparse)
States: 	46137256
Transitions: 	192413242
Choices: 	105905930
Reward Models:  none
State Labels: 	3 labels
   * deadlock -> 8912896 item(s)
   * (var21 = 33) -> 1048574 item(s)
   * init -> 1 item(s)
Choice Labels: 	none
-------------------------------------------------------------- 

Model checking property "goal": Pmax=? [F (var21 = 33)] ...

##############################Output to stderr##############################
ERROR: The program received signal 2 and will be aborted in 60s.

