Command:	~/storm/build/bin/storm --prism nand.prism --prop nand.props reliable --constants N=60,K=4 --signal-timeout 60 --general:precision 1e-12 --gmm++:precision 1e-12 --native:precision 1e-12 --minmax:precision 1e-12 --timebounded:precision 1e-6 --lra:precision 1e-12  --engine portfolio --ddlib sylvan --sylvan:maxmem 6114 --sylvan:threads 4
Wallclock time:	34.36005663871765
Return code:	0
Output:
Storm 1.5.1

Date: Tue Mar 17 12:48:19 2020
Command line arguments: --prism nand.prism --prop nand.props reliable --constants 'N=60,K=4' --signal-timeout 60 '--general:precision' 1e-12 '--gmm++:precision' 1e-12 '--native:precision' 1e-12 '--minmax:precision' 1e-12 '--timebounded:precision' 1e-6 '--lra:precision' 1e-12 --engine portfolio --ddlib sylvan '--sylvan:maxmem' 6114 '--sylvan:threads' 4
Current working directory: /

 WARN (GeneralSettings.cpp:110): Setting the precision option with module prefix does not effect all solvers. Consider setting --precision instead of --general:precision.
Time for model input parsing: 0.003s.

Portfolio engine picked the following settings: 
	engine=hybrid	 bisimulation=false	 exact=false
Time for model construction: 1.318s.

-------------------------------------------------------------- 
Model type: 	DTMC (symbolic)
States: 	18826082 (14593 nodes)
Transitions: 	29772212 (97917 nodes)
Reward Models:  none
Variables: 	rows: 8 meta variables (33 DD variables), columns: 8 meta variables (33 DD variables)
Labels: 	2
   * deadlock -> 0 state(s) (1 nodes)
   * init -> 1 state(s) (34 nodes)
-------------------------------------------------------------- 

Model checking property "reliable": P=? [F ((s = 4) & ((z / 60) < 1/10))] ...
Result (for initial states): 0.6867214589192268
Time for model checking: 32.693s.

