Command:	~/storm/build/bin/storm --jani rectangle-tireworld.11.jani --janiproperty goal --signal-timeout 60 --general:precision 1e-12 --gmm++:precision 1e-12 --native:precision 1e-12 --minmax:precision 1e-12 --timebounded:precision 1e-6 --lra:precision 1e-12  --engine portfolio --ddlib sylvan --sylvan:maxmem 6114 --sylvan:threads 4
Wallclock time:	22.950141191482544
Return code:	0
Output:
Storm 1.5.1

Date: Wed Mar 18 09:27:42 2020
Command line arguments: --jani rectangle-tireworld.11.jani --janiproperty goal --signal-timeout 60 '--general:precision' 1e-12 '--gmm++:precision' 1e-12 '--native:precision' 1e-12 '--minmax:precision' 1e-12 '--timebounded:precision' 1e-6 '--lra:precision' 1e-12 --engine portfolio --ddlib sylvan '--sylvan:maxmem' 6114 '--sylvan:threads' 4
Current working directory: /

 WARN (GeneralSettings.cpp:110): Setting the precision option with module prefix does not effect all solvers. Consider setting --precision instead of --general:precision.
Time for model input parsing: 20.162s.

Portfolio engine picked the following settings: 
	engine=sparse	 bisimulation=false	 exact=true
Time for model construction: 2.154s.

-------------------------------------------------------------- 
Model type: 	MDP (sparse)
States: 	242
Transitions: 	16084
Choices: 	15367
Reward Models:  none
State Labels: 	3 labels
   * deadlock -> 0 item(s)
   * (((var2 = 2) & (var1 = 2)) & (var0 = 1)) -> 1 item(s)
   * init -> 1 item(s)
Choice Labels: 	none
-------------------------------------------------------------- 

Model checking property "goal": Pmax=? [F (((var2 = 2) & (var1 = 2)) & (var0 = 1))] ...
Result (for initial states): 1 (approx. 1)
Time for model checking: 0.021s.

