Command:	~/storm/build/bin/storm --prism resource-gathering.pm --prop resource-gathering.prctl expsteps --constants B=1300,GOLD_TO_COLLECT=100,GEM_TO_COLLECT=100 --signal-timeout 60 --general:precision 1e-12 --gmm++:precision 1e-12 --native:precision 1e-12 --minmax:precision 1e-12 --timebounded:precision 1e-6 --lra:precision 1e-12  --engine portfolio --ddlib sylvan --sylvan:maxmem 6114 --sylvan:threads 4
Wallclock time:	25.98689913749695
Return code:	0
Output:
Storm 1.5.1

Date: Wed Mar 18 10:35:46 2020
Command line arguments: --prism resource-gathering.pm --prop resource-gathering.prctl expsteps --constants 'B=1300,GOLD_TO_COLLECT=100,GEM_TO_COLLECT=100' --signal-timeout 60 '--general:precision' 1e-12 '--gmm++:precision' 1e-12 '--native:precision' 1e-12 '--minmax:precision' 1e-12 '--timebounded:precision' 1e-6 '--lra:precision' 1e-12 --engine portfolio --ddlib sylvan '--sylvan:maxmem' 6114 '--sylvan:threads' 4
Current working directory: /

 WARN (GeneralSettings.cpp:110): Setting the precision option with module prefix does not effect all solvers. Consider setting --precision instead of --general:precision.
Time for model input parsing: 0.005s.

Portfolio engine picked the following settings: 
	engine=sparse	 bisimulation=false	 exact=false
Time for model construction: 12.631s.

-------------------------------------------------------------- 
Model type: 	MDP (sparse)
States: 	958801
Transitions: 	3325201
Choices: 	3080401
Reward Models:  none
State Labels: 	3 labels
   * deadlock -> 0 item(s)
   * success -> 1 item(s)
   * init -> 1 item(s)
Choice Labels: 	none
-------------------------------------------------------------- 

Model checking property "expsteps": T[exp]min=? [F "success"] ...
Result (for initial states): 1292.592592593066
Time for model checking: 13.312s.

