Command:	~/storm/build/bin/storm --jani philosophers.16.jani --janiproperty MinExpTimeDeadlock --constants TIME_BOUND=1 --exact floats --general:precision 1e-20  --engine portfolio --ddlib sylvan --sylvan:maxmem 6114 --sylvan:threads 4
Wallclock time:	1800.1972184181213
Return code:	None
Output:
Storm 1.5.1

Date: Tue Mar 17 19:19:35 2020
Command line arguments: --jani philosophers.16.jani --janiproperty MinExpTimeDeadlock --constants TIME_BOUND=1 --exact floats '--general:precision' 1e-20 --engine portfolio --ddlib sylvan '--sylvan:maxmem' 6114 '--sylvan:threads' 4
Current working directory: /

 WARN (GeneralSettings.cpp:110): Setting the precision option with module prefix does not effect all solvers. Consider setting --precision instead of --general:precision.
Time for model input parsing: 0.008s.

Portfolio engine picked the following settings: 
	engine=hybrid	 bisimulation=false	 exact=false
Time for model construction: 1.216s.

-------------------------------------------------------------- 
Model type: 	CTMC (symbolic)
States: 	1331714 (270 nodes)
Transitions: 	13774113 (2229 nodes)
Reward Models:  none
Variables: 	rows: 65 meta variables (65 DD variables), columns: 65 meta variables (65 DD variables)
Labels: 	3
   * deadlock -> 0 state(s) (1 nodes)
   * init -> 1 state(s) (66 nodes)
   * deadl
-------------------------------------------------------------- 

Model checking property "MinExpTimeDeadlock": T[exp]min=? [F "deadl"] ...


----------
Computation aborted after 1800.1972184181213 seconds since the total time limit of 1800 seconds was exceeded.
