Command:	~/storm/build/bin/storm --prism nand.prism --prop nand.props reliable --constants N=40,K=4 --exact floats --general:precision 1e-20  --engine portfolio --ddlib sylvan --sylvan:maxmem 6114 --sylvan:threads 4
Wallclock time:	8.527657985687256
Return code:	0
Output:
Storm 1.5.1

Date: Tue Mar 17 12:27:10 2020
Command line arguments: --prism nand.prism --prop nand.props reliable --constants 'N=40,K=4' --exact floats '--general:precision' 1e-20 --engine portfolio --ddlib sylvan '--sylvan:maxmem' 6114 '--sylvan:threads' 4
Current working directory: /

 WARN (GeneralSettings.cpp:110): Setting the precision option with module prefix does not effect all solvers. Consider setting --precision instead of --general:precision.
Time for model input parsing: 0.002s.

Portfolio engine picked the following settings: 
	engine=hybrid	 bisimulation=false	 exact=false
Time for model construction: 1.037s.

-------------------------------------------------------------- 
Model type: 	DTMC (symbolic)
States: 	3999522 (8239 nodes)
Transitions: 	6288542 (49266 nodes)
Reward Models:  none
Variables: 	rows: 8 meta variables (33 DD variables), columns: 8 meta variables (33 DD variables)
Labels: 	2
   * deadlock -> 0 state(s) (1 nodes)
   * init -> 1 state(s) (34 nodes)
-------------------------------------------------------------- 

Model checking property "reliable": P=? [F ((s = 4) & ((z / 40) < 1/10))] ...
Result (for initial states): 0.61868222081519641530889
Time for model checking: 7.196s.

