Command:	~/storm/build/bin/storm --prism pacman.nm --prop pacman.props crash --constants MAXSTEPS=100 --sound --precision 1e-6  --engine portfolio --ddlib sylvan --sylvan:maxmem 6114 --sylvan:threads 4
Wallclock time:	73.31355834007263
Return code:	0
Output:
Storm 1.5.1

Date: Thu Apr  2 13:56:46 2020
Command line arguments: --prism pacman.nm --prop pacman.props crash --constants MAXSTEPS=100 --sound --precision 1e-6 --engine portfolio --ddlib sylvan '--sylvan:maxmem' 6114 '--sylvan:threads' 4
Current working directory: /

Time for model input parsing: 0.077s.

Portfolio engine picked the following settings: 
	engine=hybrid	 bisimulation=false	 exact=false
Time for model construction: 8.698s.

-------------------------------------------------------------- 
Model type: 	MDP (symbolic)
States: 	16115358 (327549 nodes)
Transitions: 	22140403 (1720915 nodes)
Choices: 	20214527
Reward Models:  none
Variables: 	rows: 11 meta variables (36 DD variables), columns: 11 meta variables (36 DD variables), nondeterminism: 9 meta variables (9 DD variables)
Labels: 	3
   * deadlock -> 0 state(s) (1 nodes)
   * init -> 1 state(s) (37 nodes)
   * Crash
-------------------------------------------------------------- 

Model checking property "crash": Pmin=? [F "Crash"] ...
Result (for initial states): 0.5511176225
Time for model checking: 63.835s.

