Command:	~/storm/build/bin/storm --prism cluster.prism --prop cluster.props premium_steady --constants N=128,T=2000,t=20 --prismcompat --exact  --engine portfolio --ddlib sylvan --sylvan:maxmem 6114 --sylvan:threads 4
Wallclock time:	1800.7910151481628
Return code:	None
Output:
Storm 1.5.1

Date: Tue Mar 17 13:36:40 2020
Command line arguments: --prism cluster.prism --prop cluster.props premium_steady --constants 'N=128,T=2000,t=20' --prismcompat --exact --engine portfolio --ddlib sylvan '--sylvan:maxmem' 6114 '--sylvan:threads' 4
Current working directory: /

 WARN (Program.cpp:178): The input model is a CTMC, but uses probabilistic commands like they are used in PRISM. Consider rewriting the commands to use Markovian commands instead.
 WARN (Program.cpp:1264): The model uses synchronizing Markovian commands. This may lead to unexpected verification results, because of unclear semantics.
 WARN (Program.cpp:1264): The model uses synchronizing Markovian commands. This may lead to unexpected verification results, because of unclear semantics.
 WARN (Program.cpp:1264): The model uses synchronizing Markovian commands. This may lead to unexpected verification results, because of unclear semantics.
 WARN (Program.cpp:1264): The model uses synchronizing Markovian commands. This may lead to unexpected verification results, because of unclear semantics.
 WARN (Program.cpp:1264): The model uses synchronizing Markovian commands. This may lead to unexpected verification results, because of unclear semantics.
 WARN (Program.cpp:1264): The model uses synchronizing Markovian commands. This may lead to unexpected verification results, because of unclear semantics.
 WARN (Program.cpp:1264): The model uses synchronizing Markovian commands. This may lead to unexpected verification results, because of unclear semantics.
 WARN (Program.cpp:1264): The model uses synchronizing Markovian commands. This may lead to unexpected verification results, because of unclear semantics.
Time for model input parsing: 0.004s.

 WARN (Program.cpp:1264): The model uses synchronizing Markovian commands. This may lead to unexpected verification results, because of unclear semantics.
 WARN (Program.cpp:1264): The model uses synchronizing Markovian commands. This may lead to unexpected verification results, because of unclear semantics.
 WARN (Program.cpp:1264): The model uses synchronizing Markovian commands. This may lead to unexpected verification results, because of unclear semantics.
Portfolio engine picked the following settings: 
	engine=sparse	 bisimulation=false	 exact=true
 WARN (Program.cpp:1264): The model uses synchronizing Markovian commands. This may lead to unexpected verification results, because of unclear semantics.
 WARN (Program.cpp:1264): The model uses synchronizing Markovian commands. This may lead to unexpected verification results, because of unclear semantics.
Time for model construction: 20.419s.

-------------------------------------------------------------- 
Model type: 	CTMC (sparse)
States: 	597012
Transitions: 	2908192
Reward Models:  none
State Labels: 	3 labels
   * deadlock -> 0 item(s)
   * premium -> 27469 item(s)
   * init -> 1 item(s)
Choice Labels: 	none
-------------------------------------------------------------- 

Model checking property "premium_steady": LRA=? ["premium"] ...


----------
Computation aborted after 1800.7910151481628 seconds since the total time limit of 1800 seconds was exceeded.
