Command:	~/storm/build/bin/storm --jani coupon.9-4.jani --janiproperty collect_all_bounded --constants B=5 --timebounded:precision 1e-3  --engine portfolio --ddlib sylvan --sylvan:maxmem 6114 --sylvan:threads 4
Wallclock time:	4.716279983520508
Return code:	0
Output:
Storm 1.5.1

Date: Tue Mar 17 07:21:05 2020
Command line arguments: --jani coupon.9-4.jani --janiproperty collect_all_bounded --constants B=5 '--timebounded:precision' 1e-3 --engine portfolio --ddlib sylvan '--sylvan:maxmem' 6114 '--sylvan:threads' 4
Current working directory: /

Time for model input parsing: 0.003s.

Portfolio engine picked the following settings: 
	engine=dd-to-sparse	 bisimulation=true	 exact=false
Time for model construction: 0.822s.

-------------------------------------------------------------- 
Model type: 	DTMC (symbolic)
States: 	27642923 (9842 nodes)
Transitions: 	55677355 (39783 nodes)
Reward Models:  numberDraws
Variables: 	rows: 14 meta variables (30 DD variables), columns: 14 meta variables (30 DD variables)
Labels: 	3
   * deadlock -> 0 state(s) (1 nodes)
   * init -> 1 state(s) (31 nodes)
   * _ret0_
-------------------------------------------------------------- 

Time for model preprocessing: 3.597s.

-------------------------------------------------------------- 
Model type: 	DTMC (sparse)
States: 	419
Transitions: 	716
Reward Models:  numberDraws
State Labels: 	4 labels
   * _ret0_ -> 1 item(s)
   * (_loc_main = 23) -> 1 item(s)
   * init -> 1 item(s)
   * deadlock -> 0 item(s)
Choice Labels: 	none
-------------------------------------------------------------- 

Model checking property "collect_all_bounded": Pmin=? [true Urew{"numberDraws"}<=5 "_ret0_"] ...
Result (for initial states): 0.3585107898
Time for model checking: 0.002s.

