Command:	~/storm/build/bin/storm --prism crowds.prism --prop crowds.props positive --constants TotalRuns=5,CrowdSize=20 --signal-timeout 60 --general:precision 1e-12 --gmm++:precision 1e-12 --native:precision 1e-12 --minmax:precision 1e-12 --timebounded:precision 1e-6 --lra:precision 1e-12  --engine portfolio --ddlib sylvan --sylvan:maxmem 6114 --sylvan:threads 4
Wallclock time:	2.661741256713867
Return code:	0
Output:
Storm 1.5.1

Date: Tue Mar 17 11:47:17 2020
Command line arguments: --prism crowds.prism --prop crowds.props positive --constants 'TotalRuns=5,CrowdSize=20' --signal-timeout 60 '--general:precision' 1e-12 '--gmm++:precision' 1e-12 '--native:precision' 1e-12 '--minmax:precision' 1e-12 '--timebounded:precision' 1e-6 '--lra:precision' 1e-12 --engine portfolio --ddlib sylvan '--sylvan:maxmem' 6114 '--sylvan:threads' 4
Current working directory: /

 WARN (GeneralSettings.cpp:110): Setting the precision option with module prefix does not effect all solvers. Consider setting --precision instead of --general:precision.
Time for model input parsing: 0.009s.

Portfolio engine picked the following settings: 
	engine=dd-to-sparse	 bisimulation=true	 exact=false
 WARN (DdPrismModelBuilder.cpp:667): The guard 'false' is unsatisfiable.
 WARN (DdPrismModelBuilder.cpp:667): The guard 'false' is unsatisfiable.
 WARN (DdPrismModelBuilder.cpp:667): The guard 'false' is unsatisfiable.
 WARN (DdPrismModelBuilder.cpp:667): The guard 'false' is unsatisfiable.
 WARN (DdPrismModelBuilder.cpp:667): The guard 'false' is unsatisfiable.
 WARN (DdPrismModelBuilder.cpp:810): Guard of a command overlaps with previous guards.
 WARN (DdPrismModelBuilder.cpp:810): Guard of a command overlaps with previous guards.
 WARN (DdPrismModelBuilder.cpp:810): Guard of a command overlaps with previous guards.
 WARN (DdPrismModelBuilder.cpp:810): Guard of a command overlaps with previous guards.
 WARN (DdPrismModelBuilder.cpp:810): Guard of a command overlaps with previous guards.
 WARN (DdPrismModelBuilder.cpp:810): Guard of a command overlaps with previous guards.
 WARN (DdPrismModelBuilder.cpp:810): Guard of a command overlaps with previous guards.
 WARN (DdPrismModelBuilder.cpp:810): Guard of a command overlaps with previous guards.
 WARN (DdPrismModelBuilder.cpp:810): Guard of a command overlaps with previous guards.
 WARN (DdPrismModelBuilder.cpp:810): Guard of a command overlaps with previous guards.
 WARN (DdPrismModelBuilder.cpp:810): Guard of a command overlaps with previous guards.
 WARN (DdPrismModelBuilder.cpp:810): Guard of a command overlaps with previous guards.
 WARN (DdPrismModelBuilder.cpp:810): Guard of a command overlaps with previous guards.
 WARN (DdPrismModelBuilder.cpp:810): Guard of a command overlaps with previous guards.
 WARN (DdPrismModelBuilder.cpp:810): Guard of a command overlaps with previous guards.
 WARN (DdPrismModelBuilder.cpp:810): Guard of a command overlaps with previous guards.
 WARN (DdPrismModelBuilder.cpp:810): Guard of a command overlaps with previous guards.
 WARN (DdPrismModelBuilder.cpp:810): Guard of a command overlaps with previous guards.
 WARN (DdPrismModelBuilder.cpp:810): Guard of a command overlaps with previous guards.
 WARN (DdPrismModelBuilder.cpp:810): Guard of a command overlaps with previous guards.
 WARN (DdPrismModelBuilder.cpp:810): Guard of a command overlaps with previous guards.
 WARN (DdPrismModelBuilder.cpp:810): Guard of a command overlaps with previous guards.
 WARN (DdPrismModelBuilder.cpp:810): Guard of a command overlaps with previous guards.
 WARN (DdPrismModelBuilder.cpp:810): Guard of a command overlaps with previous guards.
 WARN (DdPrismModelBuilder.cpp:810): Guard of a command overlaps with previous guards.
 WARN (DdPrismModelBuilder.cpp:810): Guard of a command overlaps with previous guards.
 WARN (DdPrismModelBuilder.cpp:810): Guard of a command overlaps with previous guards.
Time for model construction: 1.128s.

-------------------------------------------------------------- 
Model type: 	DTMC (symbolic)
States: 	2018094 (4525 nodes)
Transitions: 	7224834 (23300 nodes)
Reward Models:  none
Variables: 	rows: 32 meta variables (78 DD variables), columns: 32 meta variables (78 DD variables)
Labels: 	2
   * deadlock -> 51359 state(s) (350 nodes)
   * init -> 1 state(s) (79 nodes)
-------------------------------------------------------------- 

Time for model preprocessing: 1.259s.

-------------------------------------------------------------- 
Model type: 	DTMC (sparse)
States: 	81
Transitions: 	121
Reward Models:  none
State Labels: 	3 labels
   * (observe0 > 1) -> 1 item(s)
   * init -> 1 item(s)
   * deadlock -> 1 item(s)
Choice Labels: 	none
-------------------------------------------------------------- 

Model checking property "positive": P=? [F (observe0 > 1)] ...
Result (for initial states): 0.08606905443651036
Time for model checking: 0.000s.

