Command:	~/storm/build/bin/storm --prism pacman.nm --prop pacman.props crash --constants MAXSTEPS=100 --exact  --engine portfolio --ddlib sylvan --sylvan:maxmem 6114 --sylvan:threads 4
Wallclock time:	111.23198866844177
Return code:	0
Output:
Storm 1.5.1

Date: Thu Apr  2 13:53:43 2020
Command line arguments: --prism pacman.nm --prop pacman.props crash --constants MAXSTEPS=100 --exact --engine portfolio --ddlib sylvan '--sylvan:maxmem' 6114 '--sylvan:threads' 4
Current working directory: /

Time for model input parsing: 0.109s.

Portfolio engine picked the following settings: 
	engine=hybrid	 bisimulation=false	 exact=true
Time for model construction: 9.749s.

-------------------------------------------------------------- 
Model type: 	MDP (symbolic)
States: 	16115358 (327549 nodes)
Transitions: 	22140403 (1720915 nodes)
Choices: 	20214527
Reward Models:  none
Variables: 	rows: 11 meta variables (36 DD variables), columns: 11 meta variables (36 DD variables), nondeterminism: 9 meta variables (9 DD variables)
Labels: 	3
   * deadlock -> 0 state(s) (1 nodes)
   * init -> 1 state(s) (37 nodes)
   * Crash
-------------------------------------------------------------- 

Model checking property "crash": Pmin=? [F "Crash"] ...
Result (for initial states): 20530731322849178168274065935141602924670578150393429768659213274416501568911383642435277893633713/37252902984619140625000000000000000000000000000000000000000000000000000000000000000000000000000000 (approx. 0.5511176225)
Time for model checking: 100.380s.

