Command:	~/storm/build/bin/storm --jani beb.5-16.jani --janiproperty LineSeized --constants N=15 --signal-timeout 60 --general:precision 1e-12 --gmm++:precision 1e-12 --native:precision 1e-12 --minmax:precision 1e-12 --timebounded:precision 1e-6 --lra:precision 1e-12  --engine portfolio --ddlib sylvan --sylvan:maxmem 6114 --sylvan:threads 4
Wallclock time:	620.3024387359619
Return code:	-9
Output:
Storm 1.5.1

Date: Wed Mar 18 03:29:24 2020
Command line arguments: --jani beb.5-16.jani --janiproperty LineSeized --constants N=15 --signal-timeout 60 '--general:precision' 1e-12 '--gmm++:precision' 1e-12 '--native:precision' 1e-12 '--minmax:precision' 1e-12 '--timebounded:precision' 1e-6 '--lra:precision' 1e-12 --engine portfolio --ddlib sylvan '--sylvan:maxmem' 6114 '--sylvan:threads' 4
Current working directory: /

 WARN (GeneralSettings.cpp:110): Setting the precision option with module prefix does not effect all solvers. Consider setting --precision instead of --general:precision.
Time for model input parsing: 0.034s.

 WARN (InformationCollector.cpp:17): Truncating the domain size as it does not fit in an unsigned 64 bit number.
Portfolio engine picked the following settings: 
	engine=hybrid	 bisimulation=false	 exact=false
Time for model construction: 9.529s.

-------------------------------------------------------------- 
Model type: 	MDP (symbolic)
States: 	1842013522945 (327500 nodes)
Transitions: 	3543644735688 (1546588 nodes)
Choices: 	1869419233708
Reward Models:  none
Variables: 	rows: 24 meta variables (91 DD variables), columns: 24 meta variables (91 DD variables), nondeterminism: 6 meta variables (6 DD variables)
Labels: 	2
   * deadlock -> 6703888276 state(s) (8504 nodes)
   * init -> 1 state(s) (92 nodes)
-------------------------------------------------------------- 

Model checking property "LineSeized": Pmax=? [F line_seized] ...

##############################Output to stderr##############################
ERROR: The program received signal 2 and will be aborted in 60s.

