Command:	~/storm/build/bin/storm --jani readers-writers.40.jani --janiproperty prtb_many_requests --timebounded:precision 1e-3  --engine portfolio --ddlib sylvan --sylvan:maxmem 6114 --sylvan:threads 4
Wallclock time:	540.6997294425964
Return code:	0
Output:
Storm 1.5.1

Date: Thu Mar 19 02:03:11 2020
Command line arguments: --jani readers-writers.40.jani --janiproperty prtb_many_requests '--timebounded:precision' 1e-3 --engine portfolio --ddlib sylvan '--sylvan:maxmem' 6114 '--sylvan:threads' 4
Current working directory: /

Time for model input parsing: 0.003s.

Portfolio engine picked the following settings: 
	engine=hybrid	 bisimulation=false	 exact=false
 WARN (model-handling.h:297): Dd-based model builder for Markov Automata is only available for JANI models, automatically converting the PRISM input model.
Time for model construction: 2.313s.

-------------------------------------------------------------- 
Model type: 	Markov Automaton (symbolic)
States: 	1884366 (9462 nodes)
Transitions: 	3815040 (1355711 nodes)
Choices: 	1884366
Reward Models:  none
Variables: 	rows: 14 meta variables (69 DD variables), columns: 14 meta variables (69 DD variables), nondeterminism: 1 meta variables (1 DD variables)
Labels: 	2
   * deadlock -> 0 state(s) (1 nodes)
   * init -> 1 state(s) (70 nodes)
-------------------------------------------------------------- 

Model checking property "prtb_many_requests": Pmax=? [true U<=5 (((p_lan_w + p_w) + (p_lan_r + p_r)) > (320 / 10))] ...
Result (for initial states): 0.8288843263
Time for model checking: 537.868s.

