Command:	./pet.sh reachability --precision 0.001 --relative-error --only-result -m egl.prism -p egl.props --property unfairA --const N=10,L=8
Wallclock time:	439.0712945461273
Return code:	1
Output:

##############################Output to stderr##############################
Exception in thread "main" java.lang.OutOfMemoryError: Java heap space
	at parser.ast.Expression.evaluateBoolean(Expression.java:502)
	at simulator.Updater.calculateUpdatesForModule(Updater.java:330)
	at simulator.Updater.calculateTransitions(Updater.java:174)
	at simulator.ModulesFileModelGenerator.getTransitionList(ModulesFileModelGenerator.java:418)
	at simulator.ModulesFileModelGenerator.getNumChoices(ModulesFileModelGenerator.java:271)
	at de.tum.in.probmodels.generator.DtmcGenerator.getChoices(DtmcGenerator.java:21)
	at de.tum.in.probmodels.generator.PrismGenerator.choices(PrismGenerator.java:37)
	at de.tum.in.probmodels.generator.PrismGenerator.choices(PrismGenerator.java:14)
	at de.tum.in.probmodels.explorer.DefaultExplorer.exploreState(DefaultExplorer.java:56)
	at de.tum.in.pet.sampler.UnboundedSampler.explore(UnboundedSampler.java:252)
	at de.tum.in.pet.sampler.UnboundedSampler.sample(UnboundedSampler.java:188)
	at de.tum.in.pet.sampler.UnboundedSampler.run(UnboundedSampler.java:112)
	at de.tum.in.pet.implementation.reachability.ReachChecker.solve(ReachChecker.java:165)
	at de.tum.in.pet.implementation.reachability.ReachChecker.solve(ReachChecker.java:222)
	at de.tum.in.pet.implementation.reachability.ReachChecker.solveDtmc(ReachChecker.java:266)
	at de.tum.in.pet.implementation.reachability.ReachChecker.solve(ReachChecker.java:142)
	at de.tum.in.pet.implementation.reachability.ReachChecker.main(ReachChecker.java:356)
	at de.tum.in.pet.Main.main(Main.java:51)

