Command:	./smc.sh crowds.prism crowds.props -prop positive -heuristic RTDP_ADJ -RTDP_ADJ_OPTS 1 -colourParams S:1000000,Av:10,e:0.001,d:0.05,p:0.05,post:64 -const TotalRuns=5,CrowdSize=20
Wallclock time:	600.1137523651123
Return code:	130
Output:
PRISM-games
===========

Version: 2.0.beta3
Date: Thu Mar 19 09:17:38 UTC 2020
Hostname: 68eec9c801d9
Memory limits: cudd=1g, java(heap)=8.9g
Command line: prism crowds.prism crowds.props -prop positive -heuristic RTDP_ADJ -RTDP_ADJ_OPTS 1 -colourParams 'S:1000000;Av:10;e:0.001;d:0.05;p:0.05;post:64' -const 'TotalRuns=5,CrowdSize=20' -javamaxmem 10g

Parsing the model file "crowds.prism"...

Parsing properties file "crowds.props"...

1 property:
(1) "positive": P=? [ F observe0>1 ]

Type:        DTMC
Modules:     crowds 
Variables:   launch new runCount start run lastSeen good bad recordLast badObserve deliver done observe0 observe1 observe2 observe3 observe4 observe5 observe6 observe7 observe8 observe9 observe10 observe11 observe12 observe13 observe14 observe15 observe16 observe17 observe18 observe19 

---------------------------------------------------------------------

Model checking: "positive": P=? [ F observe0>1 ]
Model constants: TotalRuns=5,CrowdSize=20
Starting heuristic: RTDP_ADJ
IsMDP false Collapse false break false
ColourParams: S:1000000 Av: 10 eps: 0.001 delta: 0.05 pmin: 0.05
TransDelta: 7.8125E-11
HeuristicSG: Version try0
Grey
======================================

JSON: {"Trials":100000,"Precision":0.83725543581328,"PartialTransDelta":6.46482617375384E-8,"Value":{"Upper":0.8540145420215938,"Lower":0.016759106208313786},"ActionsOfs0":{"Action0":"[0.01675912936806176;0.8539956398497698]"},"GlobalTimerSecs":305.228,"AvgConf":0.9142506686329093,"StateInfos":{"num00":38578,"num11":766,"numStates":259689,"num01":219443,"avgDist":0.84736107705185,"numWorking":902,"numUnset":0,"numClose":39344}}

