Command:	./fix-syntax ./prism -javamaxmem 11g -cuddmaxmem 4g -exact -e 1e-6 -ddextraactionvars 100 -maxiters 1000000 haddad-monmege.pm haddad-monmege.prctl --property exp_steps -const N=100,p=0.7
Wallclock time:	1.6276671886444092
Return code:	0
Output:
PRISM
=====

Version: 4.5.dev
Date: Sat Mar 14 12:13:54 UTC 2020
Hostname: e72bdd194fc5
Memory limits: cudd=4g, java(heap)=11g
Command line: prism -javamaxmem 11g -cuddmaxmem 4g -exact -e 1e-6 -ddextraactionvars 100 -maxiters 1000000 haddad-monmege.pm_fixed haddad-monmege.prctl_fixed --property exp_steps -const 'N=100,p=0.7'

Parsing model file "haddad-monmege.pm_fixed"...

Type:        DTMC
Modules:     main 
Variables:   x 

Parsing properties file "haddad-monmege.prctl_fixed"...

2 properties:
(1) "target": P=? [ F "Target" ]
(2) "exp_steps": R{"time_reward"}=? [ F "Done" ]

---------------------------------------------------------------------

Model checking: "exp_steps": R{"time_reward"}=? [ F "Done" ]
Model constants: N=100,p=7/10

Building model (exact engine)...

Computing reachable states...
Reachable states exploration and model construction done in 0.221 secs.

States:      201 (1 initial)
Transitions: 400

Time for model construction: 0.223 seconds.
Building reward structure...

Time for model checking: 0.578 seconds.

Result (expected time_reward): 1901475900342344102245054808062
 As floating point: ~1.901475900342344E30


Overall running time: 1.482 seconds.


