Command:	./fix-syntax ./prism -javamaxmem 11g -cuddmaxmem 4g -heuristic speed -e 1e-6 -maxiters 1000000 csma.3-4.prism csma.props --property all_before_max
Wallclock time:	42.58271408081055
Return code:	0
Output:
PRISM
=====

Version: 4.5.dev
Date: Sat Mar 14 16:47:36 UTC 2020
Hostname: e72bdd194fc5
Memory limits: cudd=4g, java(heap)=11g
Command line: prism -javamaxmem 11g -cuddmaxmem 4g -heuristic speed -e 1e-6 -maxiters 1000000 csma.3-4.prism csma.props --property all_before_max

Parsing model file "csma.3-4.prism"...

Type:        MDP
Modules:     bus station1 station2 station3 
Variables:   b y1 y2 s1 x1 bc1 cd1 s2 x2 bc2 cd2 s3 x3 bc3 cd3 

Parsing properties file "csma.props"...

5 properties:
(1) "all_before_max": Pmax=? [ !"collision_max_backoff" U "all_delivered" ]
(2) "all_before_min": Pmin=? [ !"collision_max_backoff" U "all_delivered" ]
(3) "some_before": Pmin=? [ F min_backoff_after_success<K ]
(4) "time_max": R{"time"}max=? [ F "all_delivered" ]
(5) "time_min": R{"time"}min=? [ F "all_delivered" ]

---------------------------------------------------------------------

Model checking: "all_before_max": Pmax=? [ !"collision_max_backoff" U "all_delivered" ]

Warning: Switching to sparse engine and (backwards) Gauss Seidel (default for heuristic=speed).

Building model...

Computing reachable states...

Reachability (BFS): 135 iterations in 2.38 seconds (average 0.017659, setup 0.00)

Time for model construction: 2.4 seconds.

Type:        MDP
States:      1460287 (1 initial)
Transitions: 2396727
Choices:     1471059

Transition matrix: 75002 nodes (6 terminal), 2396727 minterms, vars: 51r/51c/13nd

Prob0A: 133 iterations in 3.89 seconds (average 0.029263, setup 0.00)

Prob1E: 533 iterations in 32.44 seconds (average 0.060861, setup 0.00)

yes = 710317, no = 31622, maybe = 718348

Computing remaining probabilities...
Engine: Sparse

Building sparse matrix... [n=1460287, nc=726132, nnz=1461423, k=3] [18.8 MB]
Creating vector for yes... [11.1 MB]
Allocating iteration vectors... [2 x 11.1 MB]
TOTAL: [52.2 MB]

Starting iterations...

Iterative method: 97 iterations in 2.84 seconds (average 0.017990, setup 1.10)

Value in the initial state: 0.9324464641692023

Time for model checking: 39.358 seconds.

Result: 0.9324464641692023 (value in the initial state)


Overall running time: 42.351 seconds.

---------------------------------------------------------------------

Note: There was 1 warning during computation.


