Command:	./fix-syntax ./prism -javamaxmem 11g -cuddmaxmem 4g -heuristic speed -e 1e-6 -maxiters 1000000 csma.4-2.prism csma.props --property all_before_max
Wallclock time:	38.53965520858765
Return code:	0
Output:
PRISM
=====

Version: 4.5.dev
Date: Sat Mar 14 16:59:59 UTC 2020
Hostname: e72bdd194fc5
Memory limits: cudd=4g, java(heap)=11g
Command line: prism -javamaxmem 11g -cuddmaxmem 4g -heuristic speed -e 1e-6 -maxiters 1000000 csma.4-2.prism csma.props --property all_before_max

Parsing model file "csma.4-2.prism"...

Type:        MDP
Modules:     bus station1 station2 station3 station4 
Variables:   b y1 y2 s1 x1 bc1 cd1 s2 x2 bc2 cd2 s3 x3 bc3 cd3 s4 x4 bc4 cd4 

Parsing properties file "csma.props"...

5 properties:
(1) "all_before_max": Pmax=? [ !"collision_max_backoff" U "all_delivered" ]
(2) "all_before_min": Pmin=? [ !"collision_max_backoff" U "all_delivered" ]
(3) "some_before": Pmin=? [ F min_backoff_after_success<K ]
(4) "time_max": R{"time"}max=? [ F "all_delivered" ]
(5) "time_min": R{"time"}min=? [ F "all_delivered" ]

---------------------------------------------------------------------

Model checking: "all_before_max": Pmax=? [ !"collision_max_backoff" U "all_delivered" ]

Warning: Switching to sparse engine and (backwards) Gauss Seidel (default for heuristic=speed).

Building model...

Computing reachable states...

Reachability (BFS): 193 iterations in 2.31 seconds (average 0.011959, setup 0.00)

Time for model construction: 2.303 seconds.

Type:        MDP
States:      761962 (1 initial)
Transitions: 1327068
Choices:     825504

Transition matrix: 52233 nodes (4 terminal), 1327068 minterms, vars: 54r/54c/17nd

Prob0A: 186 iterations in 3.47 seconds (average 0.018640, setup 0.00)

Prob1E: 1017 iterations in 29.00 seconds (average 0.028519, setup 0.00)

yes = 142601, no = 25408, maybe = 593953

Computing remaining probabilities...
Engine: Sparse

Building sparse matrix... [n=761962, nc=649787, nnz=1105379, k=4] [14.0 MB]
Creating vector for yes... [5.8 MB]
Allocating iteration vectors... [2 x 5.8 MB]
TOTAL: [31.4 MB]

Starting iterations...

Iterative method: 172 iterations in 2.92 seconds (average 0.011471, setup 0.94)

Value in the initial state: 0.776459404375732

Time for model checking: 35.378 seconds.

Result: 0.776459404375732 (value in the initial state)


Overall running time: 38.303 seconds.

---------------------------------------------------------------------

Note: There was 1 warning during computation.


