Command:	./fix-syntax ./prism -javamaxmem 11g -cuddmaxmem 4g -ii -e 5e-2 -mtbdd -ddextraactionvars 100 -maxiters 1000000 pacman.nm pacman.props --property crash -const MAXSTEPS=100
Wallclock time:	1800.0939927101135
Return code:	None
Output:
PRISM
=====

Version: 4.5.dev
Date: Sat Mar 14 19:55:19 UTC 2020
Hostname: e72bdd194fc5
Memory limits: cudd=4g, java(heap)=11g
Command line: prism -javamaxmem 11g -cuddmaxmem 4g -ii -e 5e-2 -mtbdd -ddextraactionvars 100 -maxiters 1000000 pacman.nm pacman.props --property crash -const MAXSTEPS=100

Parsing model file "pacman.nm"...

Type:        MDP
Modules:     arbiter ghost0 ghost1 pacman 
Variables:   pMove steps xG0 yG0 dG0 xG1 yG1 dG1 xP yP dP 

Parsing properties file "pacman.props"...

1 property:
(1) "crash": Pmin=? [ F "Crash" ]

---------------------------------------------------------------------

Model checking: "crash": Pmin=? [ F "Crash" ]
Model constants: MAXSTEPS=100

Building model...
Model constants: MAXSTEPS=100

Computing reachable states...

Reachability (BFS): 303 iterations in 114.59 seconds (average 0.378175, setup 0.00)

Time for model construction: 1740.38 seconds.

Type:        MDP
States:      79440921 (1 initial)
Transitions: 109963876
Choices:     100215175

Transition matrix: 3640220 nodes (44 terminal), 109963876 minterms, vars: 36r/36c/9nd


----------
Computation aborted after 1800.0939927101135 seconds since the total time limit of 1800 seconds was exceeded.
