Command:	./fix-syntax ./prism -javamaxmem 11g -cuddmaxmem 4g -ii -mtbdd -e 1e-6 -ddextraactionvars 100 -maxiters 1000000 egl.prism egl.props --property messagesB -const N=10,L=8
Wallclock time:	99.43871903419495
Return code:	0
Output:
PRISM
=====

Version: 4.5.dev
Date: Sat Mar 14 12:05:00 UTC 2020
Hostname: e72bdd194fc5
Memory limits: cudd=4g, java(heap)=11g
Command line: prism -javamaxmem 11g -cuddmaxmem 4g -ii -mtbdd -e 1e-6 -ddextraactionvars 100 -maxiters 1000000 egl.prism egl.props --property messagesB -const 'N=10,L=8'

Parsing model file "egl.prism"...

Type:        DTMC
Modules:     counter partyA partyB 
Variables:   b n phase party b0 b20 b1 b21 b2 b22 b3 b23 b4 b24 b5 b25 b6 b26 b7 b27 b8 b28 b9 b29 b10 b30 b11 b31 b12 b32 b13 b33 b14 b34 b15 b35 b16 b36 b17 b37 b18 b38 b19 b39 a0 a20 a1 a21 a2 a22 a3 a23 a4 a24 a5 a25 a6 a26 a7 a27 a8 a28 a9 a29 a10 a30 a11 a31 a12 a32 a13 a33 a14 a34 a15 a35 a16 a36 a17 a37 a18 a38 a19 a39 

Parsing properties file "egl.props"...

4 properties:
(1) "messagesA": R{"messages_A_needs"}=? [ F phase=4 ]
(2) "messagesB": R{"messages_B_needs"}=? [ F phase=4 ]
(3) "unfairA": P=? [ F !"knowA"&"knowB" ]
(4) "unfairB": P=? [ F !"knowB"&"knowA" ]

---------------------------------------------------------------------

Model checking: "messagesB": R{"messages_B_needs"}=? [ F phase=4 ]
Model constants: N=10,L=8

Building model...
Model constants: N=10,L=8

Warning: Guard for command 11 of module "partyA" is never satisfied.

Warning: Guard for command 12 of module "partyA" is never satisfied.

Warning: Guard for command 13 of module "partyA" is never satisfied.

Warning: Guard for command 14 of module "partyA" is never satisfied.

Warning: Guard for command 15 of module "partyA" is never satisfied.

Warning: Guard for command 16 of module "partyA" is never satisfied.

Warning: Guard for command 17 of module "partyA" is never satisfied.

Warning: Guard for command 18 of module "partyA" is never satisfied.

Warning: Guard for command 19 of module "partyA" is never satisfied.

Warning: Guard for command 20 of module "partyA" is never satisfied.

Warning: Guard for command 31 of module "partyA" is never satisfied.

Warning: Guard for command 32 of module "partyA" is never satisfied.

Warning: Guard for command 33 of module "partyA" is never satisfied.

Warning: Guard for command 34 of module "partyA" is never satisfied.

Warning: Guard for command 35 of module "partyA" is never satisfied.

Warning: Guard for command 36 of module "partyA" is never satisfied.

Warning: Guard for command 37 of module "partyA" is never satisfied.

Warning: Guard for command 38 of module "partyA" is never satisfied.

Warning: Guard for command 39 of module "partyA" is never satisfied.

Warning: Guard for command 40 of module "partyA" is never satisfied.

Warning: Guard for command 51 of module "partyA" is never satisfied.

Warning: Guard for command 52 of module "partyA" is never satisfied.

Warning: Guard for command 53 of module "partyA" is never satisfied.

Warning: Guard for command 54 of module "partyA" is never satisfied.

Warning: Guard for command 55 of module "partyA" is never satisfied.

Warning: Guard for command 56 of module "partyA" is never satisfied.

Warning: Guard for command 57 of module "partyA" is never satisfied.

Warning: Guard for command 58 of module "partyA" is never satisfied.

Warning: Guard for command 59 of module "partyA" is never satisfied.

Warning: Guard for command 60 of module "partyA" is never satisfied.

Warning: Guard for command 11 of module "partyB" is never satisfied.

Warning: Guard for command 12 of module "partyB" is never satisfied.

Warning: Guard for command 13 of module "partyB" is never satisfied.

Warning: Guard for command 14 of module "partyB" is never satisfied.

Warning: Guard for command 15 of module "partyB" is never satisfied.

Warning: Guard for command 16 of module "partyB" is never satisfied.

Warning: Guard for command 17 of module "partyB" is never satisfied.

Warning: Guard for command 18 of module "partyB" is never satisfied.

Warning: Guard for command 19 of module "partyB" is never satisfied.

Warning: Guard for command 20 of module "partyB" is never satisfied.

Warning: Guard for command 31 of module "partyB" is never satisfied.

Warning: Guard for command 32 of module "partyB" is never satisfied.

Warning: Guard for command 33 of module "partyB" is never satisfied.

Warning: Guard for command 34 of module "partyB" is never satisfied.

Warning: Guard for command 35 of module "partyB" is never satisfied.

Warning: Guard for command 36 of module "partyB" is never satisfied.

Warning: Guard for command 37 of module "partyB" is never satisfied.

Warning: Guard for command 38 of module "partyB" is never satisfied.

Warning: Guard for command 39 of module "partyB" is never satisfied.

Warning: Guard for command 40 of module "partyB" is never satisfied.

Warning: Guard for command 51 of module "partyB" is never satisfied.

Warning: Guard for command 52 of module "partyB" is never satisfied.

Warning: Guard for command 53 of module "partyB" is never satisfied.

Warning: Guard for command 54 of module "partyB" is never satisfied.

Warning: Guard for command 55 of module "partyB" is never satisfied.

Warning: Guard for command 56 of module "partyB" is never satisfied.

Warning: Guard for command 57 of module "partyB" is never satisfied.

Warning: Guard for command 58 of module "partyB" is never satisfied.

Warning: Guard for command 59 of module "partyB" is never satisfied.

Warning: Guard for command 60 of module "partyB" is never satisfied.

Computing reachable states...

Reachability (BFS): 341 iterations in 3.98 seconds (average 0.011666, setup 0.00)

Time for model construction: 4.911 seconds.

Type:        DTMC
States:      317718526 (1 initial)
Transitions: 318767101

Transition matrix: 120213 nodes (3 terminal), 318767101 minterms, vars: 331r/331c

Prob0: 341 iterations in 4.43 seconds (average 0.012988, setup 0.00)

Prob1: 1 iterations in 0.01 seconds (average 0.005000, setup 0.00)

goal = 1, inf = 0, maybe = 317718525
Time for computing an upper bound for expected reward: 14.871 seconds.
Upper bound for expectation (variant 2): 4266938.0

Computing remaining rewards...
Engine: MTBDD

Iteration matrix MTBDD... [nodes=119744] [2338.8 Kb]
Diagonals MTBDD... [nodes=51148] [999.0 Kb]

Starting iterations...
Iteration 49: 5.13 sec so far
Iteration 77: 10.16 sec so far
Iteration 103: 15.21 sec so far
Iteration 122: 20.41 sec so far
Iteration 136: 25.60 sec so far
Iteration 155: 30.73 sec so far
Iteration 172: 35.74 sec so far
Iteration 189: 41.01 sec so far
Iteration 205: 46.24 sec so far
Iteration 221: 51.32 sec so far
Iteration 238: 56.39 sec so far
Iteration 257: 61.56 sec so far
Iteration 278: 66.64 sec so far
Iteration 321: 71.67 sec so far

Jacobi (interval iteration): 340 iterations in 73.73 seconds (average 0.216482, setup 0.12)
Maximum finite value in solution vector at end of interval iteration: 79.0

Value in the initial state: 4.069269180297852

Time for model checking: 93.637 seconds.

Result: 4.069269180297852 (value in the initial state)


Overall running time: 99.162 seconds.

---------------------------------------------------------------------

Note: There were 60 warnings during computation.


