Command:	./fix-syntax ./prism -javamaxmem 11g -cuddmaxmem 4g -ii -e 5e-2 -heuristic speed -ddextraactionvars 100 -maxiters 1000000 csma.4-2.prism csma.props --property time_max
Wallclock time:	53.32036519050598
Return code:	0
Output:
PRISM
=====

Version: 4.5.dev
Date: Sat Mar 14 17:06:45 UTC 2020
Hostname: e72bdd194fc5
Memory limits: cudd=4g, java(heap)=11g
Command line: prism -javamaxmem 11g -cuddmaxmem 4g -ii -e 5e-2 -heuristic speed -ddextraactionvars 100 -maxiters 1000000 csma.4-2.prism csma.props --property time_max

Parsing model file "csma.4-2.prism"...

Type:        MDP
Modules:     bus station1 station2 station3 station4 
Variables:   b y1 y2 s1 x1 bc1 cd1 s2 x2 bc2 cd2 s3 x3 bc3 cd3 s4 x4 bc4 cd4 

Parsing properties file "csma.props"...

5 properties:
(1) "all_before_max": Pmax=? [ !"collision_max_backoff" U "all_delivered" ]
(2) "all_before_min": Pmin=? [ !"collision_max_backoff" U "all_delivered" ]
(3) "some_before": Pmin=? [ F min_backoff_after_success<K ]
(4) "time_max": R{"time"}max=? [ F "all_delivered" ]
(5) "time_min": R{"time"}min=? [ F "all_delivered" ]

---------------------------------------------------------------------

Model checking: "time_max": R{"time"}max=? [ F "all_delivered" ]

Warning: Switching to sparse engine and (backwards) Gauss Seidel (default for heuristic=speed).

Building model...

Computing reachable states...

Reachability (BFS): 193 iterations in 2.40 seconds (average 0.012456, setup 0.00)

Time for model construction: 2.306 seconds.

Type:        MDP
States:      761962 (1 initial)
Transitions: 1327068
Choices:     825504

Transition matrix: 52233 nodes (4 terminal), 1327068 minterms, vars: 54r/54c/17nd

Prob0E: 204 iterations in 3.11 seconds (average 0.015265, setup 0.00)

Prob1A: 1 iterations in 0.01 seconds (average 0.011000, setup 0.00)

goal = 9, inf = 0, maybe = 761953
Time for computing an upper bound for expected reward: 30.921 seconds.
Upper bound for max expectation (variant 2): 465891.3109526639

Computing remaining rewards...
Engine: Sparse

Building sparse matrix (transitions)... [n=761962, nc=825495, nnz=1327059, k=4] [21.2 MB]
Building sparse matrix (transition rewards)... [n=761962, nc=825495, nnz=456769, k=4] [11.3 MB]
Creating vector for state rewards... [5.8 MB]
Creating vector for inf... [5.8 MB]
Creating vector for lower bounds... [5.8 MB]
Creating vector for upper bounds... [5.8 MB]
Allocating iteration vectors... [4 x 5.8 MB]
TOTAL: [79.0 MB]

Starting iterations (interval iteration)...
Iteration 142: max relative diff=0.999856, 5.03 sec so far
Iteration 286: max relative diff=0.995220, 10.04 sec so far
Max relative diff between upper and lower bound on convergence: 0.0469617
Iterative method: 409 iterations in 16.07 seconds (average 0.035032, setup 1.75)
Maximum finite value in solution vector at end of interval iteration: 151.95896856097343

Value in the initial state: 145.62879919365616

Time for model checking: 50.201 seconds.

Result: 145.62879919365616 (value in the initial state)


Overall running time: 53.129 seconds.

---------------------------------------------------------------------

Note: There was 1 warning during computation.


