Command:	modes/modest modes mapk_cascade.jani --props reactions -E N=4,T=30 -O out.txt Minimal --unsafe -N 2147483647
Wallclock time:	600.548143863678
Return code:	0
Output:




mapk_cascade.jani:model: info: mapk_cascade is a CTMC model and will be simulated as an MA.
mapk_cascade.jani: info: Using default value of 0.95 for the confidence parameter.

Peak memory usage: 58 MB
Analysis results for mapk_cascade.jani
Experiment N=4, T=30.0
Status:          Cancelled
Simulation time: 599.5 s

+ Property Property "reactions"
  Estimated value:     48.502194006029185
  Confidence interval: [48.47630621985285, 48.52808179220552]
  Runs used:           1409750
  Run type:            MA
  Status:              Cancelled

  + Sample data
    Mean:     48.502194006029185
    Variance: 245.9437252404055
    Skewness: -0.07474643922309104
    Kurtosis: 3.3338278389741594

  + Error bounds
    Statement: CI: 100(1 - α)% of intervals contain true value (CLT assumption)
    α:         0.050000000000000044


##############################Output to stderr##############################
The Modest Toolset (www.modestchecker.net), version v3.1.39-gc5bf1c138.

