Command:	modes/modest modes --unsafe --max-run-length 0 wlan.5.jani --props sent -E COL=0 -O out.txt Minimal --width 2e-2 --relative-width --lss Interruptible 1000000 -L 1000
Wallclock time:	600.5531833171844
Return code:	0
Output:




wlan.5.jani:model: info: wlan.5 is an MDP model and will be simulated as an MDP.
wlan.5.jani:variables[7]: info: Expanding variable "s1" into 12 locations in automaton "station1".
wlan.5.jani:variables[12]: info: Expanding variable "s2" into 12 locations in automaton "station2".
wlan.5.jani: info: Using default value of 0.95 for the confidence parameter.

Peak memory usage: 64 MB
Analysis results for wlan.5.jani
Experiment COL=0
Status:          Finished
Simulation time: 599.3 s

+ Property Property "sent"
  Decision:                   undecided
  Estimated min. probability: 1
  Runs used (best scheduler): 250
  Total runs used:            20399650
  Schedulers sampled:         20000
  Best scheduler:             666765129
  Run type:                   MDP
  Status:                     Finished

  + Error bounds
    Scheduler sampling: The result is an upper bound for the true min. probability.
    Statement:          Adaptive: P(error > εp̂) < δ
    ε:                  0.02
    δ:                  0.050000000000000044


##############################Output to stderr##############################
The Modest Toolset (www.modestchecker.net), version v3.1.41-g4406ba5c5.

