Command:	modes/modest modes zeroconf.jani --props correct_min -E N=1000,K=8,reset=false -O out.txt Minimal --unsafe --width 2e-2 --relative-width --lss Interruptible 1000000 -L 1000
Wallclock time:	600.5479724407196
Return code:	0
Output:




zeroconf.jani:model: info: zeroconf is an MDP model and will be simulated as an MDP.
zeroconf.jani:variables[21]: info: Expanding variable "l" into 5 locations in automaton "host0".
zeroconf.jani: info: Using default value of 0.95 for the confidence parameter.

Peak memory usage: 58 MB
Analysis results for zeroconf.jani
Experiment N=1000, K=8, reset=False
Status:          Finished
Simulation time: 599.5 s

+ Property Property "correct_min"
  Estimated min. probability: 0
  Runs used (best scheduler): 36875400
  Total runs used:            37875400
  Schedulers sampled:         0
  Best scheduler:             1481173466
  Run type:                   MDP
  Status:                     Finished

  + Error bounds
    Scheduler sampling: The result is an upper bound for the true min. probability.
    Statement:          Aborted: no error bounds


##############################Output to stderr##############################
The Modest Toolset (www.modestchecker.net), version v3.1.39-gc5bf1c138.

