Command:	modes/modest modes crowds.jani --props positive -E TotalRuns=5,CrowdSize=20 -O out.txt Minimal --width 5e-2 --relative-width
Wallclock time:	1.9317224025726318
Return code:	0
Output:




crowds.jani:model: info: crowds is a DTMC model and will be simulated as an MDP using uniform resolution of nondeterminism.
crowds.jani: info: Using default value of 0.95 for the confidence parameter.

Peak memory usage: 59 MB
Analysis results for crowds.jani
Experiment TotalRuns=5, CrowdSize=20
Status:          Finished
Simulation time: 0.9 s

+ Property Property "positive"
  Estimated probability: 0.08628622647146698
  Runs used:             33470
  Run type:              MDP
  Status:                Finished

  + Error bounds
    Statement: Adaptive: P(error > εp̂) < δ
    ε:         0.05
    δ:         0.050000000000000044


##############################Output to stderr##############################
The Modest Toolset (www.modestchecker.net), version v3.1.39-gc5bf1c138.

