Command:	modes/modest modes egl.jani --props unfairA -E N=10,L=8 -O out.txt Minimal --width 5e-2 --relative-width
Wallclock time:	2.0302135944366455
Return code:	0
Output:




egl.jani:model: info: egl is a DTMC model and will be simulated as an MDP using uniform resolution of nondeterminism.
egl.jani: info: Using default value of 0.95 for the confidence parameter.

Peak memory usage: 62 MB
Analysis results for egl.jani
Experiment N=10, L=8
Status:          Finished
Simulation time: 0.9 s

+ Property Property "unfairA"
  Estimated probability: 0.4894117647058824
  Runs used:             3400
  Run type:              MDP
  Status:                Finished

  + Error bounds
    Statement: Adaptive: P(error > εp̂) < δ
    ε:         0.05
    δ:         0.050000000000000044


##############################Output to stderr##############################
The Modest Toolset (www.modestchecker.net), version v3.1.39-gc5bf1c138.

