Command:	modes/modest modes philosophers.16.jani --props MinExpTimeDeadlock -E TIME_BOUND=1 -O out.txt Minimal --width 5e-2 --relative-width
Wallclock time:	1.3289940357208252
Return code:	0
Output:




philosophers.16.jani:model: info: Philosophers16 is a CTMC model and will be simulated as an MA.
philosophers.16.jani: info: Using default value of 0.95 for the confidence parameter.
philosophers.16.jani: warning: Using the Chow-Robbins method for fixed-width sequential confidence intervals, which guarantees the requested confidence only asymptotically for decreasing width.

Peak memory usage: 60 MB
Analysis results for philosophers.16.jani
Experiment TIME_BOUND=1.0
Status:          Finished
Simulation time: 0.2 s

+ Property Property "MinExpTimeDeadlock"
  Estimated value:     10.86381076937456
  Confidence interval: [10.324702459286282, 11.402919079462837]
  Runs used:           460
  Run type:            MA
  Status:              Finished

  + Sample data
    Mean:     10.86381076937456
    Variance: 34.80276125378648
    Skewness: 1.3132809533350163
    Kurtosis: 4.845285926885088

  + Error bounds
    Statement: CI: 100(1 - α)% of intervals contain true value (CLT assumption)
    α:         0.050000000000000044


##############################Output to stderr##############################
The Modest Toolset (www.modestchecker.net), version v3.1.39-gc5bf1c138.

