Command:	modes/modest modes hecs.false-2-2.jani --props Unreliability -O out.txt Minimal --unsafe --width 2e-2 --relative-width --lss Interruptible 1000000 -L 1000
Wallclock time:	600.5490901470184
Return code:	0
Output:




hecs.false-2-2.jani:model: info: hecs-false-2-2.jani is an MA model and will be simulated as an MA.
hecs.false-2-2.jani: info: Using default value of 0.95 for the confidence parameter.

Peak memory usage: 92 MB
Analysis results for hecs.false-2-2.jani
Status:          Finished
Simulation time: 598.6 s

+ Property Property "Unreliability"
  Estimated max. probability: 0.00021934366850957836
  Runs used (best scheduler): 18828900
  Total runs used:            19828900
  Schedulers sampled:         0
  Best scheduler:             1749966472
  Run type:                   MA
  Status:                     Finished

  + Error bounds
    Scheduler sampling: The result is a lower bound for the true max. probability.
    Statement:          Aborted: no error bounds


##############################Output to stderr##############################
The Modest Toolset (www.modestchecker.net), version v3.1.39-gc5bf1c138.

