Command:	modes/modest modes egl.jani --props messagesB -E N=10,L=2 -O out.txt Minimal --unsafe --width 1e-3 --relative-width
Wallclock time:	293.61611676216125
Return code:	0
Output:




egl.jani:model: info: egl is a DTMC model and will be simulated as an MDP using uniform resolution of nondeterminism.
egl.jani: info: Using default value of 0.95 for the confidence parameter.
egl.jani: warning: Using the Chow-Robbins method for fixed-width sequential confidence intervals, which guarantees the requested confidence only asymptotically for decreasing width.

Peak memory usage: 60 MB
Analysis results for egl.jani
Experiment N=10, L=2
Status:          Finished
Simulation time: 292.5 s

+ Property Property "messagesB"
  Estimated value:     4.013109078203205
  Confidence interval: [4.009095973452447, 4.017122182953963]
  Runs used:           4092660
  Run type:            MDP
  Status:              Finished

  + Sample data
    Mean:     4.013109078203205
    Variance: 17.15815065091985
    Skewness: 0.1552872768487388
    Kurtosis: 1.2201414995077131

  + Error bounds
    Statement: CI: 100(1 - α)% of intervals contain true value (CLT assumption)
    α:         0.050000000000000044


##############################Output to stderr##############################
The Modest Toolset (www.modestchecker.net), version v3.1.39-gc5bf1c138.

