Command:	modes/modest modes wlan.4.jani --props cost_min -E COL=0 -O out.txt Minimal --width 2e-2 --relative-width --lss Interruptible 1000000 -L 1000
Wallclock time:	600.5485270023346
Return code:	0
Output:




wlan.4.jani:model: info: wlan.4 is an MDP model and will be simulated as an MDP.
wlan.4.jani:variables[7]: info: Expanding variable "s1" into 12 locations in automaton "station1".
wlan.4.jani:variables[12]: info: Expanding variable "s2" into 12 locations in automaton "station2".
wlan.4.jani: info: Using default value of 0.95 for the confidence parameter.
wlan.4.jani: warning: Using the Chow-Robbins method for fixed-width sequential confidence intervals, which guarantees the requested confidence only asymptotically for decreasing width.

Peak memory usage: 70 MB
Analysis results for wlan.4.jani
Experiment COL=0
Status:          Finished
Simulation time: 599.3 s

+ Property Property "cost_min"
  Estimated min. value:       7762.999999999999
  Min. confidence interval:   [7687.541272872102, 7838.458727127896]
  Runs used (best scheduler): 50
  Total runs used:            18375840
  Schedulers sampled:         18000
  Best scheduler:             1032625445
  Run type:                   MDP
  Status:                     Finished

  + Min. sample data
    Mean:     7762.999999999999
    Variance: 56919.38775510194
    Skewness: -0.22886550673557485
    Kurtosis: 1.8598860651821467

  + Error bounds
    Scheduler sampling: The result is an upper bound for the true min. value.
    Statement:          CI: 100(1 - α)% of intervals contain true value (CLT assumption)
    α:                  0.050000000000000044


##############################Output to stderr##############################
The Modest Toolset (www.modestchecker.net), version v3.1.39-gc5bf1c138.

