Command:	modes/modest modes --unsafe --max-run-length 0 embedded.jani --props up_time -E MAX_COUNT=8,T=12 -O out.txt Minimal -N 2147483647
Wallclock time:	600.853563785553
Return code:	0
Output:




embedded.jani:model: info: embedded is a CTMC model and will be simulated as an MA.
embedded.jani: info: Using default value of 0.95 for the confidence parameter.

Peak memory usage: 58 MB
Analysis results for embedded.jani
Experiment MAX_COUNT=8, T=12.0
Status:          Cancelled
Simulation time: 599.8 s

+ Property Property "up_time"
  Estimated value:     479.74266429264446
  Confidence interval: [475.6590136032251, 483.8263149820638]
  Runs used:           27630
  Run type:            MA
  Status:              Cancelled

  + Sample data
    Mean:     479.74266429264446
    Variance: 119944.9243382812
    Skewness: 1.3891022823441086
    Kurtosis: 6.065647480453077

  + Error bounds
    Statement: CI: 100(1 - α)% of intervals contain true value (CLT assumption)
    α:         0.050000000000000044


##############################Output to stderr##############################
The Modest Toolset (www.modestchecker.net), version v3.1.41-g4406ba5c5.

