Command:	modes/modest modes philosophers.16.jani --props MinExpTimeDeadlock -E TIME_BOUND=1 -O out.txt Minimal --unsafe --width 5e-2 --relative-width
Wallclock time:	1.2907960414886475
Return code:	0
Output:




philosophers.16.jani:model: info: Philosophers16 is a CTMC model and will be simulated as an MA.
philosophers.16.jani: info: Using default value of 0.95 for the confidence parameter.
philosophers.16.jani: warning: Using the Chow-Robbins method for fixed-width sequential confidence intervals, which guarantees the requested confidence only asymptotically for decreasing width.

Peak memory usage: 59 MB
Analysis results for philosophers.16.jani
Experiment TIME_BOUND=1.0
Status:          Finished
Simulation time: 0.2 s

+ Property Property "MinExpTimeDeadlock"
  Estimated value:     10.692306955665513
  Confidence interval: [10.160487770403646, 11.22412614092738]
  Runs used:           470
  Run type:            MA
  Status:              Finished

  + Sample data
    Mean:     10.692306955665513
    Variance: 34.604268778260675
    Skewness: 1.4870145200604192
    Kurtosis: 7.017071634128596

  + Error bounds
    Statement: CI: 100(1 - α)% of intervals contain true value (CLT assumption)
    α:         0.050000000000000044


##############################Output to stderr##############################
The Modest Toolset (www.modestchecker.net), version v3.1.39-gc5bf1c138.

