Command:	modes/modest modes philosophers.20.jani --props MinExpTimeDeadlock -E TIME_BOUND=1 -O out.txt Minimal --width 1e-3 --relative-width
Wallclock time:	135.48982644081116
Return code:	0
Output:




philosophers.20.jani:model: info: Philosophers20 is a CTMC model and will be simulated as an MA.
philosophers.20.jani: info: Using default value of 0.95 for the confidence parameter.
philosophers.20.jani: warning: Using the Chow-Robbins method for fixed-width sequential confidence intervals, which guarantees the requested confidence only asymptotically for decreasing width.

Peak memory usage: 68 MB
Analysis results for philosophers.20.jani
Experiment TIME_BOUND=1.0
Status:          Finished
Simulation time: 134.4 s

+ Property Property "MinExpTimeDeadlock"
  Estimated value:     11.759938221147205
  Confidence interval: [11.748178287217511, 11.7716981550769]
  Runs used:           987910
  Run type:            MA
  Status:              Finished

  + Sample data
    Mean:     11.759938221147205
    Variance: 35.56566742255884
    Skewness: 1.384146776333336
    Kurtosis: 6.248506272619731

  + Error bounds
    Statement: CI: 100(1 - α)% of intervals contain true value (CLT assumption)
    α:         0.050000000000000044


##############################Output to stderr##############################
The Modest Toolset (www.modestchecker.net), version v3.1.39-gc5bf1c138.

