Command:	modes/modest modes --unsafe --max-run-length 0 firewire.false.jani --props deadline -E delay=36,deadline=800 -O out.txt Minimal --width 2e-2 --relative-width --lss Interruptible 1000000 -L 1000
Wallclock time:	600.5474762916565
Return code:	0
Output:




firewire.false.jani:model: info: firewire.false is an MDP model and will be simulated as an MDP.
firewire.false.jani:variables[7]: info: Expanding variable "s1" into 9 locations in automaton "node1".
firewire.false.jani:variables[8]: info: Expanding variable "w21" into 10 locations in automaton "wire21".
firewire.false.jani:variables[12]: info: Expanding variable "s2" into 9 locations in automaton "node2".
firewire.false.jani: info: Using default value of 0.95 for the confidence parameter.

Peak memory usage: 59 MB
Analysis results for firewire.false.jani
Experiment delay=36, deadline=800
Status:          Finished
Simulation time: 599.5 s

+ Property Property "deadline"
  Estimated min. probability: 0.9686274509803922
  Runs used (best scheduler): 1020
  Total runs used:            5880050
  Schedulers sampled:         5000
  Best scheduler:             1570667008
  Run type:                   MDP
  Status:                     Finished

  + Error bounds
    Scheduler sampling: The result is an upper bound for the true min. probability.
    Statement:          Adaptive: P(error > εp̂) < δ
    ε:                  0.02
    δ:                  0.050000000000000044


##############################Output to stderr##############################
The Modest Toolset (www.modestchecker.net), version v3.1.41-g4406ba5c5.

