Command:	modes/modest modes philosophers.16.jani --props MaxPrReachDeadlockTB -E TIME_BOUND=1 -O out.txt Minimal --unsafe --width 5e-2 --relative-width
Wallclock time:	1139.861046552658
Return code:	0
Output:




philosophers.16.jani:model: info: Philosophers16 is a CTMC model and will be simulated as an MA.
philosophers.16.jani: info: Using default value of 0.95 for the confidence parameter.

Peak memory usage: 59 MB
Analysis results for philosophers.16.jani
Experiment TIME_BOUND=1.0
Status:          Finished
Simulation time: 1138.8 s

+ Property Property "MaxPrReachDeadlockTB"
  Estimated probability: 6.988290676520209E-05
  Runs used:             45089710
  Run type:              MA
  Status:                Finished

  + Error bounds
    Statement: Adaptive: P(error > εp̂) < δ
    ε:         0.05
    δ:         0.050000000000000044


##############################Output to stderr##############################
The Modest Toolset (www.modestchecker.net), version v3.1.39-gc5bf1c138.

