Command:	modes/modest modes --unsafe --max-run-length 0 wlan.6.jani --props cost_min -E COL=0 -O out.txt Minimal --width 2e-2 --relative-width --lss Interruptible 1000000 -L 1000
Wallclock time:	600.5482363700867
Return code:	0
Output:




wlan.6.jani:model: info: wlan.6 is an MDP model and will be simulated as an MDP.
wlan.6.jani:variables[7]: info: Expanding variable "s1" into 12 locations in automaton "station1".
wlan.6.jani:variables[12]: info: Expanding variable "s2" into 12 locations in automaton "station2".
wlan.6.jani: info: Using default value of 0.95 for the confidence parameter.
wlan.6.jani: warning: Using the Chow-Robbins method for relative-width sequential confidence intervals, which guarantees the requested confidence only asymptotically for decreasing width.

Peak memory usage: 67 MB
Analysis results for wlan.6.jani
Experiment COL=0
Status:          Finished
Simulation time: 599.2 s

+ Property Property "cost_min"
  Estimated min. value:       7626
  Min. confidence interval:   [7551.25962985746, 7700.74037014254]
  Runs used (best scheduler): 50
  Total runs used:            21058050
  Schedulers sampled:         21000
  Best scheduler:             666542924
  Run type:                   MDP
  Status:                     Finished

  + Min. sample data
    Mean:     7626
    Variance: 55840.816326530585
    Skewness: 0.14716450776708917
    Kurtosis: 1.7392805080303548

  + Error bounds
    Scheduler sampling: The result is an upper bound for the true min. value.
    Statement:          CI: 100(1 - α)% of intervals contain true value (CLT assumption)
    α:                  0.050000000000000044


##############################Output to stderr##############################
The Modest Toolset (www.modestchecker.net), version v3.1.41-g4406ba5c5.

