Command:	modes/modest modes nand.jani --props reliable -E N=60,K=4 -O out.txt Minimal --unsafe -N 2147483647
Wallclock time:	600.5494613647461
Return code:	0
Output:




nand.jani:model: info: nand is a DTMC model and will be simulated as an MDP using uniform resolution of nondeterminism.
nand.jani: info: Using default value of 0.95 for the confidence parameter.

Peak memory usage: 57 MB
Analysis results for nand.jani
Experiment N=60, K=4
Status:          Cancelled
Simulation time: 599.6 s

+ Property Property "reliable"
  Estimated probability: 0.687016306264753
  Runs used:             1842850
  Run type:              MDP
  Status:                Cancelled

  + Error bounds
    Statement: Aborted: no error bounds


##############################Output to stderr##############################
The Modest Toolset (www.modestchecker.net), version v3.1.39-gc5bf1c138.

