Command:	modes/modest modes philosophers.20.jani --props MinExpTimeDeadlock -E TIME_BOUND=1 -O out.txt Minimal --unsafe --width 1e-3 --relative-width
Wallclock time:	129.4324769973755
Return code:	0
Output:




philosophers.20.jani:model: info: Philosophers20 is a CTMC model and will be simulated as an MA.
philosophers.20.jani: info: Using default value of 0.95 for the confidence parameter.
philosophers.20.jani: warning: Using the Chow-Robbins method for fixed-width sequential confidence intervals, which guarantees the requested confidence only asymptotically for decreasing width.

Peak memory usage: 60 MB
Analysis results for philosophers.20.jani
Experiment TIME_BOUND=1.0
Status:          Finished
Simulation time: 128.3 s

+ Property Property "MinExpTimeDeadlock"
  Estimated value:     11.775106072350557
  Confidence interval: [11.763331012624775, 11.786881132076338]
  Runs used:           987470
  Run type:            MA
  Status:              Finished

  + Sample data
    Mean:     11.775106072350557
    Variance: 35.641335227362724
    Skewness: 1.3759970192454576
    Kurtosis: 6.192723294181335

  + Error bounds
    Statement: CI: 100(1 - α)% of intervals contain true value (CLT assumption)
    α:         0.050000000000000044


##############################Output to stderr##############################
The Modest Toolset (www.modestchecker.net), version v3.1.39-gc5bf1c138.

