Command:	modes/modest modes coupon.15-4.jani --props exp_draws -E B=5 -O out.txt Minimal --unsafe --width 5e-2 --relative-width
Wallclock time:	1.1929829120635986
Return code:	0
Output:




coupon.15-4.jani:model: info: coupon.15-4 is a DTMC model and will be simulated as an MDP using uniform resolution of nondeterminism.
coupon.15-4.jani: info: Using default value of 0.95 for the confidence parameter.
coupon.15-4.jani: warning: Using the Chow-Robbins method for fixed-width sequential confidence intervals, which guarantees the requested confidence only asymptotically for decreasing width.

Peak memory usage: 58 MB
Analysis results for coupon.15-4.jani
Experiment B=5
Status:          Finished
Simulation time: 0.2 s

+ Property Property "exp_draws"
  Estimated value:     13.152941176470588
  Confidence interval: [12.503952413903399, 13.801929939037777]
  Runs used:           170
  Run type:            MDP
  Status:              Finished

  + Sample data
    Mean:     13.152941176470588
    Variance: 18.63919248172641
    Skewness: 0.778939094117108
    Kurtosis: 3.0757385092216065

  + Error bounds
    Statement: CI: 100(1 - α)% of intervals contain true value (CLT assumption)
    α:         0.050000000000000044


##############################Output to stderr##############################
The Modest Toolset (www.modestchecker.net), version v3.1.39-gc5bf1c138.

