Command:	modes/modest modes egl.jani --props messagesB -E N=10,L=8 -O out.txt Minimal --unsafe --width 5e-2 --relative-width
Wallclock time:	1.8183283805847168
Return code:	0
Output:




egl.jani:model: info: egl is a DTMC model and will be simulated as an MDP using uniform resolution of nondeterminism.
egl.jani: info: Using default value of 0.95 for the confidence parameter.
egl.jani: warning: Using the Chow-Robbins method for fixed-width sequential confidence intervals, which guarantees the requested confidence only asymptotically for decreasing width.

Peak memory usage: 59 MB
Analysis results for egl.jani
Experiment N=10, L=8
Status:          Finished
Simulation time: 0.7 s

+ Property Property "messagesB"
  Estimated value:     3.9886010362694337
  Confidence interval: [3.7895019433842654, 4.187700129154602]
  Runs used:           1930
  Run type:            MDP
  Status:              Finished

  + Sample data
    Mean:     3.9886010362694337
    Variance: 19.915888658785857
    Skewness: 2.564943192755627
    Kurtosis: 42.21580020853103

  + Error bounds
    Statement: CI: 100(1 - α)% of intervals contain true value (CLT assumption)
    α:         0.050000000000000044


##############################Output to stderr##############################
The Modest Toolset (www.modestchecker.net), version v3.1.39-gc5bf1c138.

