Command:	modes/modest modes rabin.10.jani --props live -O out.txt Minimal --unsafe --width 2e-2 --relative-width --lss Interruptible 1000000 -L 1000
Wallclock time:	600.5479183197021
Return code:	0
Output:




rabin.10.jani:model: info: rabin.10 is an MDP model and will be simulated as an MDP.
rabin.10.jani: info: Using default value of 0.95 for the confidence parameter.

Peak memory usage: 62 MB
Analysis results for rabin.10.jani
Status:          Finished
Simulation time: 599.4 s

+ Property Property "live"
  Estimated max. probability: 1
  Runs used (best scheduler): 250
  Total runs used:            46224250
  Schedulers sampled:         46000
  Best scheduler:             939599845
  Run type:                   MDP
  Status:                     Finished

  + Error bounds
    Scheduler sampling: The result is a lower bound for the true max. probability.
    Statement:          Adaptive: P(error > εp̂) < δ
    ε:                  0.02
    δ:                  0.050000000000000044


##############################Output to stderr##############################
The Modest Toolset (www.modestchecker.net), version v3.1.39-gc5bf1c138.

