Command:	modes/modest modes coupon.9-4.jani --props collect_all_bounded -E B=5 -O out.txt Minimal --unsafe --width 5e-2 --relative-width
Wallclock time:	1.2768659591674805
Return code:	0
Output:




coupon.9-4.jani:model: info: coupon.9-4 is a DTMC model and will be simulated as an MDP using uniform resolution of nondeterminism.
coupon.9-4.jani: info: Using default value of 0.95 for the confidence parameter.

Peak memory usage: 56 MB
Analysis results for coupon.9-4.jani
Experiment B=5
Status:          Finished
Simulation time: 0.3 s

+ Property Property "collect_all_bounded"
  Estimated probability: 0.36428571428571427
  Runs used:             5600
  Run type:              MDP
  Status:                Finished

  + Error bounds
    Statement: Adaptive: P(error > εp̂) < δ
    ε:         0.05
    δ:         0.050000000000000044


##############################Output to stderr##############################
The Modest Toolset (www.modestchecker.net), version v3.1.39-gc5bf1c138.

