Command:	modes/modest modes --unsafe --max-run-length 0 coupon.15-4.jani --props collect_all_bounded -E B=5 -O out.txt Minimal --width 5e-2 --relative-width
Wallclock time:	35.169140577316284
Return code:	0
Output:




coupon.15-4.jani:model: info: coupon.15-4 is a DTMC model and will be simulated as an MDP using uniform resolution of nondeterminism.
coupon.15-4.jani: info: Using default value of 0.95 for the confidence parameter.

Peak memory usage: 59 MB
Analysis results for coupon.15-4.jani
Experiment B=5
Status:          Finished
Simulation time: 34.1 s

+ Property Property "collect_all_bounded"
  Estimated probability: 0.0018424135910954892
  Runs used:             1707000
  Run type:              MDP
  Status:                Finished

  + Error bounds
    Statement: Adaptive: P(error > εp̂) < δ
    ε:         0.05
    δ:         0.050000000000000044


##############################Output to stderr##############################
The Modest Toolset (www.modestchecker.net), version v3.1.41-g4406ba5c5.

