Command:	modes/modest modes eajs.5.jani --props ExpUtil -E energy_capacity=250,B=11 -O out.txt Minimal --unsafe --width 2e-2 --relative-width --lss Interruptible 1000000 -L 1000
Wallclock time:	600.5490591526031
Return code:	0
Output:




eajs.5.jani:model: info: eajs.5 is an MDP model and will be simulated as an MDP.
eajs.5.jani:variables[11]: info: Expanding variable "loc_1" into 3 locations in automaton "Process_1".
eajs.5.jani:variables[15]: info: Expanding variable "loc_2" into 3 locations in automaton "Process_2".
eajs.5.jani:variables[17]: info: Expanding variable "user_1" into 6 locations in automaton "Resources".
eajs.5.jani:variables[19]: info: Expanding variable "loc_3" into 3 locations in automaton "Process_3".
eajs.5.jani:variables[20]: info: Expanding variable "loc_5" into 3 locations in automaton "Process_5".
eajs.5.jani:variables[23]: info: Expanding variable "loc_4" into 3 locations in automaton "Process_4".
eajs.5.jani: info: Using default value of 0.95 for the confidence parameter.
eajs.5.jani: warning: Using the Chow-Robbins method for fixed-width sequential confidence intervals, which guarantees the requested confidence only asymptotically for decreasing width.

Peak memory usage: 60 MB
Analysis results for eajs.5.jani
Experiment energy_capacity=250, B=11
Status:          Finished
Simulation time: 599.4 s

+ Property Property "ExpUtil"
  Estimated max. value:       1.913948919449905
  Max. confidence interval:   [1.8756748595169748, 1.9522229793828354]
  Runs used (best scheduler): 5090
  Total runs used:            8874230
  Schedulers sampled:         8000
  Best scheduler:             218573670
  Run type:                   MDP
  Status:                     Finished

  + Max. sample data
    Mean:     1.913948919449905
    Variance: 1.4907269850106197
    Skewness: 0.4087485503295866
    Kurtosis: 2.8791031557491333

  + Error bounds
    Scheduler sampling: The result is a lower bound for the true max. value.
    Statement:          CI: 100(1 - α)% of intervals contain true value (CLT assumption)
    α:                  0.050000000000000044


##############################Output to stderr##############################
The Modest Toolset (www.modestchecker.net), version v3.1.39-gc5bf1c138.

