Command:	modes/modest modes coupon.9-4.jani --props exp_draws -E B=5 -O out.txt Minimal --unsafe --width 5e-2 --relative-width
Wallclock time:	1.1534817218780518
Return code:	0
Output:




coupon.9-4.jani:model: info: coupon.9-4 is a DTMC model and will be simulated as an MDP using uniform resolution of nondeterminism.
coupon.9-4.jani: info: Using default value of 0.95 for the confidence parameter.
coupon.9-4.jani: warning: Using the Chow-Robbins method for fixed-width sequential confidence intervals, which guarantees the requested confidence only asymptotically for decreasing width.

Peak memory usage: 58 MB
Analysis results for coupon.9-4.jani
Experiment B=5
Status:          Finished
Simulation time: 0.1 s

+ Property Property "exp_draws"
  Estimated value:     6.691999999999999
  Confidence interval: [6.367222804852475, 7.016777195147523]
  Runs used:           250
  Run type:            MDP
  Status:              Finished

  + Sample data
    Mean:     6.691999999999999
    Variance: 6.864594377510039
    Skewness: 1.5406205436127365
    Kurtosis: 5.505876388988982

  + Error bounds
    Statement: CI: 100(1 - α)% of intervals contain true value (CLT assumption)
    α:         0.050000000000000044


##############################Output to stderr##############################
The Modest Toolset (www.modestchecker.net), version v3.1.39-gc5bf1c138.

