Command:	modes/modest modes --unsafe --max-run-length 0 nand.jani --props reliable -E N=60,K=4 -O out.txt Minimal -N 2147483647
Wallclock time:	600.5518078804016
Return code:	0
Output:




nand.jani:model: info: nand is a DTMC model and will be simulated as an MDP using uniform resolution of nondeterminism.
nand.jani: info: Using default value of 0.95 for the confidence parameter.

Peak memory usage: 58 MB
Analysis results for nand.jani
Experiment N=60, K=4
Status:          Cancelled
Simulation time: 599.6 s

+ Property Property "reliable"
  Estimated probability: 0.6872111624094136
  Runs used:             1756610
  Run type:              MDP
  Status:                Cancelled

  + Error bounds
    Statement: Aborted: no error bounds


##############################Output to stderr##############################
The Modest Toolset (www.modestchecker.net), version v3.1.41-g4406ba5c5.

