Command:	modes/modest modes wlan.5.jani --props cost_min -E COL=0 -O out.txt Minimal --unsafe --width 2e-2 --relative-width --lss Interruptible 1000000 -L 1000
Wallclock time:	600.5431926250458
Return code:	0
Output:




wlan.5.jani:model: info: wlan.5 is an MDP model and will be simulated as an MDP.
wlan.5.jani:variables[7]: info: Expanding variable "s1" into 12 locations in automaton "station1".
wlan.5.jani:variables[12]: info: Expanding variable "s2" into 12 locations in automaton "station2".
wlan.5.jani: info: Using default value of 0.95 for the confidence parameter.
wlan.5.jani: warning: Using the Chow-Robbins method for fixed-width sequential confidence intervals, which guarantees the requested confidence only asymptotically for decreasing width.

Peak memory usage: 64 MB
Analysis results for wlan.5.jani
Experiment COL=0
Status:          Finished
Simulation time: 599.3 s

+ Property Property "cost_min"
  Estimated min. value:       8222.999999999998
  Min. confidence interval:   [8152.84083147773, 8293.159168522267]
  Runs used (best scheduler): 50
  Total runs used:            21697000
  Schedulers sampled:         21000
  Best scheduler:             876714007
  Run type:                   MDP
  Status:                     Finished

  + Min. sample data
    Mean:     8222.999999999998
    Variance: 49205.10204081637
    Skewness: 0.17736204766036012
    Kurtosis: 1.8900031942640958

  + Error bounds
    Scheduler sampling: The result is an upper bound for the true min. value.
    Statement:          CI: 100(1 - α)% of intervals contain true value (CLT assumption)
    α:                  0.050000000000000044


##############################Output to stderr##############################
The Modest Toolset (www.modestchecker.net), version v3.1.39-gc5bf1c138.

