Command:	modes/modest modes --unsafe --max-run-length 0 mapk_cascade.jani --props reactions -E N=4,T=30 -O out.txt Minimal -N 2147483647
Wallclock time:	600.552728176117
Return code:	0
Output:




mapk_cascade.jani:model: info: mapk_cascade is a CTMC model and will be simulated as an MA.
mapk_cascade.jani: info: Using default value of 0.95 for the confidence parameter.

Peak memory usage: 59 MB
Analysis results for mapk_cascade.jani
Experiment N=4, T=30.0
Status:          Cancelled
Simulation time: 599.5 s

+ Property Property "reactions"
  Estimated value:     48.48343611925826
  Confidence interval: [48.4564198971713, 48.510452341345214]
  Runs used:           1292330
  Run type:            MA
  Status:              Cancelled

  + Sample data
    Mean:     48.48343611925826
    Variance: 245.54239046989036
    Skewness: -0.07616722506210252
    Kurtosis: 3.326077651880013

  + Error bounds
    Statement: CI: 100(1 - α)% of intervals contain true value (CLT assumption)
    α:         0.050000000000000044


##############################Output to stderr##############################
The Modest Toolset (www.modestchecker.net), version v3.1.41-g4406ba5c5.

