Command:	modes/modest modes wlan.6.jani --props sent -E COL=0 -O out.txt Minimal --width 2e-2 --relative-width --lss Interruptible 1000000 -L 1000
Wallclock time:	600.549970626831
Return code:	0
Output:




wlan.6.jani:model: info: wlan.6 is an MDP model and will be simulated as an MDP.
wlan.6.jani:variables[7]: info: Expanding variable "s1" into 12 locations in automaton "station1".
wlan.6.jani:variables[12]: info: Expanding variable "s2" into 12 locations in automaton "station2".
wlan.6.jani: info: Using default value of 0.95 for the confidence parameter.

Peak memory usage: 80 MB
Analysis results for wlan.6.jani
Experiment COL=0
Status:          Finished
Simulation time: 599.2 s

+ Property Property "sent"
  Decision:                   undecided
  Estimated min. probability: 1
  Runs used (best scheduler): 250
  Total runs used:            11498250
  Schedulers sampled:         11000
  Best scheduler:             846673793
  Run type:                   MDP
  Status:                     Finished

  + Error bounds
    Scheduler sampling: The result is an upper bound for the true min. probability.
    Statement:          Adaptive: P(error > εp̂) < δ
    ε:                  0.02
    δ:                  0.050000000000000044


##############################Output to stderr##############################
The Modest Toolset (www.modestchecker.net), version v3.1.39-gc5bf1c138.

