Command:	modes/modest modes crowds.jani --props positive -E TotalRuns=5,CrowdSize=20 -O out.txt Minimal --unsafe -N 2147483647
Wallclock time:	600.5491995811462
Return code:	0
Output:




crowds.jani:model: info: crowds is a DTMC model and will be simulated as an MDP using uniform resolution of nondeterminism.
crowds.jani: info: Using default value of 0.95 for the confidence parameter.

Peak memory usage: 58 MB
Analysis results for crowds.jani
Experiment TotalRuns=5, CrowdSize=20
Status:          Cancelled (2% done)
Simulation time: 599.5 s

+ Property Property "positive"
  Estimated probability: 0.08608552158852709
  Runs used:             32287520
  Run type:              MDP
  Status:                Cancelled (2% done)

  + Error bounds
    Statement: Aborted: no error bounds


##############################Output to stderr##############################
The Modest Toolset (www.modestchecker.net), version v3.1.39-gc5bf1c138.

