Command:	modes/modest modes csma.4-2.jani --props time_max -O out.txt Minimal --width 2e-2 --relative-width --lss Interruptible 1000000 -L 1000
Wallclock time:	600.548267364502
Return code:	0
Output:




csma.4-2.jani:model: info: csma.4-2 is an MDP model and will be simulated as an MDP.
csma.4-2.jani: info: Using default value of 0.95 for the confidence parameter.
csma.4-2.jani: warning: Using the Chow-Robbins method for fixed-width sequential confidence intervals, which guarantees the requested confidence only asymptotically for decreasing width.

Peak memory usage: 58 MB
Analysis results for csma.4-2.jani
Status:          Finished
Simulation time: 599.5 s

+ Property Property "time_max"
  Estimated max. value:       134.92000000000002
  Max. confidence interval:   [132.61621857901494, 137.2237814209851]
  Runs used (best scheduler): 50
  Total runs used:            3966250
  Schedulers sampled:         3000
  Best scheduler:             997145218
  Run type:                   MDP
  Status:                     Finished

  + Max. sample data
    Mean:     134.92000000000002
    Variance: 53.05469387755101
    Skewness: 1.0016293800875218
    Kurtosis: 4.429644107544289

  + Error bounds
    Scheduler sampling: The result is a lower bound for the true max. value.
    Statement:          CI: 100(1 - α)% of intervals contain true value (CLT assumption)
    α:                  0.050000000000000044


##############################Output to stderr##############################
The Modest Toolset (www.modestchecker.net), version v3.1.39-gc5bf1c138.

