Command:	modes/modest modes egl.jani --props messagesB -E N=10,L=2 -O out.txt Minimal --unsafe -N 2147483647
Wallclock time:	600.5528962612152
Return code:	0
Output:




egl.jani:model: info: egl is a DTMC model and will be simulated as an MDP using uniform resolution of nondeterminism.
egl.jani: info: Using default value of 0.95 for the confidence parameter.

Peak memory usage: 59 MB
Analysis results for egl.jani
Experiment N=10, L=2
Status:          Cancelled
Simulation time: 599.4 s

+ Property Property "messagesB"
  Estimated value:     4.0083104680790065
  Confidence interval: [4.005501416854051, 4.011119519303962]
  Runs used:           8356930
  Run type:            MDP
  Status:              Cancelled

  + Sample data
    Mean:     4.0083104680790065
    Variance: 17.166031306236228
    Skewness: 0.1589111214502509
    Kurtosis: 1.225015727401263

  + Error bounds
    Statement: CI: 100(1 - α)% of intervals contain true value (CLT assumption)
    α:         0.050000000000000044


##############################Output to stderr##############################
The Modest Toolset (www.modestchecker.net), version v3.1.39-gc5bf1c138.

