Command:	modes/modest modes hecs.false-3-2.jani --props Unreliability -O out.txt Minimal --unsafe --width 2e-2 --relative-width --lss Interruptible 1000000 -L 1000
Wallclock time:	600.5487778186798
Return code:	0
Output:




hecs.false-3-2.jani:model: info: hecs-false-3-2.jani is an MA model and will be simulated as an MA.
hecs.false-3-2.jani: info: Using default value of 0.95 for the confidence parameter.

Peak memory usage: 121 MB
Analysis results for hecs.false-3-2.jani
Status:          Finished
Simulation time: 598.3 s

+ Property Property "Unreliability"
  Estimated max. probability: 0
  Runs used (best scheduler): 7109490
  Total runs used:            8109490
  Schedulers sampled:         0
  Best scheduler:             1721859379
  Run type:                   MA
  Status:                     Finished

  + Error bounds
    Scheduler sampling: The result is a lower bound for the true max. probability.
    Statement:          Aborted: no error bounds


##############################Output to stderr##############################
The Modest Toolset (www.modestchecker.net), version v3.1.39-gc5bf1c138.

