Command:	modes/modest modes --unsafe --max-run-length 0 egl.jani --props messagesB -E N=10,L=8 -O out.txt Minimal --width 5e-2 --relative-width
Wallclock time:	1.9752705097198486
Return code:	0
Output:




egl.jani:model: info: egl is a DTMC model and will be simulated as an MDP using uniform resolution of nondeterminism.
egl.jani: info: Using default value of 0.95 for the confidence parameter.
egl.jani: warning: Using the Chow-Robbins method for relative-width sequential confidence intervals, which guarantees the requested confidence only asymptotically for decreasing width.

Peak memory usage: 59 MB
Analysis results for egl.jani
Experiment N=10, L=8
Status:          Finished
Simulation time: 0.8 s

+ Property Property "messagesB"
  Estimated value:     4.081818181818186
  Confidence interval: [3.8779543199322504, 4.285682043704121]
  Runs used:           2420
  Run type:            MDP
  Status:              Finished

  + Sample data
    Mean:     4.081818181818186
    Variance: 26.181810665564253
    Skewness: 5.170063858137912
    Kurtosis: 75.49434187025719

  + Error bounds
    Statement: CI: 100(1 - α)% of intervals contain true value (CLT assumption)
    α:         0.050000000000000044


##############################Output to stderr##############################
The Modest Toolset (www.modestchecker.net), version v3.1.41-g4406ba5c5.

