Command:	modes/modest modes --unsafe --max-run-length 0 cluster.jani --props qos1 -E N=128,T=2000,t=20 -O out.txt Minimal -N 2147483647
Wallclock time:	600.5635876655579
Return code:	0
Output:




cluster.jani:model: info: cluster is a CTMC model and will be simulated as an MA.
cluster.jani: info: Using default value of 0.95 for the confidence parameter.

Peak memory usage: 58 MB
Analysis results for cluster.jani
Experiment N=128, T=2000.0, t=20.0
Status:          Cancelled
Simulation time: 599.5 s

+ Property Property "qos1"
  Estimated probability: 0.001075374416891726
  Runs used:             203650
  Run type:              MA
  Status:                Cancelled

  + Error bounds
    Statement: Aborted: no error bounds


##############################Output to stderr##############################
The Modest Toolset (www.modestchecker.net), version v3.1.41-g4406ba5c5.

