Command:	modes/modest modes philosophers.16.jani --props MinExpTimeDeadlock -E TIME_BOUND=1 -O out.txt Minimal --unsafe -N 2147483647
Wallclock time:	600.5512747764587
Return code:	0
Output:




philosophers.16.jani:model: info: Philosophers16 is a CTMC model and will be simulated as an MA.
philosophers.16.jani: info: Using default value of 0.95 for the confidence parameter.

Peak memory usage: 59 MB
Analysis results for philosophers.16.jani
Experiment TIME_BOUND=1.0
Status:          Cancelled
Simulation time: 599.5 s

+ Property Property "MinExpTimeDeadlock"
  Estimated value:     10.781961672609471
  Confidence interval: [10.777689045940667, 10.786234299278275]
  Runs used:           7264310
  Run type:            MA
  Status:              Cancelled

  + Sample data
    Mean:     10.781961672609471
    Variance: 34.52137464062747
    Skewness: 1.4248497024490305
    Kurtosis: 6.390474512856909

  + Error bounds
    Statement: CI: 100(1 - α)% of intervals contain true value (CLT assumption)
    α:         0.050000000000000044


##############################Output to stderr##############################
The Modest Toolset (www.modestchecker.net), version v3.1.39-gc5bf1c138.

