Command:	modes/modest modes --unsafe --max-run-length 0 coupon.15-4.jani --props collect_all_bounded -E B=5 -O out.txt Minimal -N 2147483647
Wallclock time:	600.5405397415161
Return code:	0
Output:




coupon.15-4.jani:model: info: coupon.15-4 is a DTMC model and will be simulated as an MDP using uniform resolution of nondeterminism.
coupon.15-4.jani: info: Using default value of 0.95 for the confidence parameter.

Peak memory usage: 58 MB
Analysis results for coupon.15-4.jani
Experiment B=5
Status:          Cancelled (1% done)
Simulation time: 599.5 s

+ Property Property "collect_all_bounded"
  Estimated probability: 0.0017928996459502223
  Runs used:             30374260
  Run type:              MDP
  Status:                Cancelled (1% done)

  + Error bounds
    Statement: Aborted: no error bounds


##############################Output to stderr##############################
The Modest Toolset (www.modestchecker.net), version v3.1.41-g4406ba5c5.

