Command:	modes/modest modes egl.jani --props messagesB -E N=10,L=2 -O out.txt Minimal --width 1e-3 --relative-width
Wallclock time:	316.22769689559937
Return code:	0
Output:




egl.jani:model: info: egl is a DTMC model and will be simulated as an MDP using uniform resolution of nondeterminism.
egl.jani: info: Using default value of 0.95 for the confidence parameter.
egl.jani: warning: Using the Chow-Robbins method for fixed-width sequential confidence intervals, which guarantees the requested confidence only asymptotically for decreasing width.

Peak memory usage: 59 MB
Analysis results for egl.jani
Experiment N=10, L=2
Status:          Finished
Simulation time: 315.1 s

+ Property Property "messagesB"
  Estimated value:     4.011009017624982
  Confidence interval: [4.006998014224443, 4.015020021025521]
  Runs used:           4098640
  Run type:            MDP
  Status:              Finished

  + Sample data
    Mean:     4.011009017624982
    Variance: 17.165231007441363
    Skewness: 0.1574779702430694
    Kurtosis: 1.2239932476432702

  + Error bounds
    Statement: CI: 100(1 - α)% of intervals contain true value (CLT assumption)
    α:         0.050000000000000044


##############################Output to stderr##############################
The Modest Toolset (www.modestchecker.net), version v3.1.39-gc5bf1c138.

