Command:	modes/modest modes philosophers.20.jani --props MaxPrReachDeadlock -E TIME_BOUND=1 -O out.txt Minimal --unsafe -N 2147483647
Wallclock time:	600.5509948730469
Return code:	0
Output:




philosophers.20.jani:model: info: Philosophers20 is a CTMC model and will be simulated as an MA.
philosophers.20.jani: info: Using default value of 0.95 for the confidence parameter.

Peak memory usage: 60 MB
Analysis results for philosophers.20.jani
Experiment TIME_BOUND=1.0
Status:          Cancelled
Simulation time: 599.5 s

+ Property Property "MaxPrReachDeadlock"
  Estimated probability: 1
  Runs used:             4729870
  Run type:              MA
  Status:                Cancelled

  + Error bounds
    Statement: Aborted: no error bounds


##############################Output to stderr##############################
The Modest Toolset (www.modestchecker.net), version v3.1.39-gc5bf1c138.

