Command:	modes/modest modes --unsafe --max-run-length 0 beb.4-8.jani --props LineSeized -E N=7 -O out.txt Minimal --width 2e-2 --relative-width --lss Interruptible 1000000 -L 1000
Wallclock time:	600.5492029190063
Return code:	0
Output:




beb.4-8.jani:model: info: beb-4-8 is an MDP model and will be simulated as an MDP.
beb.4-8.jani: info: Using default value of 0.95 for the confidence parameter.

Peak memory usage: 62 MB
Analysis results for beb.4-8.jani
Experiment N=7
Status:          Finished
Simulation time: 599.4 s

+ Property Property "LineSeized"
  Estimated max. probability: 1
  Runs used (best scheduler): 300
  Total runs used:            47925150
  Schedulers sampled:         47000
  Best scheduler:             2014162325
  Run type:                   MDP
  Status:                     Finished

  + Error bounds
    Scheduler sampling: The result is a lower bound for the true max. probability.
    Statement:          Adaptive: P(error > εp̂) < δ
    ε:                  0.02
    δ:                  0.050000000000000044


##############################Output to stderr##############################
The Modest Toolset (www.modestchecker.net), version v3.1.41-g4406ba5c5.

