Command:	modes/modest modes --unsafe --max-run-length 0 stream.jani --props exp_buffertime -E N=1000 -O out.txt Minimal --width 2e-2 --relative-width --lss Interruptible 1000000 -L 1000
Wallclock time:	600.554586648941
Return code:	0
Output:




stream.jani:model: info: stream is an MA model and will be simulated as an MA.
stream.jani:variables[5]: info: Expanding variable "s" into 4 locations in automaton "streamingclient".
stream.jani: info: Using default value of 0.95 for the confidence parameter.
stream.jani: warning: Using the Chow-Robbins method for relative-width sequential confidence intervals, which guarantees the requested confidence only asymptotically for decreasing width.

Peak memory usage: 59 MB
Analysis results for stream.jani
Experiment N=1000
Status:          Finished
Simulation time: 599.5 s

+ Property Property "exp_buffertime"
  Estimated min. value:       9.225355527325453
  Min. confidence interval:   [9.04095845770346, 9.409752596947445]
  Runs used (best scheduler): 5210
  Total runs used:            1121210
  Schedulers sampled:         1000
  Best scheduler:             187263615
  Run type:                   MA
  Status:                     Finished

  + Min. sample data
    Mean:     9.225355527325453
    Variance: 46.115781359271864
    Skewness: 1.065907576526885
    Kurtosis: 4.184579211005687

  + Error bounds
    Scheduler sampling: The result is an upper bound for the true min. value.
    Statement:          CI: 100(1 - α)% of intervals contain true value (CLT assumption)
    α:                  0.050000000000000044


##############################Output to stderr##############################
The Modest Toolset (www.modestchecker.net), version v3.1.41-g4406ba5c5.

