Command:	modes/modest modes --unsafe --max-run-length 0 cabinets.3-2-true.jani --props Unreliability -O out.txt Minimal --width 2e-2 --relative-width --lss Interruptible 1000000 -L 1000
Wallclock time:	600.5460455417633
Return code:	0
Output:




cabinets.3-2-true.jani:model: info: cabinets.3-2-true.jani is an MA model and will be simulated as an MA.
cabinets.3-2-true.jani: info: Using default value of 0.95 for the confidence parameter.

Peak memory usage: 64 MB
Analysis results for cabinets.3-2-true.jani
Status:          Finished
Simulation time: 599.4 s

+ Property Property "Unreliability"
  Estimated max. probability: 1.530437337773642E-07
  Runs used (best scheduler): 32670400
  Total runs used:            33670400
  Schedulers sampled:         0
  Best scheduler:             150853999
  Run type:                   MA
  Status:                     Finished

  + Error bounds
    Scheduler sampling: The result is a lower bound for the true max. probability.
    Statement:          Aborted: no error bounds


##############################Output to stderr##############################
The Modest Toolset (www.modestchecker.net), version v3.1.41-g4406ba5c5.

