Command:	modes/modest modes egl.jani --props unfairA -E N=10,L=2 -O out.txt Minimal --unsafe -N 2147483647
Wallclock time:	600.5519914627075
Return code:	0
Output:




egl.jani:model: info: egl is a DTMC model and will be simulated as an MDP using uniform resolution of nondeterminism.
egl.jani: info: Using default value of 0.95 for the confidence parameter.

Peak memory usage: 60 MB
Analysis results for egl.jani
Experiment N=10, L=2
Status:          Cancelled (1% done)
Simulation time: 599.4 s

+ Property Property "unfairA"
  Estimated probability: 0.5006480956767163
  Runs used:             10834820
  Run type:              MDP
  Status:                Cancelled (1% done)

  + Error bounds
    Statement: Aborted: no error bounds


##############################Output to stderr##############################
The Modest Toolset (www.modestchecker.net), version v3.1.39-gc5bf1c138.

