Command:	modes/modest modes wlan.4.jani --props cost_min -E COL=0 -O out.txt Minimal --unsafe --width 2e-2 --relative-width --lss Interruptible 1000000 -L 1000
Wallclock time:	600.5460157394409
Return code:	0
Output:




wlan.4.jani:model: info: wlan.4 is an MDP model and will be simulated as an MDP.
wlan.4.jani:variables[7]: info: Expanding variable "s1" into 12 locations in automaton "station1".
wlan.4.jani:variables[12]: info: Expanding variable "s2" into 12 locations in automaton "station2".
wlan.4.jani: info: Using default value of 0.95 for the confidence parameter.
wlan.4.jani: warning: Using the Chow-Robbins method for fixed-width sequential confidence intervals, which guarantees the requested confidence only asymptotically for decreasing width.

Peak memory usage: 62 MB
Analysis results for wlan.4.jani
Experiment COL=0
Status:          Finished
Simulation time: 599.4 s

+ Property Property "cost_min"
  Estimated min. value:       8333.999999999996
  Min. confidence interval:   [8261.534099729406, 8406.465900270587]
  Runs used (best scheduler): 50
  Total runs used:            22145090
  Schedulers sampled:         21000
  Best scheduler:             713789429
  Run type:                   MDP
  Status:                     Finished

  + Min. sample data
    Mean:     8333.999999999996
    Variance: 52493.87755102053
    Skewness: -0.31723891330673615
    Kurtosis: 1.8208167982697465

  + Error bounds
    Scheduler sampling: The result is an upper bound for the true min. value.
    Statement:          CI: 100(1 - α)% of intervals contain true value (CLT assumption)
    α:                  0.050000000000000044


##############################Output to stderr##############################
The Modest Toolset (www.modestchecker.net), version v3.1.39-gc5bf1c138.

