Command:	modes/modest modes --unsafe --max-run-length 0 philosophers.16.jani --props MaxPrReachDeadlockTB -E TIME_BOUND=1 -O out.txt Minimal -N 2147483647
Wallclock time:	600.545756816864
Return code:	0
Output:




philosophers.16.jani:model: info: Philosophers16 is a CTMC model and will be simulated as an MA.
philosophers.16.jani: info: Using default value of 0.95 for the confidence parameter.

Peak memory usage: 60 MB
Analysis results for philosophers.16.jani
Experiment TIME_BOUND=1.0
Status:          Cancelled (1% done)
Simulation time: 599.5 s

+ Property Property "MaxPrReachDeadlockTB"
  Estimated probability: 6.796763973315777E-05
  Runs used:             23467050
  Run type:              MA
  Status:                Cancelled (1% done)

  + Error bounds
    Statement: Aborted: no error bounds


##############################Output to stderr##############################
The Modest Toolset (www.modestchecker.net), version v3.1.41-g4406ba5c5.

