Command:	modes/modest modes --unsafe --max-run-length 0 csma.3-4.jani --props time_max -O out.txt Minimal --width 2e-2 --relative-width --lss Interruptible 1000000 -L 1000
Wallclock time:	600.5431020259857
Return code:	0
Output:




csma.3-4.jani:model: info: csma.3-4 is an MDP model and will be simulated as an MDP.
csma.3-4.jani: info: Using default value of 0.95 for the confidence parameter.
csma.3-4.jani: warning: Using the Chow-Robbins method for relative-width sequential confidence intervals, which guarantees the requested confidence only asymptotically for decreasing width.

Peak memory usage: 60 MB
Analysis results for csma.3-4.jani
Status:          Finished
Simulation time: 599.5 s

+ Property Property "time_max"
  Estimated max. value:       113.8
  Max. confidence interval:   [111.53140993088965, 116.06859006911034]
  Runs used (best scheduler): 80
  Total runs used:            7673500
  Schedulers sampled:         7000
  Best scheduler:             217239611
  Run type:                   MDP
  Status:                     Finished

  + Max. sample data
    Mean:     113.8
    Variance: 82.31392405063292
    Skewness: 0.17661028063087025
    Kurtosis: 2.6808361899391833

  + Error bounds
    Scheduler sampling: The result is a lower bound for the true max. value.
    Statement:          CI: 100(1 - α)% of intervals contain true value (CLT assumption)
    α:                  0.050000000000000044


##############################Output to stderr##############################
The Modest Toolset (www.modestchecker.net), version v3.1.41-g4406ba5c5.

