Command:	modes/modest modes --unsafe --max-run-length 0 philosophers.16.jani --props MinExpTimeDeadlock -E TIME_BOUND=1 -O out.txt Minimal --width 1e-3 --relative-width
Wallclock time:	98.42154455184937
Return code:	0
Output:




philosophers.16.jani:model: info: Philosophers16 is a CTMC model and will be simulated as an MA.
philosophers.16.jani: info: Using default value of 0.95 for the confidence parameter.
philosophers.16.jani: warning: Using the Chow-Robbins method for relative-width sequential confidence intervals, which guarantees the requested confidence only asymptotically for decreasing width.

Peak memory usage: 60 MB
Analysis results for philosophers.16.jani
Experiment TIME_BOUND=1.0
Status:          Finished
Simulation time: 97.4 s

+ Property Property "MinExpTimeDeadlock"
  Estimated value:     10.7861128172396
  Confidence interval: [10.775326733052955, 10.796898901426244]
  Runs used:           1141030
  Run type:            MA
  Status:              Finished

  + Sample data
    Mean:     10.7861128172396
    Variance: 34.55639999525959
    Skewness: 1.4301603333761899
    Kurtosis: 6.429863003774999

  + Error bounds
    Statement: CI: 100(1 - α)% of intervals contain true value (CLT assumption)
    α:         0.050000000000000044


##############################Output to stderr##############################
The Modest Toolset (www.modestchecker.net), version v3.1.41-g4406ba5c5.

