Command:	modes/modest modes mapk_cascade.jani --props reactions -E N=4,T=30 -O out.txt Minimal --unsafe --width 1e-3 --relative-width
Wallclock time:	173.27164363861084
Return code:	0
Output:




mapk_cascade.jani:model: info: mapk_cascade is a CTMC model and will be simulated as an MA.
mapk_cascade.jani: info: Using default value of 0.95 for the confidence parameter.
mapk_cascade.jani: warning: Using the Chow-Robbins method for fixed-width sequential confidence intervals, which guarantees the requested confidence only asymptotically for decreasing width.

Peak memory usage: 59 MB
Analysis results for mapk_cascade.jani
Experiment N=4, T=30.0
Status:          Finished
Simulation time: 172.2 s

+ Property Property "reactions"
  Estimated value:     48.50030376216827
  Confidence interval: [48.45180371984035, 48.548803804496195]
  Runs used:           401630
  Run type:            MA
  Status:              Finished

  + Sample data
    Mean:     48.50030376216827
    Variance: 245.93152253184633
    Skewness: -0.07665508483472384
    Kurtosis: 3.337815890229092

  + Error bounds
    Statement: CI: 100(1 - α)% of intervals contain true value (CLT assumption)
    α:         0.050000000000000044


##############################Output to stderr##############################
The Modest Toolset (www.modestchecker.net), version v3.1.39-gc5bf1c138.

