Command:	modes/modest modes egl.jani --props messagesB -E N=10,L=8 -O out.txt Minimal --unsafe --width 1e-3 --relative-width
Wallclock time:	1211.3518483638763
Return code:	0
Output:




egl.jani:model: info: egl is a DTMC model and will be simulated as an MDP using uniform resolution of nondeterminism.
egl.jani: info: Using default value of 0.95 for the confidence parameter.
egl.jani: warning: Using the Chow-Robbins method for fixed-width sequential confidence intervals, which guarantees the requested confidence only asymptotically for decreasing width.

Peak memory usage: 59 MB
Analysis results for egl.jani
Experiment N=10, L=8
Status:          Finished
Simulation time: 1210.2 s

+ Property Property "messagesB"
  Estimated value:     4.072241044144263
  Confidence interval: [4.068168810985708, 4.076313277302819]
  Runs used:           5180130
  Run type:            MDP
  Status:              Finished

  + Sample data
    Mean:     4.072241044144263
    Variance: 22.361953939937962
    Skewness: 3.8163081268073222
    Kurtosis: 59.57742411606913

  + Error bounds
    Statement: CI: 100(1 - α)% of intervals contain true value (CLT assumption)
    α:         0.050000000000000044


##############################Output to stderr##############################
The Modest Toolset (www.modestchecker.net), version v3.1.39-gc5bf1c138.

