Command:	modes/modest modes --unsafe --max-run-length 0 crowds.jani --props positive -E TotalRuns=5,CrowdSize=20 -O out.txt Minimal -N 2147483647
Wallclock time:	600.5425672531128
Return code:	0
Output:




crowds.jani:model: info: crowds is a DTMC model and will be simulated as an MDP using uniform resolution of nondeterminism.
crowds.jani: info: Using default value of 0.95 for the confidence parameter.

Peak memory usage: 58 MB
Analysis results for crowds.jani
Experiment TotalRuns=5, CrowdSize=20
Status:          Cancelled (1% done)
Simulation time: 599.5 s

+ Property Property "positive"
  Estimated probability: 0.08609730613699142
  Runs used:             31210570
  Run type:              MDP
  Status:                Cancelled (1% done)

  + Error bounds
    Statement: Aborted: no error bounds


##############################Output to stderr##############################
The Modest Toolset (www.modestchecker.net), version v3.1.41-g4406ba5c5.

