Command:	modes/modest modes readers-writers.40.jani --props prtb_many_requests -O out.txt Minimal --unsafe --width 2e-2 --relative-width --lss Interruptible 1000000 -L 1000
Wallclock time:	600.5470762252808
Return code:	0
Output:




readers-writers.40.jani:model: info: ReadersWriters is an MA model and will be simulated as an MA.
readers-writers.40.jani: info: Using default value of 0.95 for the confidence parameter.

Peak memory usage: 58 MB
Analysis results for readers-writers.40.jani
Status:          Finished
Simulation time: 599.5 s

+ Property Property "prtb_many_requests"
  Estimated max. probability: 0.8272545090180361
  Runs used (best scheduler): 4990
  Total runs used:            4889910
  Schedulers sampled:         4000
  Best scheduler:             377735912
  Run type:                   MA
  Status:                     Finished

  + Error bounds
    Scheduler sampling: The result is a lower bound for the true max. probability.
    Statement:          Adaptive: P(error > εp̂) < δ
    ε:                  0.02
    δ:                  0.050000000000000044


##############################Output to stderr##############################
The Modest Toolset (www.modestchecker.net), version v3.1.39-gc5bf1c138.

