Command:	modes/modest modes --unsafe --max-run-length 0 readers-writers.40.jani --props exp_time_many_requests -O out.txt Minimal --width 2e-2 --relative-width --lss Interruptible 1000000 -L 1000
Wallclock time:	600.5459091663361
Return code:	0
Output:




readers-writers.40.jani:model: info: ReadersWriters is an MA model and will be simulated as an MA.
readers-writers.40.jani: info: Using default value of 0.95 for the confidence parameter.
readers-writers.40.jani: warning: Using the Chow-Robbins method for relative-width sequential confidence intervals, which guarantees the requested confidence only asymptotically for decreasing width.

Peak memory usage: 59 MB
Analysis results for readers-writers.40.jani
Status:          Finished
Simulation time: 599.5 s

+ Property Property "exp_time_many_requests"
  Estimated min. value:       3.6858570750576436
  Min. confidence interval:   [3.6122507777639745, 3.7594633723513127]
  Runs used (best scheduler): 2140
  Total runs used:            4651920
  Schedulers sampled:         4000
  Best scheduler:             1755574558
  Run type:                   MA
  Status:                     Finished

  + Min. sample data
    Mean:     3.6858570750576436
    Variance: 2.3180082739508783
    Skewness: 1.6222562721740736
    Kurtosis: 7.20593106292233

  + Error bounds
    Scheduler sampling: The result is an upper bound for the true min. value.
    Statement:          CI: 100(1 - α)% of intervals contain true value (CLT assumption)
    α:                  0.050000000000000044


##############################Output to stderr##############################
The Modest Toolset (www.modestchecker.net), version v3.1.41-g4406ba5c5.

