Command:	modes/modest modes wlan.6.jani --props cost_min -E COL=0 -O out.txt Minimal --unsafe --width 2e-2 --relative-width --lss Interruptible 1000000 -L 1000
Wallclock time:	600.5489194393158
Return code:	0
Output:




wlan.6.jani:model: info: wlan.6 is an MDP model and will be simulated as an MDP.
wlan.6.jani:variables[7]: info: Expanding variable "s1" into 12 locations in automaton "station1".
wlan.6.jani:variables[12]: info: Expanding variable "s2" into 12 locations in automaton "station2".
wlan.6.jani: info: Using default value of 0.95 for the confidence parameter.
wlan.6.jani: warning: Using the Chow-Robbins method for fixed-width sequential confidence intervals, which guarantees the requested confidence only asymptotically for decreasing width.

Peak memory usage: 67 MB
Analysis results for wlan.6.jani
Experiment COL=0
Status:          Finished
Simulation time: 599.2 s

+ Property Property "cost_min"
  Estimated min. value:       7767.000000000002
  Min. confidence interval:   [7705.410025631324, 7828.58997436868]
  Runs used (best scheduler): 50
  Total runs used:            21778240
  Schedulers sampled:         21000
  Best scheduler:             1186182545
  Run type:                   MDP
  Status:                     Finished

  + Min. sample data
    Mean:     7767.000000000002
    Variance: 37919.387755101976
    Skewness: -0.2572205337207732
    Kurtosis: 1.8638774199069597

  + Error bounds
    Scheduler sampling: The result is an upper bound for the true min. value.
    Statement:          CI: 100(1 - α)% of intervals contain true value (CLT assumption)
    α:                  0.050000000000000044


##############################Output to stderr##############################
The Modest Toolset (www.modestchecker.net), version v3.1.39-gc5bf1c138.

