Command:	modes/modest modes cluster.jani --props below_min -E N=64,T=2000,t=20 -O out.txt Minimal --unsafe -N 2147483647
Wallclock time:	600.5523829460144
Return code:	0
Output:




cluster.jani:model: info: cluster is a CTMC model and will be simulated as an MA.
cluster.jani: info: Using default value of 0.95 for the confidence parameter.

Peak memory usage: 58 MB
Analysis results for cluster.jani
Experiment N=64, T=2000.0, t=20.0
Status:          Cancelled
Simulation time: 599.5 s

+ Property Property "below_min"
  Estimated value:     0.004217772851660092
  Confidence interval: [0.00367467082227181, 0.004760874881048374]
  Runs used:           434820
  Run type:            MA
  Status:              Cancelled

  + Sample data
    Mean:     0.004217772851660092
    Variance: 0.03338690649869136
    Skewness: 62.60232443838304
    Kurtosis: 5001.827253329359

  + Error bounds
    Statement: CI: 100(1 - α)% of intervals contain true value (CLT assumption)
    α:         0.050000000000000044


##############################Output to stderr##############################
The Modest Toolset (www.modestchecker.net), version v3.1.39-gc5bf1c138.

