Command:	modes/modest modes --unsafe --max-run-length 0 egl.jani --props messagesB -E N=10,L=8 -O out.txt Minimal -N 2147483647
Wallclock time:	600.5500705242157
Return code:	0
Output:




egl.jani:model: info: egl is a DTMC model and will be simulated as an MDP using uniform resolution of nondeterminism.
egl.jani: info: Using default value of 0.95 for the confidence parameter.

Peak memory usage: 59 MB
Analysis results for egl.jani
Experiment N=10, L=8
Status:          Cancelled
Simulation time: 599.4 s

+ Property Property "messagesB"
  Estimated value:     4.066560366777028
  Confidence interval: [4.060534936814666, 4.07258579673939]
  Runs used:           2364380
  Run type:            MDP
  Status:              Cancelled

  + Sample data
    Mean:     4.066560366777028
    Variance: 22.34586550161455
    Skewness: 3.8137725657948587
    Kurtosis: 59.51777378461558

  + Error bounds
    Statement: CI: 100(1 - α)% of intervals contain true value (CLT assumption)
    α:         0.050000000000000044


##############################Output to stderr##############################
The Modest Toolset (www.modestchecker.net), version v3.1.41-g4406ba5c5.

