Command:	modes/modest modes egl.jani --props messagesB -E N=10,L=2 -O out.txt Minimal --unsafe --width 5e-2 --relative-width
Wallclock time:	1.5399584770202637
Return code:	0
Output:




egl.jani:model: info: egl is a DTMC model and will be simulated as an MDP using uniform resolution of nondeterminism.
egl.jani: info: Using default value of 0.95 for the confidence parameter.
egl.jani: warning: Using the Chow-Robbins method for fixed-width sequential confidence intervals, which guarantees the requested confidence only asymptotically for decreasing width.

Peak memory usage: 59 MB
Analysis results for egl.jani
Experiment N=10, L=2
Status:          Finished
Simulation time: 0.4 s

+ Property Property "messagesB"
  Estimated value:     3.9981818181818127
  Confidence interval: [3.7987276461220647, 4.197635990241561]
  Runs used:           1650
  Run type:            MDP
  Status:              Finished

  + Sample data
    Mean:     3.9981818181818127
    Variance: 17.08732234412041
    Skewness: 0.16020942794066806
    Kurtosis: 1.2111622093494334

  + Error bounds
    Statement: CI: 100(1 - α)% of intervals contain true value (CLT assumption)
    α:         0.050000000000000044


##############################Output to stderr##############################
The Modest Toolset (www.modestchecker.net), version v3.1.39-gc5bf1c138.

