Command:	modes/modest modes --unsafe --max-run-length 0 wlan.5.jani --props cost_min -E COL=0 -O out.txt Minimal --width 2e-2 --relative-width --lss Interruptible 1000000 -L 1000
Wallclock time:	600.5439715385437
Return code:	0
Output:




wlan.5.jani:model: info: wlan.5 is an MDP model and will be simulated as an MDP.
wlan.5.jani:variables[7]: info: Expanding variable "s1" into 12 locations in automaton "station1".
wlan.5.jani:variables[12]: info: Expanding variable "s2" into 12 locations in automaton "station2".
wlan.5.jani: info: Using default value of 0.95 for the confidence parameter.
wlan.5.jani: warning: Using the Chow-Robbins method for relative-width sequential confidence intervals, which guarantees the requested confidence only asymptotically for decreasing width.

Peak memory usage: 64 MB
Analysis results for wlan.5.jani
Experiment COL=0
Status:          Finished
Simulation time: 599.3 s

+ Property Property "cost_min"
  Estimated min. value:       7652.999999999999
  Min. confidence interval:   [7581.815311651409, 7724.18468834859]
  Runs used (best scheduler): 50
  Total runs used:            20624950
  Schedulers sampled:         20000
  Best scheduler:             695641672
  Run type:                   MDP
  Status:                     Finished

  + Min. sample data
    Mean:     7652.999999999999
    Variance: 50654.08163265304
    Skewness: -0.15771006198995322
    Kurtosis: 1.7737296607067867

  + Error bounds
    Scheduler sampling: The result is an upper bound for the true min. value.
    Statement:          CI: 100(1 - α)% of intervals contain true value (CLT assumption)
    α:                  0.050000000000000044


##############################Output to stderr##############################
The Modest Toolset (www.modestchecker.net), version v3.1.41-g4406ba5c5.

