Command:	modes/modest modes philosophers.16.jani --props MinExpTimeDeadlock -E TIME_BOUND=1 -O out.txt Minimal --unsafe --width 1e-3 --relative-width
Wallclock time:	96.15452480316162
Return code:	0
Output:




philosophers.16.jani:model: info: Philosophers16 is a CTMC model and will be simulated as an MA.
philosophers.16.jani: info: Using default value of 0.95 for the confidence parameter.
philosophers.16.jani: warning: Using the Chow-Robbins method for fixed-width sequential confidence intervals, which guarantees the requested confidence only asymptotically for decreasing width.

Peak memory usage: 59 MB
Analysis results for philosophers.16.jani
Experiment TIME_BOUND=1.0
Status:          Finished
Simulation time: 95.1 s

+ Property Property "MinExpTimeDeadlock"
  Estimated value:     10.780626684099216
  Confidence interval: [10.769846066170322, 10.79140730202811]
  Runs used:           1138870
  Run type:            MA
  Status:              Finished

  + Sample data
    Mean:     10.780626684099216
    Variance: 34.45603344199986
    Skewness: 1.4189144129566995
    Kurtosis: 6.3477399672474695

  + Error bounds
    Statement: CI: 100(1 - α)% of intervals contain true value (CLT assumption)
    α:         0.050000000000000044


##############################Output to stderr##############################
The Modest Toolset (www.modestchecker.net), version v3.1.39-gc5bf1c138.

