Command:	modes/modest modes --unsafe --max-run-length 0 nand.jani --props reliable -E N=60,K=4 -O out.txt Minimal --width 1e-3 --relative-width
Wallclock time:	1208.5479717254639
Return code:	0
Output:




nand.jani:model: info: nand is a DTMC model and will be simulated as an MDP using uniform resolution of nondeterminism.
nand.jani: info: Using default value of 0.95 for the confidence parameter.

Peak memory usage: 58 MB
Analysis results for nand.jani
Experiment N=60, K=4
Status:          Finished
Simulation time: 1207.5 s

+ Property Property "reliable"
  Estimated probability: 0.6868755003409731
  Runs used:             3372700
  Run type:              MDP
  Status:                Finished

  + Error bounds
    Statement: Adaptive: P(error > εp̂) < δ
    ε:         0.001
    δ:         0.050000000000000044


##############################Output to stderr##############################
The Modest Toolset (www.modestchecker.net), version v3.1.41-g4406ba5c5.

