Command:	modes/modest modes --unsafe --max-run-length 0 coupon.15-4.jani --props exp_draws -E B=5 -O out.txt Minimal -N 2147483647
Wallclock time:	600.543459892273
Return code:	0
Output:




coupon.15-4.jani:model: info: coupon.15-4 is a DTMC model and will be simulated as an MDP using uniform resolution of nondeterminism.
coupon.15-4.jani: info: Using default value of 0.95 for the confidence parameter.

Peak memory usage: 58 MB
Analysis results for coupon.15-4.jani
Experiment B=5
Status:          Cancelled (1% done)
Simulation time: 599.5 s

+ Property Property "exp_draws"
  Estimated value:     12.817963195107565
  Confidence interval: [12.815676495009122, 12.820249895206008]
  Runs used:           14103560
  Run type:            MDP
  Status:              Cancelled (1% done)

  + Sample data
    Mean:     12.817963195107565
    Variance: 19.19777906515296
    Skewness: 1.3171563763710195
    Kurtosis: 6.005376296681146

  + Error bounds
    Statement: CI: 100(1 - α)% of intervals contain true value (CLT assumption)
    α:         0.050000000000000044


##############################Output to stderr##############################
The Modest Toolset (www.modestchecker.net), version v3.1.41-g4406ba5c5.

