Command:	modes/modest modes readers-writers.40.jani --props exp_time_many_requests -O out.txt Minimal --unsafe --width 2e-2 --relative-width --lss Interruptible 1000000 -L 1000
Wallclock time:	600.5497577190399
Return code:	0
Output:




readers-writers.40.jani:model: info: ReadersWriters is an MA model and will be simulated as an MA.
readers-writers.40.jani: info: Using default value of 0.95 for the confidence parameter.
readers-writers.40.jani: warning: Using the Chow-Robbins method for fixed-width sequential confidence intervals, which guarantees the requested confidence only asymptotically for decreasing width.

Peak memory usage: 58 MB
Analysis results for readers-writers.40.jani
Status:          Finished
Simulation time: 599.5 s

+ Property Property "exp_time_many_requests"
  Estimated min. value:       3.7588925489700165
  Min. confidence interval:   [3.6837303917261233, 3.8340547062139096]
  Runs used (best scheduler): 2550
  Total runs used:            4713050
  Schedulers sampled:         4000
  Best scheduler:             973993677
  Run type:                   MA
  Status:                     Finished

  + Min. sample data
    Mean:     3.7588925489700165
    Variance: 2.8801155951050585
    Skewness: 1.902051606771022
    Kurtosis: 9.052819438392849

  + Error bounds
    Scheduler sampling: The result is an upper bound for the true min. value.
    Statement:          CI: 100(1 - α)% of intervals contain true value (CLT assumption)
    α:                  0.050000000000000044


##############################Output to stderr##############################
The Modest Toolset (www.modestchecker.net), version v3.1.39-gc5bf1c138.

