Command:	modes/modest modes philosophers.20.jani --props MinExpTimeDeadlock -E TIME_BOUND=1 -O out.txt Minimal -N 2147483647
Wallclock time:	600.5503170490265
Return code:	0
Output:




philosophers.20.jani:model: info: Philosophers20 is a CTMC model and will be simulated as an MA.
philosophers.20.jani: info: Using default value of 0.95 for the confidence parameter.

Peak memory usage: 68 MB
Analysis results for philosophers.20.jani
Experiment TIME_BOUND=1.0
Status:          Cancelled
Simulation time: 599.4 s

+ Property Property "MinExpTimeDeadlock"
  Estimated value:     11.768561107082878
  Confidence interval: [11.763037171557153, 11.774085042608602]
  Runs used:           4473780
  Run type:            MA
  Status:              Cancelled

  + Sample data
    Mean:     11.768561107082878
    Variance: 35.53658114834207
    Skewness: 1.3722913138341215
    Kurtosis: 6.167046893559079

  + Error bounds
    Statement: CI: 100(1 - α)% of intervals contain true value (CLT assumption)
    α:         0.050000000000000044


##############################Output to stderr##############################
The Modest Toolset (www.modestchecker.net), version v3.1.39-gc5bf1c138.

