Command:	modes/modest modes coupon.15-4.jani --props exp_draws -E B=5 -O out.txt Minimal --width 5e-2 --relative-width
Wallclock time:	1.2022759914398193
Return code:	0
Output:




coupon.15-4.jani:model: info: coupon.15-4 is a DTMC model and will be simulated as an MDP using uniform resolution of nondeterminism.
coupon.15-4.jani: info: Using default value of 0.95 for the confidence parameter.
coupon.15-4.jani: warning: Using the Chow-Robbins method for fixed-width sequential confidence intervals, which guarantees the requested confidence only asymptotically for decreasing width.

Peak memory usage: 57 MB
Analysis results for coupon.15-4.jani
Experiment B=5
Status:          Finished
Simulation time: 0.2 s

+ Property Property "exp_draws"
  Estimated value:     12.876470588235296
  Confidence interval: [12.23657126158066, 13.516369914889932]
  Runs used:           170
  Run type:            MDP
  Status:              Finished

  + Sample data
    Mean:     12.876470588235296
    Variance: 18.12074486599374
    Skewness: 1.4890381680646283
    Kurtosis: 7.007057026015844

  + Error bounds
    Statement: CI: 100(1 - α)% of intervals contain true value (CLT assumption)
    α:         0.050000000000000044


##############################Output to stderr##############################
The Modest Toolset (www.modestchecker.net), version v3.1.39-gc5bf1c138.

