Command:	modes/modest modes coupon.9-4.jani --props exp_draws -E B=5 -O out.txt Minimal --unsafe --width 1e-3 --relative-width
Wallclock time:	9.667171716690063
Return code:	0
Output:




coupon.9-4.jani:model: info: coupon.9-4 is a DTMC model and will be simulated as an MDP using uniform resolution of nondeterminism.
coupon.9-4.jani: info: Using default value of 0.95 for the confidence parameter.
coupon.9-4.jani: warning: Using the Chow-Robbins method for fixed-width sequential confidence intervals, which guarantees the requested confidence only asymptotically for decreasing width.

Peak memory usage: 56 MB
Analysis results for coupon.9-4.jani
Experiment B=5
Status:          Finished
Simulation time: 8.7 s

+ Property Property "exp_draws"
  Estimated value:     6.734455497976254
  Confidence interval: [6.7277211128941055, 6.741189883058402]
  Runs used:           528740
  Run type:            MDP
  Status:              Finished

  + Sample data
    Mean:     6.734455497976254
    Variance: 6.242260339671812
    Skewness: 1.387944192548268
    Kurtosis: 6.315051496740979

  + Error bounds
    Statement: CI: 100(1 - α)% of intervals contain true value (CLT assumption)
    α:         0.050000000000000044


##############################Output to stderr##############################
The Modest Toolset (www.modestchecker.net), version v3.1.39-gc5bf1c138.

