Command:	modes/modest modes --unsafe --max-run-length 0 embedded.jani --props actuators -E MAX_COUNT=8,T=12 -O out.txt Minimal -N 2147483647
Wallclock time:	600.7229993343353
Return code:	0
Output:




embedded.jani:model: info: embedded is a CTMC model and will be simulated as an MA.
embedded.jani: info: Using default value of 0.95 for the confidence parameter.

Peak memory usage: 58 MB
Analysis results for embedded.jani
Experiment MAX_COUNT=8, T=12.0
Status:          Cancelled
Simulation time: 599.7 s

+ Property Property "actuators"
  Estimated probability: 0.10432727272727273
  Runs used:             27500
  Run type:              MA
  Status:                Cancelled

  + Error bounds
    Statement: Aborted: no error bounds


##############################Output to stderr##############################
The Modest Toolset (www.modestchecker.net), version v3.1.41-g4406ba5c5.

