Command:	modes/modest modes --unsafe --max-run-length 0 mapk_cascade.jani --props reactions -E N=4,T=30 -O out.txt Minimal --width 5e-2 --relative-width
Wallclock time:	1.3278398513793945
Return code:	0
Output:




mapk_cascade.jani:model: info: mapk_cascade is a CTMC model and will be simulated as an MA.
mapk_cascade.jani: info: Using default value of 0.95 for the confidence parameter.
mapk_cascade.jani: warning: Using the Chow-Robbins method for relative-width sequential confidence intervals, which guarantees the requested confidence only asymptotically for decreasing width.

Peak memory usage: 58 MB
Analysis results for mapk_cascade.jani
Experiment N=4, T=30.0
Status:          Finished
Simulation time: 0.3 s

+ Property Property "reactions"
  Estimated value:     49.51764705882353
  Confidence interval: [47.13134080080869, 51.90395331683837]
  Runs used:           170
  Run type:            MA
  Status:              Finished

  + Sample data
    Mean:     49.51764705882353
    Variance: 252.0026453184825
    Skewness: -0.03507126042413946
    Kurtosis: 2.8473158999036494

  + Error bounds
    Statement: CI: 100(1 - α)% of intervals contain true value (CLT assumption)
    α:         0.050000000000000044


##############################Output to stderr##############################
The Modest Toolset (www.modestchecker.net), version v3.1.41-g4406ba5c5.

