Command:	modes/modest modes --unsafe --max-run-length 0 egl.jani --props unfairA -E N=10,L=8 -O out.txt Minimal -N 2147483647
Wallclock time:	600.551029920578
Return code:	0
Output:




egl.jani:model: info: egl is a DTMC model and will be simulated as an MDP using uniform resolution of nondeterminism.
egl.jani: info: Using default value of 0.95 for the confidence parameter.

Peak memory usage: 61 MB
Analysis results for egl.jani
Experiment N=10, L=8
Status:          Cancelled
Simulation time: 599.4 s

+ Property Property "unfairA"
  Estimated probability: 0.5002923190101339
  Runs used:             3085670
  Run type:              MDP
  Status:                Cancelled

  + Error bounds
    Statement: Aborted: no error bounds


##############################Output to stderr##############################
The Modest Toolset (www.modestchecker.net), version v3.1.41-g4406ba5c5.

